2014-10-25 00:01:01 /tmp/gateway.store.cache.php updated and reload workers
2014-10-25 00:01:02 /tmp/gateway.store.cache.php updated and reload workers
2014-10-25 00:35:58 /tmp/gateway.store.cache.php updated and reload workers
2014-10-25 00:36:08 /tmp/gateway.store.cache.php updated and reload workers
2014-10-25 00:37:24 /tmp/gateway.store.cache.php updated and reload workers
2014-10-25 00:37:32 /tmp/gateway.store.cache.php updated and reload workers
2014-10-25 00:37:37 /tmp/gateway.store.cache.php updated and reload workers
2014-10-25 00:41:28 /tmp/gateway.store.cache.php updated and reload workers
2014-10-25 00:42:19 /tmp/gateway.store.cache.php updated and reload workers
2014-10-25 00:42:28 /tmp/gateway.store.cache.php updated and reload workers
2014-10-25 00:42:29 /tmp/gateway.store.cache.php updated and reload workers
2014-10-25 00:42:31 /tmp/gateway.store.cache.php updated and reload workers
2014-10-25 00:42:32 /tmp/gateway.store.cache.php updated and reload workers
2014-10-25 00:42:33 /tmp/gateway.store.cache.php updated and reload workers
2014-10-25 00:42:37 /tmp/gateway.store.cache.php updated and reload workers
2014-10-25 00:42:38 /tmp/gateway.store.cache.php updated and reload workers
2014-10-25 00:43:03 /tmp/gateway.store.cache.php updated and reload workers
2014-10-25 00:43:03 Worker[FileMonitor]:terminal closed and reset workers fd
2014-10-25 11:24:53 Server:Workerman is starting ...
2014-10-25 11:24:54 Server:[1A
[KWorkerman start success ...[0m
2014-10-25 11:25:04 /tmp/gateway.store.cache.php updated and reload workers
2014-10-25 11:25:07 /tmp/gateway.store.cache.php updated and reload workers
2014-10-25 11:25:09 /tmp/gateway.store.cache.php updated and reload workers
2014-10-25 11:25:10 /tmp/gateway.store.cache.php updated and reload workers
2014-10-25 11:25:11 /tmp/gateway.store.cache.php updated and reload workers
2014-10-25 11:26:13 /tmp/gateway.store.cache.php updated and reload workers
2014-10-25 12:21:43 Worker[BusinessWorker]:WORKER EXIT UNEXPECTED  E_WARNING file_get_contents(/var/run/workerman-chat.pid): failed to open stream: No such file or directory in /var/www/html/nws_v2/websocket/workerman/Core/Lib/Checker.php on line 276
2014-10-25 12:21:43 /tmp/gateway.store.cache.php updated and reload workers
2014-10-25 12:21:43 Worker[FileMonitor]:terminal closed and reset workers fd
2014-10-25 18:29:54 Server:Workerman is starting ...
2014-10-25 18:29:54 Server:[1A
[KWorkerman start success ...[0m
2014-10-25 21:32:56 Worker[FileMonitor]:terminal closed and reset workers fd
