2014-08-27 15:42:53 Server:Workerman is starting ...
2014-08-27 15:42:53 Server:[1A
[KWorkerman start success ...[0m
2014-08-27 15:43:08 /tmp/gateway.store.cache.php updated and reload workers
2014-08-27 15:43:11 /tmp/gateway.store.cache.php updated and reload workers
2014-08-27 15:43:12 /tmp/gateway.store.cache.php updated and reload workers
2014-08-27 15:45:55 /tmp/gateway.store.cache.php updated and reload workers
2014-08-27 15:46:21 /tmp/gateway.store.cache.php updated and reload workers
2014-08-27 15:46:50 /tmp/gateway.store.cache.php updated and reload workers
2014-08-27 15:47:30 /tmp/gateway.store.cache.php updated and reload workers
2014-08-27 15:47:54 /tmp/gateway.store.cache.php updated and reload workers
2014-08-27 15:48:33 /tmp/gateway.store.cache.php updated and reload workers
2014-08-27 16:09:12 /tmp/gateway.store.cache.php updated and reload workers
2014-08-27 16:25:15 /tmp/gateway.store.cache.php updated and reload workers
2014-08-27 16:25:17 /tmp/gateway.store.cache.php updated and reload workers
2014-08-27 19:12:13 /tmp/gateway.store.cache.php updated and reload workers
2014-08-27 19:12:15 /tmp/gateway.store.cache.php updated and reload workers
2014-08-27 19:12:16 /tmp/gateway.store.cache.php updated and reload workers
2014-08-27 19:12:17 /tmp/gateway.store.cache.php updated and reload workers
2014-08-27 19:12:50 /tmp/gateway.store.cache.php updated and reload workers
2014-08-27 19:13:24 /tmp/gateway.store.cache.php updated and reload workers
2014-08-27 19:13:54 /tmp/gateway.store.cache.php updated and reload workers
2014-08-27 19:15:23 /tmp/gateway.store.cache.php updated and reload workers
2014-08-27 19:15:53 /tmp/gateway.store.cache.php updated and reload workers
2014-08-27 19:26:01 /tmp/gateway.store.cache.php updated and reload workers
2014-08-27 19:26:12 Worker[FileMonitor]:terminal closed and reset workers fd
2014-08-27 23:07:12 Server:Workerman is starting ...
2014-08-27 23:07:12 Server:[1A
[KWorkerman start success ...[0m
2014-08-27 23:07:20 /tmp/gateway.store.cache.php updated and reload workers
2014-08-27 23:07:22 /tmp/gateway.store.cache.php updated and reload workers
2014-08-27 23:07:23 /tmp/gateway.store.cache.php updated and reload workers
2014-08-27 23:09:54 /var/www/html/nws_v2/websocket/applications/Chat/Event.php updated and reload workers
2014-08-27 23:33:44 /var/www/html/nws_v2/websocket/applications/Chat/Event.php updated and reload workers
2014-08-27 23:34:03 /var/www/html/nws_v2/websocket/applications/Chat/Event.php updated and reload workers
2014-08-27 23:34:13 /tmp/gateway.store.cache.php updated and reload workers
2014-08-27 23:34:15 /tmp/gateway.store.cache.php updated and reload workers
2014-08-27 23:34:33 /var/www/html/nws_v2/websocket/applications/Chat/Event.php updated and reload workers
2014-08-27 23:34:49 /var/www/html/nws_v2/websocket/applications/Chat/Event.php updated and reload workers
2014-08-27 23:41:18 /var/www/html/nws_v2/websocket/applications/Chat/Event.php updated and reload workers
2014-08-27 23:41:23 /var/www/html/nws_v2/websocket/applications/Chat/Event.php updated and reload workers
2014-08-27 23:46:39 /var/www/html/nws_v2/websocket/applications/Chat/Event.php updated and reload workers
2014-08-27 23:48:28 /tmp/gateway.store.cache.php updated and reload workers
2014-08-27 23:50:28 /tmp/gateway.store.cache.php updated and reload workers
2014-08-27 23:50:29 /tmp/gateway.store.cache.php updated and reload workers
2014-08-27 23:51:30 /tmp/gateway.store.cache.php updated and reload workers
2014-08-27 23:51:31 /tmp/gateway.store.cache.php updated and reload workers
2014-08-27 23:55:05 /tmp/gateway.store.cache.php updated and reload workers
2014-08-27 23:56:32 /tmp/gateway.store.cache.php updated and reload workers
2014-08-27 23:56:33 /tmp/gateway.store.cache.php updated and reload workers
2014-08-27 23:56:55 /tmp/gateway.store.cache.php updated and reload workers
2014-08-27 23:56:56 /tmp/gateway.store.cache.php updated and reload workers
2014-08-27 23:57:53 /tmp/gateway.store.cache.php updated and reload workers
2014-08-27 23:58:54 /tmp/gateway.store.cache.php updated and reload workers
2014-08-27 23:59:59 /tmp/gateway.store.cache.php updated and reload workers
