2014-08-13 20:57:00 Server:Workerman is starting ...
2014-08-13 20:57:00 Server:[1A
[KWorkerman start success ...[0m
2014-08-13 20:57:20 /tmp/gateway.store.cache.php updated and reload workers
2014-08-13 20:57:23 /tmp/gateway.store.cache.php updated and reload workers
2014-08-13 20:58:47 /tmp/gateway.store.cache.php updated and reload workers
2014-08-13 20:58:59 /tmp/gateway.store.cache.php updated and reload workers
2014-08-13 21:03:11 /tmp/gateway.store.cache.php updated and reload workers
2014-08-13 21:04:23 /tmp/gateway.store.cache.php updated and reload workers
2014-08-13 21:05:43 /tmp/gateway.store.cache.php updated and reload workers
2014-08-13 21:06:08 /tmp/gateway.store.cache.php updated and reload workers
2014-08-13 21:06:23 /tmp/gateway.store.cache.php updated and reload workers
2014-08-13 21:06:24 /tmp/gateway.store.cache.php updated and reload workers
2014-08-13 21:06:29 /tmp/gateway.store.cache.php updated and reload workers
2014-08-13 21:06:31 /tmp/gateway.store.cache.php updated and reload workers
2014-08-13 21:06:32 /tmp/gateway.store.cache.php updated and reload workers
2014-08-13 21:08:33 /tmp/gateway.store.cache.php updated and reload workers
2014-08-13 21:08:34 /tmp/gateway.store.cache.php updated and reload workers
2014-08-13 21:08:52 /tmp/gateway.store.cache.php updated and reload workers
2014-08-13 21:08:53 /tmp/gateway.store.cache.php updated and reload workers
2014-08-13 21:11:09 /tmp/gateway.store.cache.php updated and reload workers
2014-08-13 21:11:44 /tmp/gateway.store.cache.php updated and reload workers
2014-08-13 21:11:47 /tmp/gateway.store.cache.php updated and reload workers
2014-08-13 21:12:35 /tmp/gateway.store.cache.php updated and reload workers
2014-08-13 21:13:27 /tmp/gateway.store.cache.php updated and reload workers
2014-08-13 21:13:31 /tmp/gateway.store.cache.php updated and reload workers
2014-08-13 21:13:34 /tmp/gateway.store.cache.php updated and reload workers
2014-08-13 21:13:35 /tmp/gateway.store.cache.php updated and reload workers
2014-08-13 21:36:12 /tmp/gateway.store.cache.php updated and reload workers
2014-08-13 21:36:14 /tmp/gateway.store.cache.php updated and reload workers
2014-08-13 21:36:15 /tmp/gateway.store.cache.php updated and reload workers
2014-08-13 21:36:23 /tmp/gateway.store.cache.php updated and reload workers
2014-08-13 21:36:24 /tmp/gateway.store.cache.php updated and reload workers
2014-08-13 21:41:48 /tmp/gateway.store.cache.php updated and reload workers
2014-08-13 21:44:11 /tmp/gateway.store.cache.php updated and reload workers
2014-08-13 21:45:47 /tmp/gateway.store.cache.php updated and reload workers
2014-08-13 21:46:15 /tmp/gateway.store.cache.php updated and reload workers
2014-08-13 21:47:52 /tmp/gateway.store.cache.php updated and reload workers
2014-08-13 21:47:58 /tmp/gateway.store.cache.php updated and reload workers
2014-08-13 21:49:12 /tmp/gateway.store.cache.php updated and reload workers
2014-08-13 23:16:05 /tmp/gateway.store.cache.php updated and reload workers
2014-08-13 23:16:06 /tmp/gateway.store.cache.php updated and reload workers
2014-08-13 23:16:08 /tmp/gateway.store.cache.php updated and reload workers
2014-08-13 23:16:26 /tmp/gateway.store.cache.php updated and reload workers
2014-08-13 23:16:40 /tmp/gateway.store.cache.php updated and reload workers
2014-08-13 23:17:12 /tmp/gateway.store.cache.php updated and reload workers
2014-08-13 23:18:38 /tmp/gateway.store.cache.php updated and reload workers
2014-08-13 23:41:10 /tmp/gateway.store.cache.php updated and reload workers
2014-08-13 23:41:47 /tmp/gateway.store.cache.php updated and reload workers
2014-08-13 23:41:53 /tmp/gateway.store.cache.php updated and reload workers
2014-08-13 23:42:10 /tmp/gateway.store.cache.php updated and reload workers
2014-08-13 23:42:36 /tmp/gateway.store.cache.php updated and reload workers
2014-08-13 23:53:25 Worker[FileMonitor]:terminal closed and reset workers fd
