2014-10-29 20:24:59 Server:Workerman is starting ...
2014-10-29 20:24:59 Server:[1A
[KWorkerman start success ...[0m
2014-10-29 20:25:18 /tmp/gateway.store.cache.php updated and reload workers
2014-10-29 20:25:24 /tmp/gateway.store.cache.php updated and reload workers
2014-10-29 20:25:26 /tmp/gateway.store.cache.php updated and reload workers
2014-10-29 20:25:31 /tmp/gateway.store.cache.php updated and reload workers
2014-10-29 20:25:33 /tmp/gateway.store.cache.php updated and reload workers
2014-10-29 20:25:35 /tmp/gateway.store.cache.php updated and reload workers
2014-10-29 20:27:15 /tmp/gateway.store.cache.php updated and reload workers
2014-10-29 20:27:23 /tmp/gateway.store.cache.php updated and reload workers
2014-10-29 20:27:26 /tmp/gateway.store.cache.php updated and reload workers
2014-10-29 20:28:37 /tmp/gateway.store.cache.php updated and reload workers
2014-10-29 20:28:38 /tmp/gateway.store.cache.php updated and reload workers
2014-10-29 20:28:41 /tmp/gateway.store.cache.php updated and reload workers
2014-10-29 20:28:42 /tmp/gateway.store.cache.php updated and reload workers
2014-10-29 20:28:43 /tmp/gateway.store.cache.php updated and reload workers
2014-10-29 20:28:46 /tmp/gateway.store.cache.php updated and reload workers
2014-10-29 20:29:02 /tmp/gateway.store.cache.php updated and reload workers
2014-10-29 20:29:05 /tmp/gateway.store.cache.php updated and reload workers
2014-10-29 20:29:44 /tmp/gateway.store.cache.php updated and reload workers
2014-10-29 20:29:45 /tmp/gateway.store.cache.php updated and reload workers
2014-10-29 20:29:57 /tmp/gateway.store.cache.php updated and reload workers
2014-10-29 20:29:58 /tmp/gateway.store.cache.php updated and reload workers
2014-10-29 20:34:37 /tmp/gateway.store.cache.php updated and reload workers
2014-10-29 20:34:45 /tmp/gateway.store.cache.php updated and reload workers
2014-10-29 20:34:46 /tmp/gateway.store.cache.php updated and reload workers
2014-10-29 20:34:48 /tmp/gateway.store.cache.php updated and reload workers
2014-10-29 20:34:49 /tmp/gateway.store.cache.php updated and reload workers
2014-10-29 20:35:00 /tmp/gateway.store.cache.php updated and reload workers
2014-10-29 20:35:01 /tmp/gateway.store.cache.php updated and reload workers
2014-10-29 20:35:02 /tmp/gateway.store.cache.php updated and reload workers
2014-10-29 20:35:09 /tmp/gateway.store.cache.php updated and reload workers
2014-10-29 20:35:11 /tmp/gateway.store.cache.php updated and reload workers
2014-10-29 20:44:19 /tmp/gateway.store.cache.php updated and reload workers
2014-10-29 20:44:20 /tmp/gateway.store.cache.php updated and reload workers
2014-10-29 20:44:43 /tmp/gateway.store.cache.php updated and reload workers
2014-10-29 20:44:45 /tmp/gateway.store.cache.php updated and reload workers
2014-10-29 20:44:46 /tmp/gateway.store.cache.php updated and reload workers
2014-10-29 21:07:28 /tmp/gateway.store.cache.php updated and reload workers
2014-10-29 21:07:31 /tmp/gateway.store.cache.php updated and reload workers
2014-10-29 21:08:01 /tmp/gateway.store.cache.php updated and reload workers
2014-10-29 21:08:02 /tmp/gateway.store.cache.php updated and reload workers
2014-10-29 21:08:25 /tmp/gateway.store.cache.php updated and reload workers
2014-10-29 21:08:27 /tmp/gateway.store.cache.php updated and reload workers
2014-10-29 21:08:28 /tmp/gateway.store.cache.php updated and reload workers
2014-10-29 21:12:40 /tmp/gateway.store.cache.php updated and reload workers
2014-10-29 21:12:41 /tmp/gateway.store.cache.php updated and reload workers
2014-10-29 21:13:02 /tmp/gateway.store.cache.php updated and reload workers
2014-10-29 21:13:03 /tmp/gateway.store.cache.php updated and reload workers
2014-10-29 21:13:26 /tmp/gateway.store.cache.php updated and reload workers
2014-10-29 21:13:28 /tmp/gateway.store.cache.php updated and reload workers
2014-10-29 21:13:30 /tmp/gateway.store.cache.php updated and reload workers
2014-10-29 21:13:31 /tmp/gateway.store.cache.php updated and reload workers
2014-10-29 21:13:32 /tmp/gateway.store.cache.php updated and reload workers
2014-10-29 21:13:33 /tmp/gateway.store.cache.php updated and reload workers
2014-10-29 21:13:37 /tmp/gateway.store.cache.php updated and reload workers
2014-10-29 21:13:38 /tmp/gateway.store.cache.php updated and reload workers
2014-10-29 21:13:42 /tmp/gateway.store.cache.php updated and reload workers
2014-10-29 21:13:56 /tmp/gateway.store.cache.php updated and reload workers
2014-10-29 21:14:01 /tmp/gateway.store.cache.php updated and reload workers
2014-10-29 21:14:12 /tmp/gateway.store.cache.php updated and reload workers
2014-10-29 21:14:14 /tmp/gateway.store.cache.php updated and reload workers
2014-10-29 21:14:15 /tmp/gateway.store.cache.php updated and reload workers
2014-10-29 21:14:16 /tmp/gateway.store.cache.php updated and reload workers
2014-10-29 21:14:18 /tmp/gateway.store.cache.php updated and reload workers
2014-10-29 21:14:19 /tmp/gateway.store.cache.php updated and reload workers
2014-10-29 21:14:49 /tmp/gateway.store.cache.php updated and reload workers
2014-10-29 21:14:50 /tmp/gateway.store.cache.php updated and reload workers
2014-10-29 21:14:52 /tmp/gateway.store.cache.php updated and reload workers
2014-10-29 21:14:53 /tmp/gateway.store.cache.php updated and reload workers
2014-10-29 21:15:18 /tmp/gateway.store.cache.php updated and reload workers
2014-10-29 21:15:20 /tmp/gateway.store.cache.php updated and reload workers
2014-10-29 21:15:22 /tmp/gateway.store.cache.php updated and reload workers
2014-10-29 21:15:24 /tmp/gateway.store.cache.php updated and reload workers
2014-10-29 21:18:06 /tmp/gateway.store.cache.php updated and reload workers
2014-10-29 21:18:07 /tmp/gateway.store.cache.php updated and reload workers
2014-10-29 21:18:08 /tmp/gateway.store.cache.php updated and reload workers
2014-10-29 21:18:09 /tmp/group.store.cache.php updated and reload workers
2014-10-29 21:19:00 /tmp/gateway.store.cache.php updated and reload workers
2014-10-29 21:19:01 /tmp/gateway.store.cache.php updated and reload workers
2014-10-29 21:19:04 /tmp/gateway.store.cache.php updated and reload workers
2014-10-29 21:19:07 /tmp/gateway.store.cache.php updated and reload workers
2014-10-29 21:19:08 /tmp/gateway.store.cache.php updated and reload workers
2014-10-29 21:19:09 /tmp/gateway.store.cache.php updated and reload workers
2014-10-29 21:19:42 /tmp/gateway.store.cache.php updated and reload workers
2014-10-29 21:19:43 /tmp/gateway.store.cache.php updated and reload workers
2014-10-29 21:23:39 /tmp/gateway.store.cache.php updated and reload workers
2014-10-29 21:23:42 /tmp/gateway.store.cache.php updated and reload workers
2014-10-29 21:25:01 /tmp/gateway.store.cache.php updated and reload workers
2014-10-29 21:25:07 /tmp/gateway.store.cache.php updated and reload workers
2014-10-29 21:25:10 /tmp/gateway.store.cache.php updated and reload workers
2014-10-29 21:25:19 /tmp/gateway.store.cache.php updated and reload workers
2014-10-29 21:25:20 /tmp/gateway.store.cache.php updated and reload workers
2014-10-29 21:26:28 /tmp/gateway.store.cache.php updated and reload workers
2014-10-29 21:26:29 /tmp/gateway.store.cache.php updated and reload workers
2014-10-29 21:26:30 /tmp/gateway.store.cache.php updated and reload workers
2014-10-29 21:26:32 /tmp/gateway.store.cache.php updated and reload workers
2014-10-29 21:26:36 /tmp/gateway.store.cache.php updated and reload workers
2014-10-29 21:26:53 Worker[FileMonitor]:terminal closed and reset workers fd
2014-10-29 23:38:23 Server:Workerman is starting ...
2014-10-29 23:38:23 Server:[1A
[KWorkerman start success ...[0m
2014-10-29 23:38:25 /tmp/gateway.store.cache.php updated and reload workers
2014-10-29 23:40:03 /tmp/gateway.store.cache.php updated and reload workers
2014-10-29 23:40:04 /tmp/gateway.store.cache.php updated and reload workers
2014-10-29 23:40:29 /tmp/gateway.store.cache.php updated and reload workers
2014-10-29 23:40:30 /tmp/gateway.store.cache.php updated and reload workers
2014-10-29 23:40:45 /tmp/gateway.store.cache.php updated and reload workers
2014-10-29 23:49:20 /tmp/gateway.store.cache.php updated and reload workers
2014-10-29 23:49:21 /tmp/gateway.store.cache.php updated and reload workers
2014-10-29 23:49:36 /tmp/gateway.store.cache.php updated and reload workers
2014-10-29 23:49:45 /tmp/gateway.store.cache.php updated and reload workers
2014-10-29 23:51:16 /tmp/gateway.store.cache.php updated and reload workers
2014-10-29 23:51:17 /tmp/gateway.store.cache.php updated and reload workers
2014-10-29 23:51:21 /tmp/gateway.store.cache.php updated and reload workers
2014-10-29 23:51:25 /tmp/gateway.store.cache.php updated and reload workers
2014-10-29 23:51:33 /tmp/gateway.store.cache.php updated and reload workers
2014-10-29 23:55:17 /tmp/gateway.store.cache.php updated and reload workers
