2014-11-06 00:23:12 Server:Workerman is starting ...
2014-11-06 00:23:12 Server:[1A
[KWorkerman start success ...[0m
2014-11-06 00:23:21 /tmp/gateway.store.cache.php updated and reload workers
2014-11-06 00:23:23 /tmp/gateway.store.cache.php updated and reload workers
2014-11-06 00:23:24 /tmp/gateway.store.cache.php updated and reload workers
2014-11-06 00:50:42 /tmp/gateway.store.cache.php updated and reload workers
2014-11-06 00:50:51 Worker[FileMonitor]:terminal closed and reset workers fd
2014-11-06 20:11:35 Server:Workerman is starting ...
2014-11-06 20:11:36 Server:[1A
[KWorkerman start success ...[0m
2014-11-06 20:11:44 /tmp/gateway.store.cache.php updated and reload workers
2014-11-06 20:11:46 /tmp/gateway.store.cache.php updated and reload workers
2014-11-06 20:48:51 /tmp/gateway.store.cache.php updated and reload workers
2014-11-06 20:49:29 /tmp/gateway.store.cache.php updated and reload workers
2014-11-06 22:32:44 /tmp/gateway.store.cache.php updated and reload workers
2014-11-06 22:38:54 /tmp/gateway.store.cache.php updated and reload workers
2014-11-06 22:38:57 /tmp/gateway.store.cache.php updated and reload workers
2014-11-06 22:38:58 /tmp/gateway.store.cache.php updated and reload workers
2014-11-06 22:48:57 /tmp/gateway.store.cache.php updated and reload workers
2014-11-06 22:48:59 /tmp/gateway.store.cache.php updated and reload workers
2014-11-06 22:49:00 /tmp/gateway.store.cache.php updated and reload workers
2014-11-06 23:38:30 /tmp/gateway.store.cache.php updated and reload workers
