2014-10-13 20:40:40 Server:Workerman is starting ...
2014-10-13 20:40:40 Server:[1A
[KWorkerman start success ...[0m
2014-10-13 20:41:36 Server:Workerman is shutting down
2014-10-13 20:41:36 Server:Workerman stoped
2014-10-13 20:41:39 Server:Workerman is starting ...
2014-10-13 20:41:39 Server:[1A
[KWorkerman start success ...[0m
2014-10-13 20:45:47 Server:Workerman is shutting down
2014-10-13 20:45:47 Server:Workerman stoped
2014-10-13 20:45:48 Server:Workerman is starting ...
2014-10-13 20:45:48 Server:[1A
[KWorkerman start success ...[0m
2014-10-13 20:47:51 /tmp/gateway.store.cache.php updated and reload workers
2014-10-13 20:47:54 /tmp/gateway.store.cache.php updated and reload workers
2014-10-13 20:53:47 Server:Workerman is shutting down
2014-10-13 20:53:47 Server:Workerman stoped
2014-10-13 20:53:48 Server:Workerman is starting ...
2014-10-13 20:53:48 Server:[1A
[KWorkerman start success ...[0m
2014-10-13 20:53:51 /tmp/gateway.store.cache.php updated and reload workers
2014-10-13 20:53:53 /tmp/gateway.store.cache.php updated and reload workers
2014-10-13 20:54:22 Server:Workerman is starting ...
2014-10-13 20:54:22 Server:[33;40mWorkerman already started[0m
2014-10-13 20:54:30 Server:Workerman is shutting down
2014-10-13 20:54:30 Server:Workerman stoped
2014-10-13 20:54:32 Server:Workerman is starting ...
2014-10-13 20:54:32 Server:[1A
[KWorkerman start success ...[0m
2014-10-13 20:55:43 /tmp/gateway.store.cache.php updated and reload workers
2014-10-13 20:56:18 /tmp/gateway.store.cache.php updated and reload workers
2014-10-13 21:02:48 /tmp/gateway.store.cache.php updated and reload workers
2014-10-13 21:02:59 /tmp/gateway.store.cache.php updated and reload workers
2014-10-13 21:03:05 /tmp/gateway.store.cache.php updated and reload workers
2014-10-13 21:03:07 /tmp/gateway.store.cache.php updated and reload workers
2014-10-13 21:03:09 /tmp/gateway.store.cache.php updated and reload workers
2014-10-13 21:03:12 /tmp/gateway.store.cache.php updated and reload workers
2014-10-13 21:22:19 /tmp/gateway.store.cache.php updated and reload workers
2014-10-13 21:22:19 Worker[FileMonitor]:terminal closed and reset workers fd
2014-10-13 23:58:27 Server:Workerman is starting ...
2014-10-13 23:58:28 Server:[1A
[KWorkerman start success ...[0m
2014-10-13 23:58:44 /tmp/gateway.store.cache.php updated and reload workers
2014-10-13 23:58:46 /tmp/gateway.store.cache.php updated and reload workers
2014-10-13 23:59:24 /tmp/gateway.store.cache.php updated and reload workers
