2014-08-30 14:29:35 Server:Workerman is starting ...
2014-08-30 14:29:35 Server:[1A
[KWorkerman start success ...[0m
2014-08-30 14:29:48 /tmp/gateway.store.cache.php updated and reload workers
2014-08-30 14:29:51 /tmp/gateway.store.cache.php updated and reload workers
2014-08-30 14:29:53 /tmp/gateway.store.cache.php updated and reload workers
2014-08-30 15:12:12 /tmp/gateway.store.cache.php updated and reload workers
2014-08-30 15:12:26 /tmp/gateway.store.cache.php updated and reload workers
2014-08-30 15:14:26 /tmp/gateway.store.cache.php updated and reload workers
2014-08-30 15:14:27 /tmp/gateway.store.cache.php updated and reload workers
2014-08-30 15:15:29 /tmp/gateway.store.cache.php updated and reload workers
2014-08-30 15:15:30 /tmp/gateway.store.cache.php updated and reload workers
2014-08-30 15:19:34 /tmp/gateway.store.cache.php updated and reload workers
2014-08-30 15:19:35 /tmp/gateway.store.cache.php updated and reload workers
2014-08-30 15:20:35 /tmp/gateway.store.cache.php updated and reload workers
2014-08-30 15:20:36 /tmp/gateway.store.cache.php updated and reload workers
2014-08-30 15:21:04 /tmp/gateway.store.cache.php updated and reload workers
2014-08-30 15:21:09 /tmp/gateway.store.cache.php updated and reload workers
2014-08-30 15:22:30 /tmp/gateway.store.cache.php updated and reload workers
2014-08-30 15:22:34 /tmp/gateway.store.cache.php updated and reload workers
2014-08-30 15:54:55 /tmp/gateway.store.cache.php updated and reload workers
2014-08-30 15:54:56 /tmp/gateway.store.cache.php updated and reload workers
2014-08-30 17:48:33 /tmp/gateway.store.cache.php updated and reload workers
2014-08-30 17:48:35 /tmp/gateway.store.cache.php updated and reload workers
2014-08-30 19:45:38 /tmp/gateway.store.cache.php updated and reload workers
2014-08-30 19:45:39 Server:worker[7737:BusinessWorker] exit with status 12
2014-08-30 19:45:39 Server:worker[7730:BusinessWorker] exit with status 12
2014-08-30 19:45:39 Server:worker[7732:Monitor] exit with status 12
2014-08-30 19:45:39 Server:worker[7734:ChatWeb] exit with status 12
2014-08-30 19:45:39 Server:worker[7736:BusinessWorker] exit with status 12
2014-08-30 19:45:39 Server:worker[7738:StatisticWorker] exit with status 12
2014-08-30 19:45:39 Server:worker[7740:StatisticProvider] exit with status 12
2014-08-30 19:45:39 Server:worker[7743:BusinessWorker] exit with status 12
2014-08-30 19:45:39 Server:worker[7744:StatisticWeb] exit with status 12
2014-08-30 19:45:40 Server:worker[26781:BusinessWorker] exit with status 12
2014-08-30 19:45:40 Server:worker[26780:BusinessWorker] exit with status 12
2014-08-30 19:45:40 Server:worker[26782:Monitor] exit with status 12
2014-08-30 19:45:40 Server:worker[26783:ChatWeb] exit with status 12
2014-08-30 19:45:40 Server:worker[26784:BusinessWorker] exit with status 12
2014-08-30 19:45:40 Server:worker[26785:StatisticWorker] exit with status 12
2014-08-30 19:45:40 Server:worker[26786:StatisticProvider] exit with status 12
2014-08-30 19:45:40 Server:worker[26787:BusinessWorker] exit with status 12
2014-08-30 19:45:40 Server:worker[26788:StatisticWeb] exit with status 12
2014-08-30 19:45:41 Server:worker[26814:StatisticWorker] exit with status 12
2014-08-30 19:45:41 Server:worker[26808:BusinessWorker] exit with status 12
2014-08-30 19:45:41 Server:worker[26809:BusinessWorker] exit with status 12
2014-08-30 19:45:41 Server:worker[26810:Monitor] exit with status 12
2014-08-30 19:45:41 Server:worker[26811:ChatWeb] exit with status 12
2014-08-30 19:45:41 Server:worker[26812:BusinessWorker] exit with status 12
2014-08-30 19:45:41 Server:worker[26815:StatisticProvider] exit with status 12
2014-08-30 19:45:41 Server:worker[26819:BusinessWorker] exit with status 12
2014-08-30 19:45:41 Server:worker[26820:StatisticWeb] exit with status 12
2014-08-30 19:45:42 Server:worker[26836:BusinessWorker] exit with status 12
2014-08-30 19:45:42 Server:worker[26835:StatisticWorker] exit with status 12
2014-08-30 19:45:42 Server:worker[26837:BusinessWorker] exit with status 12
2014-08-30 19:45:42 Server:worker[26838:Monitor] exit with status 12
2014-08-30 19:45:42 Server:worker[26840:ChatWeb] exit with status 12
2014-08-30 19:45:42 Server:worker[26843:BusinessWorker] exit with status 12
2014-08-30 19:45:42 Server:worker[26845:StatisticProvider] exit with status 12
2014-08-30 19:45:42 Server:worker[26847:BusinessWorker] exit with status 12
2014-08-30 19:45:42 Server:worker[26848:StatisticWeb] exit with status 12
2014-08-30 19:45:43 Server:worker[26863:BusinessWorker] exit with status 12
2014-08-30 19:45:43 Server:worker[26861:BusinessWorker] exit with status 12
2014-08-30 19:45:43 Server:worker[26862:StatisticWorker] exit with status 12
2014-08-30 19:45:43 Server:worker[26864:Monitor] exit with status 12
2014-08-30 19:45:43 Server:worker[26866:ChatWeb] exit with status 12
2014-08-30 19:45:43 Server:worker[26867:BusinessWorker] exit with status 12
2014-08-30 19:45:43 Server:worker[26870:StatisticProvider] exit with status 12
2014-08-30 19:45:43 Server:worker[26871:BusinessWorker] exit with status 12
2014-08-30 19:45:43 Server:worker[26874:StatisticWeb] exit with status 12
2014-08-30 19:45:44 Server:worker[26889:BusinessWorker] exit with status 12
2014-08-30 19:45:44 Server:worker[26888:BusinessWorker] exit with status 12
2014-08-30 19:45:44 Server:worker[26890:StatisticWorker] exit with status 12
2014-08-30 19:45:44 Server:worker[26891:Monitor] exit with status 12
2014-08-30 19:45:44 Server:worker[26893:ChatWeb] exit with status 12
2014-08-30 19:45:44 Server:worker[26895:BusinessWorker] exit with status 12
2014-08-30 19:45:44 Server:worker[26896:StatisticProvider] exit with status 12
2014-08-30 19:45:44 Server:worker[26898:BusinessWorker] exit with status 12
2014-08-30 19:45:44 Server:worker[26900:StatisticWeb] exit with status 12
2014-08-30 19:45:45 Server:worker[26915:BusinessWorker] exit with status 12
2014-08-30 19:45:45 Server:worker[26914:BusinessWorker] exit with status 12
2014-08-30 19:45:45 Server:worker[26916:StatisticWorker] exit with status 12
2014-08-30 19:45:45 Server:worker[26917:Monitor] exit with status 12
2014-08-30 19:45:45 Server:worker[26919:ChatWeb] exit with status 12
2014-08-30 19:45:45 Server:worker[26921:BusinessWorker] exit with status 12
2014-08-30 19:45:45 Server:worker[26922:StatisticProvider] exit with status 12
2014-08-30 19:45:45 Server:worker[26925:BusinessWorker] exit with status 12
2014-08-30 19:45:45 Server:worker[26927:StatisticWeb] exit with status 12
2014-08-30 19:45:46 Server:worker[26942:BusinessWorker] exit with status 12
2014-08-30 19:45:46 Server:worker[26941:BusinessWorker] exit with status 12
2014-08-30 19:45:46 Server:worker[26943:StatisticWorker] exit with status 12
2014-08-30 19:45:46 Server:worker[26946:Monitor] exit with status 12
2014-08-30 19:45:46 Server:worker[26948:ChatWeb] exit with status 12
2014-08-30 19:45:46 Server:worker[26949:BusinessWorker] exit with status 12
2014-08-30 19:45:46 Server:worker[26950:StatisticProvider] exit with status 12
2014-08-30 19:45:46 Server:worker[26953:BusinessWorker] exit with status 12
2014-08-30 19:45:46 Server:worker[26955:StatisticWeb] exit with status 12
2014-08-30 19:45:47 Server:worker[26968:StatisticWorker] exit with status 12
2014-08-30 19:45:47 Server:worker[26966:BusinessWorker] exit with status 12
2014-08-30 19:45:47 Server:worker[26967:BusinessWorker] exit with status 12
2014-08-30 19:45:47 Server:worker[26969:Monitor] exit with status 12
2014-08-30 19:45:47 Server:worker[26972:ChatWeb] exit with status 12
2014-08-30 19:45:47 Server:worker[26974:BusinessWorker] exit with status 12
2014-08-30 19:45:47 Server:worker[26975:StatisticProvider] exit with status 12
2014-08-30 19:45:47 Server:worker[26977:BusinessWorker] exit with status 12
2014-08-30 19:45:47 Server:worker[26979:StatisticWeb] exit with status 12
2014-08-30 19:45:48 Server:worker[26994:StatisticWorker] exit with status 12
2014-08-30 19:45:48 Server:worker[26995:BusinessWorker] exit with status 12
2014-08-30 19:45:48 Server:worker[26996:BusinessWorker] exit with status 12
2014-08-30 19:45:48 Server:worker[26997:Monitor] exit with status 12
2014-08-30 19:45:48 Server:worker[26999:ChatWeb] exit with status 12
2014-08-30 19:45:48 Server:worker[27002:BusinessWorker] exit with status 12
2014-08-30 19:45:48 Server:worker[27003:StatisticProvider] exit with status 12
2014-08-30 19:45:48 Server:worker[27005:BusinessWorker] exit with status 12
2014-08-30 19:45:48 Server:worker[27007:StatisticWeb] exit with status 12
2014-08-30 19:45:49 Server:worker[27023:BusinessWorker] exit with status 12
2014-08-30 19:45:49 Server:worker[27020:StatisticWorker] exit with status 12
2014-08-30 19:45:49 Server:worker[27021:BusinessWorker] exit with status 12
2014-08-30 19:45:49 Server:worker[27024:Monitor] exit with status 12
2014-08-30 19:45:49 Server:worker[27027:ChatWeb] exit with status 12
2014-08-30 19:45:49 Server:worker[27028:BusinessWorker] exit with status 12
2014-08-30 19:45:49 Server:worker[27029:StatisticProvider] exit with status 12
2014-08-30 19:45:49 Server:worker[27031:BusinessWorker] exit with status 12
2014-08-30 19:45:49 Server:worker[27033:StatisticWeb] exit with status 12
2014-08-30 19:45:50 Server:worker[27049:BusinessWorker] exit with status 12
2014-08-30 19:45:50 Server:worker[27050:StatisticWorker] exit with status 12
2014-08-30 19:45:50 Server:worker[27051:BusinessWorker] exit with status 12
2014-08-30 19:45:50 Server:worker[27052:Monitor] exit with status 12
2014-08-30 19:45:50 Server:worker[27055:ChatWeb] exit with status 12
2014-08-30 19:45:50 Server:worker[27057:BusinessWorker] exit with status 12
2014-08-30 19:45:50 Server:worker[27060:StatisticProvider] exit with status 12
2014-08-30 19:45:50 Server:worker[27061:BusinessWorker] exit with status 12
2014-08-30 19:45:50 Server:worker[27062:StatisticWeb] exit with status 12
2014-08-30 19:45:51 Server:worker[27084:ChatWeb] exit with status 12
2014-08-30 19:45:51 Server:worker[27078:BusinessWorker] exit with status 12
2014-08-30 19:45:51 Server:worker[27079:StatisticWorker] exit with status 12
2014-08-30 19:45:51 Server:worker[27080:BusinessWorker] exit with status 12
2014-08-30 19:45:51 Server:worker[27083:Monitor] exit with status 12
2014-08-30 19:45:51 Server:worker[27085:BusinessWorker] exit with status 12
2014-08-30 19:45:51 Server:worker[27088:StatisticProvider] exit with status 12
2014-08-30 19:45:51 Server:worker[27090:BusinessWorker] exit with status 12
2014-08-30 19:45:51 Server:worker[27091:StatisticWeb] exit with status 12
2014-08-30 19:45:52 Server:worker[27104:ChatWeb] exit with status 12
2014-08-30 19:45:52 Server:worker[27105:BusinessWorker] exit with status 12
2014-08-30 19:45:52 Server:worker[27106:StatisticWorker] exit with status 12
2014-08-30 19:45:52 Server:worker[27107:BusinessWorker] exit with status 12
2014-08-30 19:45:52 Server:worker[27110:Monitor] exit with status 12
2014-08-30 19:45:52 Server:worker[27112:BusinessWorker] exit with status 12
2014-08-30 19:45:52 Server:worker[27113:StatisticProvider] exit with status 12
2014-08-30 19:45:52 Server:worker[27114:BusinessWorker] exit with status 12
2014-08-30 19:45:52 Server:worker[27116:StatisticWeb] exit with status 12
2014-08-30 19:45:53 Server:worker[27134:BusinessWorker] exit with status 12
2014-08-30 19:45:53 Server:worker[27131:ChatWeb] exit with status 12
2014-08-30 19:45:53 Server:worker[27132:BusinessWorker] exit with status 12
2014-08-30 19:45:53 Server:worker[27133:StatisticWorker] exit with status 12
2014-08-30 19:45:53 Server:worker[27136:Monitor] exit with status 12
2014-08-30 19:45:53 Server:worker[27137:BusinessWorker] exit with status 12
2014-08-30 19:45:53 Server:worker[27140:StatisticProvider] exit with status 12
2014-08-30 19:45:53 Server:worker[27142:BusinessWorker] exit with status 12
2014-08-30 19:45:53 Server:worker[27143:StatisticWeb] exit with status 12
2014-08-30 19:50:16 /tmp/gateway.store.cache.php updated and reload workers
2014-08-30 19:50:19 /tmp/gateway.store.cache.php updated and reload workers
2014-08-30 19:50:21 /tmp/gateway.store.cache.php updated and reload workers
2014-08-30 22:56:34 /tmp/gateway.store.cache.php updated and reload workers
2014-08-30 22:56:35 /tmp/gateway.store.cache.php updated and reload workers
