2014-08-09 23:23:06	 REMOTE:127.0.0.1:50979
GET / HTTP/1.1
Host: localhost:55151
Connection: keep-alive
Accept: text/html,application/xhtml+xml,application/xml;q=0.9,image/webp,*/*;q=0.8
User-Agent: Mozilla/5.0 (X11; Linux x86_64) AppleWebKit/537.36 (KHTML, like Gecko) Ubuntu Chromium/36.0.1985.125 Chrome/36.0.1985.125 Safari/537.36
Accept-Encoding: gzip,deflate,sdch
Accept-Language: zh-CN,zh;q=0.8,en;q=0.6
Cookie: iweb_shoppingcart=4f99526a55OTAwODc2MzA4Nmw1NzlkamMxbTk2NDRtYTYxYzc5NWJ8Imdvb2VzIjJTXSQgdXNsY3JldyI7W11%2B; iweb_safecode=90ae2a74c1MDMwMDA0MDMyNjk0YzgyZT88Mjk5YjUyYzQ5MzcxOjU

2014-08-09 23:23:06	 REMOTE:127.0.0.1:50980
GET /js/jquery.min.map HTTP/1.1
Host: localhost:55151
Connection: keep-alive
Cache-Control: max-age=0
X-Source-Map-Request-From: inspector
User-Agent: Mozilla/5.0 (X11; Linux x86_64) AppleWebKit/537.36 (KHTML, like Gecko) Ubuntu Chromium/36.0.1985.125 Chrome/36.0.1985.125 Safari/537.36
Accept: */*
Referer: http://localhost:55151/
Accept-Encoding: gzip,deflate,sdch
Accept-Language: zh-CN,zh;q=0.8,en;q=0.6
Cookie: iweb_shoppingcart=4f99526a55OTAwODc2MzA4Nmw1NzlkamMxbTk2NDRtYTYxYzc5NWJ8Imdvb2VzIjJTXSQgdXNsY3JldyI7W11%2B; iweb_safecode=90ae2a74c1MDMwMDA0MDMyNjk0YzgyZT88Mjk5YjUyYzQ5MzcxOjU

2014-08-09 23:23:47	 REMOTE:127.0.0.1:51021
GET / HTTP/1.1
Host: localhost:55151
Connection: keep-alive
Cache-Control: max-age=0
Accept: text/html,application/xhtml+xml,application/xml;q=0.9,image/webp,*/*;q=0.8
User-Agent: Mozilla/5.0 (X11; Linux x86_64) AppleWebKit/537.36 (KHTML, like Gecko) Ubuntu Chromium/36.0.1985.125 Chrome/36.0.1985.125 Safari/537.36
Accept-Encoding: gzip,deflate,sdch
Accept-Language: zh-CN,zh;q=0.8,en;q=0.6
Cookie: iweb_shoppingcart=4f99526a55OTAwODc2MzA4Nmw1NzlkamMxbTk2NDRtYTYxYzc5NWJ8Imdvb2VzIjJTXSQgdXNsY3JldyI7W11%2B; iweb_safecode=90ae2a74c1MDMwMDA0MDMyNjk0YzgyZT88Mjk5YjUyYzQ5MzcxOjU

2014-08-09 23:23:47	 REMOTE:127.0.0.1:51022
GET /css/bootstrap.min.css HTTP/1.1
Host: localhost:55151
Connection: keep-alive
Cache-Control: max-age=0
Accept: text/css,*/*;q=0.1
If-Modified-Since: Fri, 08 Aug 2014 10:22:31 GMT
User-Agent: Mozilla/5.0 (X11; Linux x86_64) AppleWebKit/537.36 (KHTML, like Gecko) Ubuntu Chromium/36.0.1985.125 Chrome/36.0.1985.125 Safari/537.36
Referer: http://localhost:55151/
Accept-Encoding: gzip,deflate,sdch
Accept-Language: zh-CN,zh;q=0.8,en;q=0.6
Cookie: iweb_shoppingcart=4f99526a55OTAwODc2MzA4Nmw1NzlkamMxbTk2NDRtYTYxYzc5NWJ8Imdvb2VzIjJTXSQgdXNsY3JldyI7W11%2B; iweb_safecode=90ae2a74c1MDMwMDA0MDMyNjk0YzgyZT88Mjk5YjUyYzQ5MzcxOjU

2014-08-09 23:23:47	 REMOTE:127.0.0.1:51023
GET /css/style.css HTTP/1.1
Host: localhost:55151
Connection: keep-alive
Cache-Control: max-age=0
Accept: text/css,*/*;q=0.1
If-Modified-Since: Fri, 08 Aug 2014 10:22:31 GMT
User-Agent: Mozilla/5.0 (X11; Linux x86_64) AppleWebKit/537.36 (KHTML, like Gecko) Ubuntu Chromium/36.0.1985.125 Chrome/36.0.1985.125 Safari/537.36
Referer: http://localhost:55151/
Accept-Encoding: gzip,deflate,sdch
Accept-Language: zh-CN,zh;q=0.8,en;q=0.6
Cookie: iweb_shoppingcart=4f99526a55OTAwODc2MzA4Nmw1NzlkamMxbTk2NDRtYTYxYzc5NWJ8Imdvb2VzIjJTXSQgdXNsY3JldyI7W11%2B; iweb_safecode=90ae2a74c1MDMwMDA0MDMyNjk0YzgyZT88Mjk5YjUyYzQ5MzcxOjU

2014-08-09 23:23:47	 REMOTE:127.0.0.1:51024
GET /js/swfobject.js HTTP/1.1
Host: localhost:55151
Connection: keep-alive
Cache-Control: max-age=0
Accept: */*
If-Modified-Since: Fri, 08 Aug 2014 10:22:31 GMT
User-Agent: Mozilla/5.0 (X11; Linux x86_64) AppleWebKit/537.36 (KHTML, like Gecko) Ubuntu Chromium/36.0.1985.125 Chrome/36.0.1985.125 Safari/537.36
Referer: http://localhost:55151/
Accept-Encoding: gzip,deflate,sdch
Accept-Language: zh-CN,zh;q=0.8,en;q=0.6
Cookie: iweb_shoppingcart=4f99526a55OTAwODc2MzA4Nmw1NzlkamMxbTk2NDRtYTYxYzc5NWJ8Imdvb2VzIjJTXSQgdXNsY3JldyI7W11%2B; iweb_safecode=90ae2a74c1MDMwMDA0MDMyNjk0YzgyZT88Mjk5YjUyYzQ5MzcxOjU

2014-08-09 23:23:47	 REMOTE:127.0.0.1:51025
GET /js/web_socket.js HTTP/1.1
Host: localhost:55151
Connection: keep-alive
Cache-Control: max-age=0
Accept: */*
If-Modified-Since: Fri, 08 Aug 2014 10:22:31 GMT
User-Agent: Mozilla/5.0 (X11; Linux x86_64) AppleWebKit/537.36 (KHTML, like Gecko) Ubuntu Chromium/36.0.1985.125 Chrome/36.0.1985.125 Safari/537.36
Referer: http://localhost:55151/
Accept-Encoding: gzip,deflate,sdch
Accept-Language: zh-CN,zh;q=0.8,en;q=0.6
Cookie: iweb_shoppingcart=4f99526a55OTAwODc2MzA4Nmw1NzlkamMxbTk2NDRtYTYxYzc5NWJ8Imdvb2VzIjJTXSQgdXNsY3JldyI7W11%2B; iweb_safecode=90ae2a74c1MDMwMDA0MDMyNjk0YzgyZT88Mjk5YjUyYzQ5MzcxOjU

2014-08-09 23:23:47	 REMOTE:127.0.0.1:51026
GET /js/jquery.min.js HTTP/1.1
Host: localhost:55151
Connection: keep-alive
Cache-Control: max-age=0
Accept: */*
If-Modified-Since: Fri, 08 Aug 2014 10:22:31 GMT
User-Agent: Mozilla/5.0 (X11; Linux x86_64) AppleWebKit/537.36 (KHTML, like Gecko) Ubuntu Chromium/36.0.1985.125 Chrome/36.0.1985.125 Safari/537.36
Referer: http://localhost:55151/
Accept-Encoding: gzip,deflate,sdch
Accept-Language: zh-CN,zh;q=0.8,en;q=0.6
Cookie: iweb_shoppingcart=4f99526a55OTAwODc2MzA4Nmw1NzlkamMxbTk2NDRtYTYxYzc5NWJ8Imdvb2VzIjJTXSQgdXNsY3JldyI7W11%2B; iweb_safecode=90ae2a74c1MDMwMDA0MDMyNjk0YzgyZT88Mjk5YjUyYzQ5MzcxOjU

2014-08-09 23:23:47	 REMOTE:127.0.0.1:51027
GET /js/json.js HTTP/1.1
Host: localhost:55151
Connection: keep-alive
Cache-Control: max-age=0
Accept: */*
If-Modified-Since: Fri, 08 Aug 2014 10:22:31 GMT
User-Agent: Mozilla/5.0 (X11; Linux x86_64) AppleWebKit/537.36 (KHTML, like Gecko) Ubuntu Chromium/36.0.1985.125 Chrome/36.0.1985.125 Safari/537.36
Referer: http://localhost:55151/
Accept-Encoding: gzip,deflate,sdch
Accept-Language: zh-CN,zh;q=0.8,en;q=0.6
Cookie: iweb_shoppingcart=4f99526a55OTAwODc2MzA4Nmw1NzlkamMxbTk2NDRtYTYxYzc5NWJ8Imdvb2VzIjJTXSQgdXNsY3JldyI7W11%2B; iweb_safecode=90ae2a74c1MDMwMDA0MDMyNjk0YzgyZT88Mjk5YjUyYzQ5MzcxOjU

2014-08-09 23:23:47	 REMOTE:127.0.0.1:51028
GET /img/workerman-todpole.png HTTP/1.1
Host: localhost:55151
Connection: keep-alive
Cache-Control: max-age=0
Accept: image/webp,*/*;q=0.8
If-Modified-Since: Fri, 08 Aug 2014 10:22:31 GMT
User-Agent: Mozilla/5.0 (X11; Linux x86_64) AppleWebKit/537.36 (KHTML, like Gecko) Ubuntu Chromium/36.0.1985.125 Chrome/36.0.1985.125 Safari/537.36
Referer: http://localhost:55151/
Accept-Encoding: gzip,deflate,sdch
Accept-Language: zh-CN,zh;q=0.8,en;q=0.6
Cookie: iweb_shoppingcart=4f99526a55OTAwODc2MzA4Nmw1NzlkamMxbTk2NDRtYTYxYzc5NWJ8Imdvb2VzIjJTXSQgdXNsY3JldyI7W11%2B; iweb_safecode=90ae2a74c1MDMwMDA0MDMyNjk0YzgyZT88Mjk5YjUyYzQ5MzcxOjU

2014-08-09 23:23:47	 REMOTE:127.0.0.1:51030
GET /js/jquery.min.map HTTP/1.1
Host: localhost:55151
Connection: keep-alive
Cache-Control: max-age=0
X-Source-Map-Request-From: inspector
User-Agent: Mozilla/5.0 (X11; Linux x86_64) AppleWebKit/537.36 (KHTML, like Gecko) Ubuntu Chromium/36.0.1985.125 Chrome/36.0.1985.125 Safari/537.36
Accept: */*
Referer: http://localhost:55151/
Accept-Encoding: gzip,deflate,sdch
Accept-Language: zh-CN,zh;q=0.8,en;q=0.6
Cookie: iweb_shoppingcart=4f99526a55OTAwODc2MzA4Nmw1NzlkamMxbTk2NDRtYTYxYzc5NWJ8Imdvb2VzIjJTXSQgdXNsY3JldyI7W11%2B; iweb_safecode=90ae2a74c1MDMwMDA0MDMyNjk0YzgyZT88Mjk5YjUyYzQ5MzcxOjU

