2014-09-15 18:07:28 Server:Workerman is starting ...
2014-09-15 18:07:28 Server:[1A
[KWorkerman start success ...[0m
2014-09-15 18:07:33 /tmp/gateway.store.cache.php updated and reload workers
2014-09-15 18:09:47 /tmp/gateway.store.cache.php updated and reload workers
2014-09-15 18:11:30 /tmp/gateway.store.cache.php updated and reload workers
2014-09-15 18:12:07 /tmp/gateway.store.cache.php updated and reload workers
2014-09-15 18:13:18 /tmp/gateway.store.cache.php updated and reload workers
2014-09-15 18:43:57 /tmp/gateway.store.cache.php updated and reload workers
2014-09-15 18:43:58 /tmp/gateway.store.cache.php updated and reload workers
2014-09-15 18:44:04 /tmp/gateway.store.cache.php updated and reload workers
2014-09-15 19:00:56 /tmp/gateway.store.cache.php updated and reload workers
2014-09-15 19:20:55 /tmp/gateway.store.cache.php updated and reload workers
2014-09-15 19:21:06 /tmp/gateway.store.cache.php updated and reload workers
2014-09-15 19:21:07 /tmp/gateway.store.cache.php updated and reload workers
2014-09-15 19:37:56 /tmp/gateway.store.cache.php updated and reload workers
2014-09-15 20:57:45 /tmp/gateway.store.cache.php updated and reload workers
2014-09-15 21:01:48 /tmp/gateway.store.cache.php updated and reload workers
2014-09-15 21:01:58 Worker[FileMonitor]:terminal closed and reset workers fd
2014-09-15 21:06:57 /tmp/gateway.store.cache.php updated and reload workers
2014-09-15 21:07:36 /tmp/gateway.store.cache.php updated and reload workers
2014-09-15 21:14:14 /tmp/gateway.store.cache.php updated and reload workers
2014-09-15 23:18:31 Server:Workerman is starting ...
2014-09-15 23:18:31 Server:[1A
[KWorkerman start success ...[0m
2014-09-15 23:18:45 /tmp/gateway.store.cache.php updated and reload workers
2014-09-15 23:19:17 /tmp/gateway.store.cache.php updated and reload workers
2014-09-15 23:39:33 /tmp/gateway.store.cache.php updated and reload workers
2014-09-15 23:43:31 /tmp/gateway.store.cache.php updated and reload workers
2014-09-15 23:45:27 /tmp/gateway.store.cache.php updated and reload workers
2014-09-15 23:45:30 /tmp/gateway.store.cache.php updated and reload workers
2014-09-15 23:45:31 /tmp/gateway.store.cache.php updated and reload workers
