2014-08-20 00:13:56 /tmp/gateway.store.cache.php updated and reload workers
2014-08-20 00:13:58 /tmp/gateway.store.cache.php updated and reload workers
2014-08-20 00:42:31 /var/www/html/nws_v2/websocket/applications/Chat/Event.php updated and reload workers
2014-08-20 00:43:16 /var/www/html/nws_v2/websocket/applications/Chat/Event.php updated and reload workers
2014-08-20 00:44:08 /var/www/html/nws_v2/websocket/applications/Chat/Event.php updated and reload workers
2014-08-20 00:44:09 /var/www/html/nws_v2/websocket/applications/Chat/Event.php updated and reload workers
2014-08-20 00:45:59 /tmp/gateway.store.cache.php updated and reload workers
2014-08-20 00:46:01 Worker[FileMonitor]:terminal closed and reset workers fd
2014-08-20 09:58:25 Server:Workerman is starting ...
2014-08-20 09:58:25 Server:[1A
[KWorkerman start success ...[0m
2014-08-20 09:59:15 /tmp/gateway.store.cache.php updated and reload workers
2014-08-20 09:59:16 /tmp/gateway.store.cache.php updated and reload workers
2014-08-20 09:59:17 /tmp/gateway.store.cache.php updated and reload workers
2014-08-20 09:59:45 /tmp/gateway.store.cache.php updated and reload workers
2014-08-20 09:59:46 /tmp/gateway.store.cache.php updated and reload workers
2014-08-20 10:22:59 /tmp/gateway.store.cache.php updated and reload workers
2014-08-20 10:32:08 /tmp/gateway.store.cache.php updated and reload workers
2014-08-20 10:32:09 /tmp/gateway.store.cache.php updated and reload workers
2014-08-20 10:32:10 /tmp/gateway.store.cache.php updated and reload workers
2014-08-20 10:36:00 /tmp/gateway.store.cache.php updated and reload workers
2014-08-20 10:36:01 /tmp/gateway.store.cache.php updated and reload workers
2014-08-20 11:55:14 /tmp/gateway.store.cache.php updated and reload workers
2014-08-20 11:55:16 /tmp/gateway.store.cache.php updated and reload workers
2014-08-20 14:23:13 /tmp/gateway.store.cache.php updated and reload workers
2014-08-20 14:23:14 Server:worker[28921:BusinessWorker] exit with status 12
2014-08-20 14:23:14 Server:worker[28920:ChatWeb] exit with status 12
2014-08-20 14:23:14 Server:worker[28924:BusinessWorker] exit with status 12
2014-08-20 14:23:14 Server:worker[28928:BusinessWorker] exit with status 12
2014-08-20 14:23:14 Server:worker[28929:BusinessWorker] exit with status 12
2014-08-20 14:23:14 Server:worker[28931:Monitor] exit with status 12
2014-08-20 14:23:14 Server:worker[28933:StatisticWeb] exit with status 12
2014-08-20 14:23:14 Server:worker[28934:StatisticWorker] exit with status 12
2014-08-20 14:23:14 Server:worker[28937:StatisticProvider] exit with status 12
2014-08-20 14:23:15 Server:worker[27506:BusinessWorker] exit with status 12
2014-08-20 14:23:15 Server:worker[27507:ChatWeb] exit with status 12
2014-08-20 14:23:15 Server:worker[27508:BusinessWorker] exit with status 12
2014-08-20 14:23:15 Server:worker[27509:BusinessWorker] exit with status 12
2014-08-20 14:23:15 Server:worker[27510:BusinessWorker] exit with status 12
2014-08-20 14:23:15 Server:worker[27511:Monitor] exit with status 12
2014-08-20 14:23:15 Server:worker[27512:StatisticWeb] exit with status 12
2014-08-20 14:23:15 Server:worker[27513:StatisticWorker] exit with status 12
2014-08-20 14:23:15 Server:worker[27514:StatisticProvider] exit with status 12
2014-08-20 14:23:16 Server:worker[27525:ChatWeb] exit with status 12
2014-08-20 14:23:16 Server:worker[27524:BusinessWorker] exit with status 12
2014-08-20 14:23:16 Server:worker[27526:BusinessWorker] exit with status 12
2014-08-20 14:23:16 Server:worker[27527:BusinessWorker] exit with status 12
2014-08-20 14:23:16 Server:worker[27531:Monitor] exit with status 12
2014-08-20 14:23:16 Server:worker[27528:BusinessWorker] exit with status 12
2014-08-20 14:23:16 Server:worker[27534:StatisticWeb] exit with status 12
2014-08-20 14:23:16 Server:worker[27536:StatisticWorker] exit with status 12
2014-08-20 14:23:16 Server:worker[27537:StatisticProvider] exit with status 12
2014-08-20 14:23:17 Server:worker[27542:ChatWeb] exit with status 12
2014-08-20 14:23:17 Server:worker[27543:BusinessWorker] exit with status 12
2014-08-20 14:23:17 Server:worker[27544:BusinessWorker] exit with status 12
2014-08-20 14:23:17 Server:worker[27545:BusinessWorker] exit with status 12
2014-08-20 14:23:17 Server:worker[27549:Monitor] exit with status 12
2014-08-20 14:23:17 Server:worker[27551:BusinessWorker] exit with status 12
2014-08-20 14:23:17 Server:worker[27553:StatisticWeb] exit with status 12
2014-08-20 14:23:17 Server:worker[27554:StatisticWorker] exit with status 12
2014-08-20 14:23:17 Server:worker[27558:StatisticProvider] exit with status 12
2014-08-20 14:28:59 /tmp/gateway.store.cache.php updated and reload workers
2014-08-20 14:29:29 /tmp/gateway.store.cache.php updated and reload workers
2014-08-20 14:29:44 /tmp/gateway.store.cache.php updated and reload workers
2014-08-20 14:29:46 /tmp/gateway.store.cache.php updated and reload workers
2014-08-20 15:13:05 /tmp/gateway.store.cache.php updated and reload workers
2014-08-20 15:13:13 /tmp/gateway.store.cache.php updated and reload workers
2014-08-20 16:02:56 /tmp/gateway.store.cache.php updated and reload workers
2014-08-20 16:03:29 /tmp/gateway.store.cache.php updated and reload workers
2014-08-20 16:43:49 /tmp/gateway.store.cache.php updated and reload workers
2014-08-20 16:44:01 /tmp/gateway.store.cache.php updated and reload workers
2014-08-20 16:44:03 /tmp/gateway.store.cache.php updated and reload workers
2014-08-20 20:14:17 /tmp/gateway.store.cache.php updated and reload workers
2014-08-20 20:14:20 /tmp/gateway.store.cache.php updated and reload workers
2014-08-20 20:14:21 /tmp/gateway.store.cache.php updated and reload workers
2014-08-20 20:20:53 /tmp/gateway.store.cache.php updated and reload workers
2014-08-20 20:23:43 /tmp/gateway.store.cache.php updated and reload workers
2014-08-20 21:15:23 /tmp/gateway.store.cache.php updated and reload workers
