2014-11-10 15:48:08 Server:Workerman is starting ...
2014-11-10 15:48:08 Server:[1A
[KWorkerman start success ...[0m
2014-11-10 15:51:07 Server:Workerman is shutting down
2014-11-10 15:51:07 Server:Workerman stoped
2014-11-10 16:01:47 Server:Workerman is starting ...
2014-11-10 16:01:47 Server:[1A
[KWorkerman start success ...[0m
2014-11-10 16:02:11 /tmp/gateway.store.cache.php updated and reload workers
2014-11-10 16:09:41 /tmp/gateway.store.cache.php updated and reload workers
2014-11-10 16:15:48 /tmp/gateway.store.cache.php updated and reload workers
2014-11-10 16:15:50 /tmp/gateway.store.cache.php updated and reload workers
2014-11-10 16:15:52 /tmp/gateway.store.cache.php updated and reload workers
2014-11-10 16:17:53 /tmp/gateway.store.cache.php updated and reload workers
2014-11-10 16:17:54 /tmp/gateway.store.cache.php updated and reload workers
2014-11-10 16:20:22 /tmp/gateway.store.cache.php updated and reload workers
2014-11-10 16:21:44 /tmp/gateway.store.cache.php updated and reload workers
2014-11-10 16:21:49 /tmp/gateway.store.cache.php updated and reload workers
2014-11-10 16:21:51 /tmp/gateway.store.cache.php updated and reload workers
2014-11-10 16:23:46 /tmp/gateway.store.cache.php updated and reload workers
2014-11-10 16:23:47 /tmp/gateway.store.cache.php updated and reload workers
2014-11-10 16:24:49 /tmp/gateway.store.cache.php updated and reload workers
2014-11-10 16:25:32 /tmp/gateway.store.cache.php updated and reload workers
2014-11-10 16:28:12 /tmp/gateway.store.cache.php updated and reload workers
2014-11-10 16:28:17 /tmp/gateway.store.cache.php updated and reload workers
2014-11-10 16:28:24 /tmp/gateway.store.cache.php updated and reload workers
2014-11-10 16:28:25 /tmp/gateway.store.cache.php updated and reload workers
2014-11-10 16:28:27 /tmp/gateway.store.cache.php updated and reload workers
2014-11-10 16:30:39 /tmp/gateway.store.cache.php updated and reload workers
2014-11-10 16:30:47 /tmp/gateway.store.cache.php updated and reload workers
2014-11-10 16:38:55 /tmp/gateway.store.cache.php updated and reload workers
2014-11-10 16:39:55 /tmp/gateway.store.cache.php updated and reload workers
2014-11-10 16:43:12 /tmp/gateway.store.cache.php updated and reload workers
2014-11-10 16:55:30 /tmp/gateway.store.cache.php updated and reload workers
2014-11-10 16:55:31 /tmp/gateway.store.cache.php updated and reload workers
2014-11-10 18:52:25 /tmp/gateway.store.cache.php updated and reload workers
2014-11-10 18:52:26 /tmp/gateway.store.cache.php updated and reload workers
2014-11-10 18:52:28 /tmp/gateway.store.cache.php updated and reload workers
2014-11-10 21:18:07 /tmp/gateway.store.cache.php updated and reload workers
2014-11-10 21:18:08 /tmp/gateway.store.cache.php updated and reload workers
2014-11-10 21:18:24 Worker[FileMonitor]:terminal closed and reset workers fd
2014-11-10 21:24:42 /tmp/gateway.store.cache.php updated and reload workers
2014-11-10 21:32:13 /tmp/gateway.store.cache.php updated and reload workers
2014-11-10 21:32:14 /tmp/gateway.store.cache.php updated and reload workers
2014-11-10 21:32:40 /tmp/gateway.store.cache.php updated and reload workers
2014-11-10 21:32:41 /tmp/gateway.store.cache.php updated and reload workers
2014-11-10 21:32:42 /tmp/gateway.store.cache.php updated and reload workers
2014-11-10 21:33:15 /tmp/gateway.store.cache.php updated and reload workers
2014-11-10 21:33:27 /tmp/gateway.store.cache.php updated and reload workers
2014-11-10 23:11:04 Server:Workerman is starting ...
2014-11-10 23:11:04 Server:[1A
[KWorkerman start success ...[0m
