2014-08-23 15:51:04 Server:Workerman is starting ...
2014-08-23 15:51:04 Server:[1A
[KWorkerman start success ...[0m
2014-08-23 15:51:39 Server:Workerman is shutting down
2014-08-23 15:51:39 Server:Workerman stoped
2014-08-23 16:00:54 Server:Workerman is starting ...
2014-08-23 16:00:54 Server:[1A
[KWorkerman start success ...[0m
2014-08-23 16:00:56 /tmp/gateway.store.cache.php updated and reload workers
2014-08-23 16:00:58 /tmp/gateway.store.cache.php updated and reload workers
2014-08-23 16:01:00 /tmp/gateway.store.cache.php updated and reload workers
2014-08-23 16:01:03 /tmp/gateway.store.cache.php updated and reload workers
2014-08-23 16:01:08 /tmp/gateway.store.cache.php updated and reload workers
2014-08-23 16:01:09 /tmp/gateway.store.cache.php updated and reload workers
2014-08-23 16:01:11 /tmp/gateway.store.cache.php updated and reload workers
2014-08-23 16:01:14 /tmp/gateway.store.cache.php updated and reload workers
2014-08-23 16:01:16 /tmp/gateway.store.cache.php updated and reload workers
2014-08-23 16:01:18 /tmp/gateway.store.cache.php updated and reload workers
2014-08-23 16:01:19 /tmp/gateway.store.cache.php updated and reload workers
2014-08-23 16:01:21 /tmp/gateway.store.cache.php updated and reload workers
2014-08-23 16:01:22 /tmp/gateway.store.cache.php updated and reload workers
2014-08-23 16:01:44 /tmp/gateway.store.cache.php updated and reload workers
2014-08-23 16:01:49 /tmp/gateway.store.cache.php updated and reload workers
2014-08-23 16:01:50 /tmp/gateway.store.cache.php updated and reload workers
2014-08-23 16:03:24 Server:Workerman is shutting down
2014-08-23 16:03:24 Server:Workerman stoped
2014-08-23 16:03:38 Server:Workerman is starting ...
2014-08-23 16:03:38 Server:[1A
[KWorkerman start success ...[0m
2014-08-23 16:04:58 Server:Workerman is shutting down
2014-08-23 16:04:58 Server:Workerman stoped
2014-08-23 16:09:27 Server:Workerman is starting ...
2014-08-23 16:09:27 Server:[1A
[KWorkerman start success ...[0m
2014-08-23 16:09:31 /tmp/gateway.store.cache.php updated and reload workers
2014-08-23 16:10:11 /tmp/gateway.store.cache.php updated and reload workers
2014-08-23 16:10:12 /tmp/gateway.store.cache.php updated and reload workers
2014-08-23 16:16:20 Server:Workerman is shutting down
2014-08-23 16:16:20 Server:Workerman stoped
2014-08-23 16:17:15 Server:Workerman is starting ...
2014-08-23 16:17:15 Server:[1A
[KWorkerman start success ...[0m
2014-08-23 16:17:19 /tmp/gateway.store.cache.php updated and reload workers
2014-08-23 16:18:08 Server:Workerman is shutting down
2014-08-23 16:18:08 Server:Workerman stoped
2014-08-23 16:18:24 Server:Workerman is starting ...
2014-08-23 16:18:24 Server:[1A
[KWorkerman start success ...[0m
2014-08-23 16:18:33 Server:Workerman is shutting down
2014-08-23 16:18:33 Server:Workerman stoped
2014-08-23 16:18:54 Server:Workerman is starting ...
2014-08-23 16:18:55 Server:[1A
[KWorkerman start success ...[0m
2014-08-23 16:20:25 /tmp/gateway.store.cache.php updated and reload workers
2014-08-23 16:20:32 Server:Workerman is shutting down
2014-08-23 16:20:32 Server:Workerman stoped
2014-08-23 16:21:01 Server:Workerman is starting ...
2014-08-23 16:21:01 Server:[1A
[KWorkerman start success ...[0m
2014-08-23 16:26:22 /tmp/gateway.store.cache.php updated and reload workers
2014-08-23 16:26:37 Server:Workerman is shutting down
2014-08-23 16:26:37 Server:Workerman stoped
2014-08-23 16:26:44 Server:Workerman is starting ...
2014-08-23 16:26:44 Server:[1A
[KWorkerman start success ...[0m
2014-08-23 16:27:50 /tmp/gateway.store.cache.php updated and reload workers
2014-08-23 16:27:59 Server:Workerman is shutting down
2014-08-23 16:27:59 Server:Workerman stoped
2014-08-23 16:28:02 Server:Workerman is starting ...
2014-08-23 16:28:02 Server:[1A
[KWorkerman start success ...[0m
2014-08-23 16:30:03 /tmp/gateway.store.cache.php updated and reload workers
2014-08-23 16:30:08 Server:Workerman is shutting down
2014-08-23 16:30:08 Server:Workerman stoped
2014-08-23 16:30:12 Server:Workerman is starting ...
2014-08-23 16:30:12 Server:[1A
[KWorkerman start success ...[0m
2014-08-23 16:30:54 /tmp/gateway.store.cache.php updated and reload workers
2014-08-23 16:30:58 Server:Workerman is shutting down
2014-08-23 16:30:58 Server:Workerman stoped
2014-08-23 16:31:07 Server:Workerman is starting ...
2014-08-23 16:31:07 Server:[1A
[KWorkerman start success ...[0m
2014-08-23 16:31:13 Server:Workerman is shutting down
2014-08-23 16:31:13 Server:Workerman stoped
2014-08-23 16:31:47 Server:Workerman is starting ...
2014-08-23 16:31:48 Server:[1A
[KWorkerman start success ...[0m
2014-08-23 16:32:06 Server:Workerman is shutting down
2014-08-23 16:32:06 Server:Workerman stoped
2014-08-23 16:33:06 Server:Workerman is starting ...
2014-08-23 16:33:06 Server:[1A
[KWorkerman start success ...[0m
2014-08-23 16:36:00 /tmp/gateway.store.cache.php updated and reload workers
2014-08-23 16:36:09 Server:Workerman is shutting down
2014-08-23 16:36:09 Server:Workerman stoped
2014-08-23 16:36:13 Server:Workerman is starting ...
2014-08-23 16:36:13 Server:[1A
[KWorkerman start success ...[0m
2014-08-23 16:36:31 Server:Workerman is shutting down
2014-08-23 16:36:31 Server:Workerman stoped
2014-08-23 16:36:38 Server:Workerman is starting ...
2014-08-23 16:36:38 Server:[1A
[KWorkerman start success ...[0m
2014-08-23 16:38:33 Server:Workerman is shutting down
2014-08-23 16:38:33 Server:Workerman stoped
2014-08-23 16:38:42 Server:Workerman is starting ...
2014-08-23 16:38:42 Server:[1A
[KWorkerman start success ...[0m
2014-08-23 16:40:31 /tmp/gateway.store.cache.php updated and reload workers
2014-08-23 16:40:41 Server:Workerman is shutting down
2014-08-23 16:40:41 Server:Workerman stoped
2014-08-23 16:40:45 Server:Workerman is starting ...
2014-08-23 16:40:46 Server:[1A
[KWorkerman start success ...[0m
2014-08-23 16:41:47 /tmp/gateway.store.cache.php updated and reload workers
2014-08-23 16:41:53 Server:Workerman is shutting down
2014-08-23 16:41:53 Server:Workerman stoped
2014-08-23 16:42:03 Server:Workerman is starting ...
2014-08-23 16:42:03 Server:[1A
[KWorkerman start success ...[0m
2014-08-23 16:42:11 Server:Workerman is shutting down
2014-08-23 16:42:11 Server:Workerman stoped
2014-08-23 16:43:23 Server:Workerman is starting ...
2014-08-23 16:43:23 Server:[1A
[KWorkerman start success ...[0m
2014-08-23 16:43:55 /tmp/gateway.store.cache.php updated and reload workers
2014-08-23 16:44:06 Server:Workerman is shutting down
2014-08-23 16:44:06 Server:Workerman stoped
2014-08-23 16:44:09 Server:Workerman is starting ...
2014-08-23 16:44:09 Server:[1A
[KWorkerman start success ...[0m
2014-08-23 16:44:52 /tmp/gateway.store.cache.php updated and reload workers
2014-08-23 16:44:57 Server:Workerman is shutting down
2014-08-23 16:44:57 Server:Workerman stoped
2014-08-23 16:49:36 Server:Workerman is starting ...
2014-08-23 16:49:37 Server:[1A
[KWorkerman start success ...[0m
2014-08-23 16:49:41 /tmp/gateway.store.cache.php updated and reload workers
2014-08-23 16:50:24 Server:Workerman is shutting down
2014-08-23 16:50:24 Server:Workerman stoped
2014-08-23 16:50:46 Server:Workerman is starting ...
2014-08-23 16:50:46 Server:[1A
[KWorkerman start success ...[0m
2014-08-23 16:50:52 Server:Workerman is shutting down
2014-08-23 16:50:52 Server:Workerman stoped
2014-08-23 16:58:41 Server:Workerman is starting ...
2014-08-23 16:58:41 Server:[1A
[KWorkerman start success ...[0m
2014-08-23 16:59:02 /tmp/gateway.store.cache.php updated and reload workers
2014-08-23 17:04:03 Server:Workerman is shutting down
2014-08-23 17:04:03 Server:Workerman stoped
2014-08-23 17:04:11 Server:Workerman is starting ...
2014-08-23 17:04:11 Server:[1A
[KWorkerman start success ...[0m
2014-08-23 17:11:03 /tmp/gateway.store.cache.php updated and reload workers
2014-08-23 17:11:04 /tmp/gateway.store.cache.php updated and reload workers
2014-08-23 17:11:10 Server:Workerman is shutting down
2014-08-23 17:11:10 Server:Workerman stoped
2014-08-23 17:11:22 Server:Workerman is starting ...
2014-08-23 17:11:22 Server:[1A
[KWorkerman start success ...[0m
2014-08-23 17:11:49 /tmp/gateway.store.cache.php updated and reload workers
2014-08-23 17:11:55 Server:Workerman is shutting down
2014-08-23 17:11:55 Server:Workerman stoped
2014-08-23 17:12:00 Server:Workerman is starting ...
2014-08-23 17:12:01 Server:[1A
[KWorkerman start success ...[0m
2014-08-23 17:12:03 /tmp/gateway.store.cache.php updated and reload workers
2014-08-23 17:12:15 Server:Workerman is shutting down
2014-08-23 17:12:15 Server:Workerman stoped
2014-08-23 17:14:37 Server:Workerman is starting ...
2014-08-23 17:14:37 Server:[1A
[KWorkerman start success ...[0m
2014-08-23 17:16:07 /tmp/gateway.store.cache.php updated and reload workers
2014-08-23 17:16:12 Server:Workerman is shutting down
2014-08-23 17:16:12 Server:Workerman stoped
2014-08-23 17:16:19 Server:Workerman is starting ...
2014-08-23 17:16:19 Server:[1A
[KWorkerman start success ...[0m
2014-08-23 19:20:21 /tmp/gateway.store.cache.php updated and reload workers
2014-08-23 19:21:31 /tmp/gateway.store.cache.php updated and reload workers
2014-08-23 19:21:32 /tmp/gateway.store.cache.php updated and reload workers
2014-08-23 19:56:47 /tmp/gateway.store.cache.php updated and reload workers
2014-08-23 20:33:08 /tmp/gateway.store.cache.php updated and reload workers
2014-08-23 20:34:42 /tmp/gateway.store.cache.php updated and reload workers
2014-08-23 20:38:33 /tmp/gateway.store.cache.php updated and reload workers
2014-08-23 20:38:34 /tmp/gateway.store.cache.php updated and reload workers
2014-08-23 22:36:54 /tmp/gateway.store.cache.php updated and reload workers
2014-08-23 22:36:55 /tmp/gateway.store.cache.php updated and reload workers
2014-08-23 23:12:55 /tmp/gateway.store.cache.php updated and reload workers
2014-08-23 23:15:03 /tmp/gateway.store.cache.php updated and reload workers
2014-08-23 23:19:26 /tmp/gateway.store.cache.php updated and reload workers
2014-08-23 23:21:24 /tmp/gateway.store.cache.php updated and reload workers
2014-08-23 23:21:26 /tmp/gateway.store.cache.php updated and reload workers
2014-08-23 23:28:55 /tmp/gateway.store.cache.php updated and reload workers
2014-08-23 23:29:40 /tmp/gateway.store.cache.php updated and reload workers
2014-08-23 23:29:49 /tmp/gateway.store.cache.php updated and reload workers
2014-08-23 23:29:50 /tmp/gateway.store.cache.php updated and reload workers
2014-08-23 23:29:51 /tmp/gateway.store.cache.php updated and reload workers
2014-08-23 23:29:52 /tmp/gateway.store.cache.php updated and reload workers
2014-08-23 23:29:57 /tmp/gateway.store.cache.php updated and reload workers
2014-08-23 23:29:58 /tmp/gateway.store.cache.php updated and reload workers
2014-08-23 23:30:09 /tmp/gateway.store.cache.php updated and reload workers
2014-08-23 23:30:10 /tmp/gateway.store.cache.php updated and reload workers
2014-08-23 23:31:47 /tmp/gateway.store.cache.php updated and reload workers
