2014-08-19 00:00:14 /tmp/gateway.store.cache.php updated and reload workers
2014-08-19 00:20:35 /tmp/gateway.store.cache.php updated and reload workers
2014-08-19 00:20:54 Worker[FileMonitor]:terminal closed and reset workers fd
2014-08-19 10:20:22 Server:Workerman is starting ...
2014-08-19 10:20:22 Server:[1A
[KWorkerman start success ...[0m
2014-08-19 10:20:38 /tmp/gateway.store.cache.php updated and reload workers
2014-08-19 10:20:42 /tmp/gateway.store.cache.php updated and reload workers
2014-08-19 10:40:23 /tmp/gateway.store.cache.php updated and reload workers
2014-08-19 10:40:27 /tmp/gateway.store.cache.php updated and reload workers
2014-08-19 10:54:19 /tmp/gateway.store.cache.php updated and reload workers
2014-08-19 10:54:44 /tmp/gateway.store.cache.php updated and reload workers
2014-08-19 10:55:07 /tmp/gateway.store.cache.php updated and reload workers
2014-08-19 10:55:08 /tmp/gateway.store.cache.php updated and reload workers
2014-08-19 10:55:09 /tmp/gateway.store.cache.php updated and reload workers
2014-08-19 10:55:37 /tmp/gateway.store.cache.php updated and reload workers
2014-08-19 10:55:52 /tmp/gateway.store.cache.php updated and reload workers
2014-08-19 10:55:53 /tmp/gateway.store.cache.php updated and reload workers
2014-08-19 11:11:10 /tmp/gateway.store.cache.php updated and reload workers
2014-08-19 11:12:19 /tmp/gateway.store.cache.php updated and reload workers
2014-08-19 11:13:34 /tmp/gateway.store.cache.php updated and reload workers
2014-08-19 11:13:45 /tmp/gateway.store.cache.php updated and reload workers
2014-08-19 16:55:20 /tmp/gateway.store.cache.php updated and reload workers
2014-08-19 16:55:21 /tmp/gateway.store.cache.php updated and reload workers
2014-08-19 16:55:22 /tmp/gateway.store.cache.php updated and reload workers
2014-08-19 17:13:39 /tmp/gateway.store.cache.php updated and reload workers
2014-08-19 17:13:41 /tmp/gateway.store.cache.php updated and reload workers
2014-08-19 17:15:49 /tmp/gateway.store.cache.php updated and reload workers
2014-08-19 17:15:50 /tmp/gateway.store.cache.php updated and reload workers
2014-08-19 20:39:45 /tmp/gateway.store.cache.php updated and reload workers
2014-08-19 20:39:47 /tmp/gateway.store.cache.php updated and reload workers
2014-08-19 20:39:48 /tmp/gateway.store.cache.php updated and reload workers
2014-08-19 22:07:00 /tmp/gateway.store.cache.php updated and reload workers
2014-08-19 22:07:01 /tmp/gateway.store.cache.php updated and reload workers
2014-08-19 22:07:03 /tmp/gateway.store.cache.php updated and reload workers
2014-08-19 22:07:04 /tmp/gateway.store.cache.php updated and reload workers
2014-08-19 22:08:44 /tmp/gateway.store.cache.php updated and reload workers
2014-08-19 22:08:46 /tmp/gateway.store.cache.php updated and reload workers
2014-08-19 22:08:47 /tmp/gateway.store.cache.php updated and reload workers
2014-08-19 22:08:49 /tmp/gateway.store.cache.php updated and reload workers
2014-08-19 22:08:50 /tmp/gateway.store.cache.php updated and reload workers
2014-08-19 22:08:52 /tmp/gateway.store.cache.php updated and reload workers
2014-08-19 22:08:57 /tmp/gateway.store.cache.php updated and reload workers
2014-08-19 22:09:26 /tmp/gateway.store.cache.php updated and reload workers
2014-08-19 22:11:16 /tmp/gateway.store.cache.php updated and reload workers
2014-08-19 22:11:17 /tmp/gateway.store.cache.php updated and reload workers
2014-08-19 22:11:18 /tmp/gateway.store.cache.php updated and reload workers
2014-08-19 22:11:19 /tmp/gateway.store.cache.php updated and reload workers
2014-08-19 22:15:49 /tmp/gateway.store.cache.php updated and reload workers
2014-08-19 22:30:35 /tmp/gateway.store.cache.php updated and reload workers
2014-08-19 22:30:36 /tmp/gateway.store.cache.php updated and reload workers
2014-08-19 22:30:37 /tmp/gateway.store.cache.php updated and reload workers
