2014-10-27 00:11:21 /tmp/gateway.store.cache.php updated and reload workers
2014-10-27 00:11:22 /tmp/gateway.store.cache.php updated and reload workers
2014-10-27 00:11:23 /tmp/gateway.store.cache.php updated and reload workers
2014-10-27 00:15:20 /tmp/gateway.store.cache.php updated and reload workers
2014-10-27 00:15:21 /tmp/gateway.store.cache.php updated and reload workers
2014-10-27 00:16:00 /tmp/gateway.store.cache.php updated and reload workers
2014-10-27 00:16:22 /tmp/gateway.store.cache.php updated and reload workers
2014-10-27 00:16:23 /tmp/gateway.store.cache.php updated and reload workers
2014-10-27 00:16:25 /tmp/gateway.store.cache.php updated and reload workers
2014-10-27 00:17:28 /tmp/gateway.store.cache.php updated and reload workers
2014-10-27 00:17:29 /tmp/gateway.store.cache.php updated and reload workers
2014-10-27 00:18:27 /tmp/gateway.store.cache.php updated and reload workers
2014-10-27 00:21:15 /tmp/gateway.store.cache.php updated and reload workers
2014-10-27 00:21:21 /tmp/gateway.store.cache.php updated and reload workers
2014-10-27 00:22:10 /tmp/gateway.store.cache.php updated and reload workers
2014-10-27 00:23:13 /tmp/gateway.store.cache.php updated and reload workers
2014-10-27 00:23:19 /tmp/gateway.store.cache.php updated and reload workers
2014-10-27 00:23:30 /tmp/gateway.store.cache.php updated and reload workers
2014-10-27 00:23:31 /tmp/gateway.store.cache.php updated and reload workers
2014-10-27 01:10:18 /tmp/gateway.store.cache.php updated and reload workers
2014-10-27 01:10:43 Worker[FileMonitor]:terminal closed and reset workers fd
2014-10-27 15:15:01 Server:Workerman is starting ...
2014-10-27 15:15:01 Server:[1A
[KWorkerman start success ...[0m
2014-10-27 15:15:11 /tmp/gateway.store.cache.php updated and reload workers
2014-10-27 16:18:06 /tmp/gateway.store.cache.php updated and reload workers
2014-10-27 16:19:04 /tmp/gateway.store.cache.php updated and reload workers
2014-10-27 16:23:05 /tmp/gateway.store.cache.php updated and reload workers
2014-10-27 16:23:07 /tmp/gateway.store.cache.php updated and reload workers
2014-10-27 16:23:11 /tmp/gateway.store.cache.php updated and reload workers
2014-10-27 16:23:45 /tmp/gateway.store.cache.php updated and reload workers
2014-10-27 16:23:51 /tmp/gateway.store.cache.php updated and reload workers
2014-10-27 16:23:54 /tmp/gateway.store.cache.php updated and reload workers
2014-10-27 16:23:57 /tmp/gateway.store.cache.php updated and reload workers
2014-10-27 16:50:38 /tmp/gateway.store.cache.php updated and reload workers
2014-10-27 16:51:23 /tmp/gateway.store.cache.php updated and reload workers
2014-10-27 16:51:24 /tmp/gateway.store.cache.php updated and reload workers
2014-10-27 16:51:47 /tmp/gateway.store.cache.php updated and reload workers
2014-10-27 16:53:26 /tmp/gateway.store.cache.php updated and reload workers
2014-10-27 16:53:53 /tmp/gateway.store.cache.php updated and reload workers
2014-10-27 16:54:11 /tmp/gateway.store.cache.php updated and reload workers
2014-10-27 16:54:13 /tmp/gateway.store.cache.php updated and reload workers
2014-10-27 16:55:19 /tmp/gateway.store.cache.php updated and reload workers
2014-10-27 17:43:20 /tmp/gateway.store.cache.php updated and reload workers
2014-10-27 17:48:53 /tmp/gateway.store.cache.php updated and reload workers
2014-10-27 17:49:26 /tmp/gateway.store.cache.php updated and reload workers
2014-10-27 17:49:41 /tmp/gateway.store.cache.php updated and reload workers
2014-10-27 17:50:00 /tmp/gateway.store.cache.php updated and reload workers
2014-10-27 17:50:14 /tmp/gateway.store.cache.php updated and reload workers
2014-10-27 17:52:21 /tmp/gateway.store.cache.php updated and reload workers
2014-10-27 17:53:20 /tmp/gateway.store.cache.php updated and reload workers
2014-10-27 17:53:25 /tmp/gateway.store.cache.php updated and reload workers
2014-10-27 17:53:28 /tmp/gateway.store.cache.php updated and reload workers
2014-10-27 17:54:51 /tmp/gateway.store.cache.php updated and reload workers
2014-10-27 17:54:55 /tmp/gateway.store.cache.php updated and reload workers
2014-10-27 17:55:12 /tmp/gateway.store.cache.php updated and reload workers
2014-10-27 17:55:13 /tmp/gateway.store.cache.php updated and reload workers
2014-10-27 17:55:14 /tmp/gateway.store.cache.php updated and reload workers
2014-10-27 17:55:15 /tmp/gateway.store.cache.php updated and reload workers
2014-10-27 17:55:16 /tmp/gateway.store.cache.php updated and reload workers
2014-10-27 17:55:17 /tmp/gateway.store.cache.php updated and reload workers
2014-10-27 17:55:20 /tmp/gateway.store.cache.php updated and reload workers
2014-10-27 18:38:22 /tmp/gateway.store.cache.php updated and reload workers
2014-10-27 18:38:27 /tmp/gateway.store.cache.php updated and reload workers
2014-10-27 18:38:30 /tmp/gateway.store.cache.php updated and reload workers
2014-10-27 18:38:31 /tmp/gateway.store.cache.php updated and reload workers
2014-10-27 18:38:45 /tmp/gateway.store.cache.php updated and reload workers
2014-10-27 18:38:50 /tmp/gateway.store.cache.php updated and reload workers
2014-10-27 18:39:13 /tmp/gateway.store.cache.php updated and reload workers
2014-10-27 18:39:15 /tmp/gateway.store.cache.php updated and reload workers
2014-10-27 18:39:19 /tmp/gateway.store.cache.php updated and reload workers
2014-10-27 18:40:08 /tmp/gateway.store.cache.php updated and reload workers
2014-10-27 18:40:14 /tmp/gateway.store.cache.php updated and reload workers
2014-10-27 18:40:16 /tmp/gateway.store.cache.php updated and reload workers
2014-10-27 18:40:53 /tmp/gateway.store.cache.php updated and reload workers
2014-10-27 18:40:55 /tmp/gateway.store.cache.php updated and reload workers
2014-10-27 18:40:58 /tmp/gateway.store.cache.php updated and reload workers
2014-10-27 18:42:21 /tmp/gateway.store.cache.php updated and reload workers
2014-10-27 18:47:36 /tmp/gateway.store.cache.php updated and reload workers
2014-10-27 18:47:37 /tmp/group.store.cache.php updated and reload workers
2014-10-27 18:47:42 /tmp/gateway.store.cache.php updated and reload workers
2014-10-27 18:48:13 /tmp/gateway.store.cache.php updated and reload workers
2014-10-27 19:12:37 /tmp/gateway.store.cache.php updated and reload workers
2014-10-27 19:12:38 /tmp/group.store.cache.php updated and reload workers
2014-10-27 19:22:31 /tmp/gateway.store.cache.php updated and reload workers
2014-10-27 19:22:34 /tmp/gateway.store.cache.php updated and reload workers
2014-10-27 19:23:13 /tmp/gateway.store.cache.php updated and reload workers
2014-10-27 19:26:04 /tmp/gateway.store.cache.php updated and reload workers
2014-10-27 19:26:05 /tmp/gateway.store.cache.php updated and reload workers
2014-10-27 19:26:06 /tmp/gateway.store.cache.php updated and reload workers
2014-10-27 19:26:10 /tmp/gateway.store.cache.php updated and reload workers
2014-10-27 19:26:11 /tmp/gateway.store.cache.php updated and reload workers
2014-10-27 19:26:22 /tmp/gateway.store.cache.php updated and reload workers
2014-10-27 19:26:27 /tmp/gateway.store.cache.php updated and reload workers
2014-10-27 19:26:31 /tmp/gateway.store.cache.php updated and reload workers
2014-10-27 19:26:32 /tmp/gateway.store.cache.php updated and reload workers
2014-10-27 19:26:36 /tmp/gateway.store.cache.php updated and reload workers
2014-10-27 19:26:37 /tmp/gateway.store.cache.php updated and reload workers
2014-10-27 19:26:50 /tmp/gateway.store.cache.php updated and reload workers
2014-10-27 19:28:49 /tmp/gateway.store.cache.php updated and reload workers
2014-10-27 19:28:50 /tmp/gateway.store.cache.php updated and reload workers
2014-10-27 19:29:09 /tmp/gateway.store.cache.php updated and reload workers
2014-10-27 19:29:50 /tmp/gateway.store.cache.php updated and reload workers
2014-10-27 19:29:55 /tmp/gateway.store.cache.php updated and reload workers
2014-10-27 19:29:59 /tmp/gateway.store.cache.php updated and reload workers
2014-10-27 19:30:03 /tmp/gateway.store.cache.php updated and reload workers
2014-10-27 19:30:30 /tmp/gateway.store.cache.php updated and reload workers
2014-10-27 19:32:37 /tmp/gateway.store.cache.php updated and reload workers
2014-10-27 19:32:38 /tmp/gateway.store.cache.php updated and reload workers
2014-10-27 19:32:39 /tmp/gateway.store.cache.php updated and reload workers
2014-10-27 19:32:53 /tmp/gateway.store.cache.php updated and reload workers
2014-10-27 19:35:18 /tmp/gateway.store.cache.php updated and reload workers
2014-10-27 19:35:19 /tmp/group.store.cache.php updated and reload workers
2014-10-27 19:35:59 /tmp/gateway.store.cache.php updated and reload workers
2014-10-27 19:36:00 /tmp/gateway.store.cache.php updated and reload workers
2014-10-27 19:36:17 /tmp/gateway.store.cache.php updated and reload workers
2014-10-27 19:37:45 /tmp/gateway.store.cache.php updated and reload workers
2014-10-27 19:37:58 /tmp/gateway.store.cache.php updated and reload workers
2014-10-27 19:38:28 /tmp/gateway.store.cache.php updated and reload workers
2014-10-27 19:38:43 /tmp/gateway.store.cache.php updated and reload workers
2014-10-27 19:38:56 /tmp/gateway.store.cache.php updated and reload workers
2014-10-27 19:39:33 /tmp/gateway.store.cache.php updated and reload workers
2014-10-27 19:40:45 /tmp/gateway.store.cache.php updated and reload workers
2014-10-27 19:40:46 /tmp/gateway.store.cache.php updated and reload workers
2014-10-27 19:41:42 /tmp/gateway.store.cache.php updated and reload workers
2014-10-27 19:42:30 /tmp/gateway.store.cache.php updated and reload workers
2014-10-27 19:42:31 /tmp/gateway.store.cache.php updated and reload workers
2014-10-27 19:42:47 /tmp/gateway.store.cache.php updated and reload workers
2014-10-27 19:43:29 /tmp/gateway.store.cache.php updated and reload workers
2014-10-27 19:53:03 /tmp/gateway.store.cache.php updated and reload workers
2014-10-27 19:53:04 /tmp/gateway.store.cache.php updated and reload workers
2014-10-27 19:53:33 /tmp/gateway.store.cache.php updated and reload workers
2014-10-27 19:53:34 /tmp/gateway.store.cache.php updated and reload workers
2014-10-27 19:55:02 /tmp/gateway.store.cache.php updated and reload workers
2014-10-27 19:55:03 /tmp/gateway.store.cache.php updated and reload workers
2014-10-27 20:14:17 /tmp/gateway.store.cache.php updated and reload workers
2014-10-27 20:14:18 Server:worker[25498:BusinessWorker] exit with status 12
2014-10-27 20:14:18 Server:worker[25497:StatisticWeb] exit with status 12
2014-10-27 20:14:18 Server:worker[25503:BusinessWorker] exit with status 12
2014-10-27 20:14:18 Server:worker[25504:ChatWeb] exit with status 12
2014-10-27 20:14:18 Server:worker[25505:Monitor] exit with status 12
2014-10-27 20:14:18 Server:worker[25506:StatisticProvider] exit with status 12
2014-10-27 20:14:18 Server:worker[25508:BusinessWorker] exit with status 12
2014-10-27 20:14:18 Server:worker[25509:StatisticWorker] exit with status 12
2014-10-27 20:14:18 Server:worker[25511:BusinessWorker] exit with status 12
2014-10-27 20:14:22 /tmp/gateway.store.cache.php updated and reload workers
2014-10-27 20:15:23 /tmp/gateway.store.cache.php updated and reload workers
2014-10-27 20:15:32 /tmp/gateway.store.cache.php updated and reload workers
2014-10-27 20:15:34 /tmp/gateway.store.cache.php updated and reload workers
2014-10-27 20:15:39 /tmp/gateway.store.cache.php updated and reload workers
2014-10-27 20:21:53 /tmp/gateway.store.cache.php updated and reload workers
2014-10-27 20:22:23 /tmp/gateway.store.cache.php updated and reload workers
2014-10-27 20:40:39 /tmp/gateway.store.cache.php updated and reload workers
2014-10-27 20:52:24 /tmp/gateway.store.cache.php updated and reload workers
2014-10-27 20:55:51 /tmp/gateway.store.cache.php updated and reload workers
2014-10-27 20:55:53 /tmp/gateway.store.cache.php updated and reload workers
2014-10-27 20:57:08 /tmp/gateway.store.cache.php updated and reload workers
2014-10-27 20:57:09 /tmp/gateway.store.cache.php updated and reload workers
2014-10-27 20:57:11 /tmp/gateway.store.cache.php updated and reload workers
2014-10-27 20:58:26 /tmp/gateway.store.cache.php updated and reload workers
2014-10-27 20:58:27 /tmp/gateway.store.cache.php updated and reload workers
2014-10-27 20:58:28 /tmp/gateway.store.cache.php updated and reload workers
2014-10-27 20:58:29 /tmp/gateway.store.cache.php updated and reload workers
2014-10-27 20:58:41 /tmp/gateway.store.cache.php updated and reload workers
2014-10-27 20:58:43 /tmp/gateway.store.cache.php updated and reload workers
2014-10-27 20:58:44 /tmp/gateway.store.cache.php updated and reload workers
2014-10-27 20:58:57 /tmp/gateway.store.cache.php updated and reload workers
2014-10-27 20:58:59 /tmp/gateway.store.cache.php updated and reload workers
2014-10-27 20:59:29 /tmp/gateway.store.cache.php updated and reload workers
2014-10-27 20:59:30 /tmp/gateway.store.cache.php updated and reload workers
2014-10-27 20:59:31 /tmp/gateway.store.cache.php updated and reload workers
2014-10-27 20:59:53 /tmp/gateway.store.cache.php updated and reload workers
2014-10-27 20:59:54 /tmp/gateway.store.cache.php updated and reload workers
2014-10-27 21:00:02 /tmp/gateway.store.cache.php updated and reload workers
2014-10-27 21:00:03 /tmp/gateway.store.cache.php updated and reload workers
2014-10-27 21:00:04 /tmp/gateway.store.cache.php updated and reload workers
2014-10-27 21:00:26 /tmp/gateway.store.cache.php updated and reload workers
2014-10-27 21:00:28 /tmp/gateway.store.cache.php updated and reload workers
2014-10-27 21:00:42 /tmp/gateway.store.cache.php updated and reload workers
2014-10-27 21:01:00 /tmp/gateway.store.cache.php updated and reload workers
2014-10-27 21:01:48 /tmp/gateway.store.cache.php updated and reload workers
2014-10-27 21:01:49 /tmp/gateway.store.cache.php updated and reload workers
2014-10-27 21:01:53 /tmp/gateway.store.cache.php updated and reload workers
2014-10-27 21:01:54 /tmp/gateway.store.cache.php updated and reload workers
2014-10-27 21:01:57 /tmp/gateway.store.cache.php updated and reload workers
2014-10-27 21:01:58 /tmp/gateway.store.cache.php updated and reload workers
2014-10-27 21:02:01 /tmp/gateway.store.cache.php updated and reload workers
2014-10-27 21:02:02 /tmp/gateway.store.cache.php updated and reload workers
2014-10-27 21:02:23 /tmp/gateway.store.cache.php updated and reload workers
