2014-08-09 23:15:09 Server:Workerman is starting ...
2014-08-09 23:15:09 can not create socket tcp://0.0.0.0:80 info:0 Address already in use	Server start fail
2014-08-09 23:21:39 Server:Workerman is starting ...
2014-08-09 23:21:39 can not create socket tcp://127.0.0.1:80 info:0 Address already in use	Server start fail
2014-08-09 23:22:19 Server:Workerman is starting ...
2014-08-09 23:22:19 Server:[1A
[KWorkerman start success ...[0m
2014-08-09 23:22:46 /tmp/gateway.store.cache.php updated and reload workers
2014-08-09 23:23:07 /tmp/gateway.store.cache.php updated and reload workers
2014-08-09 23:23:10 Server:worker[15850:ChatWeb] exit with status 12
2014-08-09 23:23:43 /var/www/html/workerman-chat-master/applications/Chat/Web/index.php updated and reload workers
2014-08-09 23:23:48 /tmp/gateway.store.cache.php updated and reload workers
2014-08-09 23:23:58 /tmp/gateway.store.cache.php updated and reload workers
2014-08-09 23:25:05 /tmp/gateway.store.cache.php updated and reload workers
2014-08-09 23:25:07 /tmp/gateway.store.cache.php updated and reload workers
2014-08-09 23:26:08 /tmp/gateway.store.cache.php updated and reload workers
2014-08-09 23:26:10 /tmp/gateway.store.cache.php updated and reload workers
2014-08-09 23:26:42 Worker[BusinessWorker]:WORKER EXIT UNEXPECTED  E_ERROR Class 'Lib\Context' not found in /var/www/html/workerman-chat-master/applications/Chat/Bootstrap/BusinessWorker.php on line 87
2014-08-09 23:26:42 Worker[BusinessWorker]:WORKER EXIT UNEXPECTED  E_ERROR Class 'Lib\Context' not found in /var/www/html/workerman-chat-master/applications/Chat/Bootstrap/BusinessWorker.php on line 87
2014-08-09 23:26:42 Server:worker[16420:BusinessWorker] exit with status 65280
2014-08-09 23:26:42 Server:worker[16422:BusinessWorker] exit with status 65280
2014-08-09 23:26:42 Worker[BusinessWorker]:WORKER EXIT UNEXPECTED  E_ERROR Class 'Lib\Context' not found in /var/www/html/workerman-chat-master/applications/Chat/Bootstrap/BusinessWorker.php on line 87
2014-08-09 23:26:42 Worker[BusinessWorker]:WORKER EXIT UNEXPECTED  E_ERROR Class 'Lib\Context' not found in /var/www/html/workerman-chat-master/applications/Chat/Bootstrap/BusinessWorker.php on line 87
2014-08-09 23:26:42 Server:worker[16418:BusinessWorker] exit with status 65280
2014-08-09 23:26:42 Server:worker[16419:BusinessWorker] exit with status 65280
2014-08-09 23:26:43 Server:worker[16698:BusinessWorker] exit with status 12
2014-08-09 23:26:43 Server:worker[16700:BusinessWorker] exit with status 12
2014-08-09 23:26:43 Server:worker[16708:BusinessWorker] exit with status 12
2014-08-09 23:26:43 Server:worker[16710:BusinessWorker] exit with status 12
2014-08-09 23:26:44 Server:worker[16713:BusinessWorker] exit with status 12
2014-08-09 23:26:44 Server:worker[16712:BusinessWorker] exit with status 12
2014-08-09 23:26:44 Server:worker[16714:BusinessWorker] exit with status 12
2014-08-09 23:26:44 Server:worker[16715:BusinessWorker] exit with status 12
2014-08-09 23:26:45 Server:worker[16731:BusinessWorker] exit with status 12
2014-08-09 23:26:45 Server:worker[16732:BusinessWorker] exit with status 12
2014-08-09 23:26:45 Server:worker[16733:BusinessWorker] exit with status 12
2014-08-09 23:26:45 Server:worker[16734:BusinessWorker] exit with status 12
2014-08-09 23:26:46 Server:worker[16749:BusinessWorker] exit with status 12
2014-08-09 23:26:46 Server:worker[16746:BusinessWorker] exit with status 12
2014-08-09 23:26:46 Server:worker[16747:BusinessWorker] exit with status 12
2014-08-09 23:26:46 Server:worker[16748:BusinessWorker] exit with status 12
2014-08-09 23:26:47 Server:worker[16763:BusinessWorker] exit with status 12
2014-08-09 23:26:47 Server:worker[16764:BusinessWorker] exit with status 12
2014-08-09 23:26:47 Server:worker[16765:BusinessWorker] exit with status 12
2014-08-09 23:26:47 Server:worker[16766:BusinessWorker] exit with status 12
2014-08-09 23:26:48 Server:worker[16780:BusinessWorker] exit with status 12
2014-08-09 23:26:48 Server:worker[16779:BusinessWorker] exit with status 12
2014-08-09 23:26:48 Server:worker[16781:BusinessWorker] exit with status 12
2014-08-09 23:26:48 Server:worker[16782:BusinessWorker] exit with status 12
2014-08-09 23:26:51 /tmp/gateway.store.cache.php updated and reload workers
2014-08-09 23:26:52 /tmp/gateway.store.cache.php updated and reload workers
2014-08-09 23:27:32 /var/www/html/workerman-chat-master/applications/Chat/Event.php updated and reload workers
2014-08-09 23:29:00 Server:Workerman is shutting down
2014-08-09 23:29:00 Server:Workerman stoped
2014-08-09 23:30:54 Server:Workerman is starting ...
2014-08-09 23:30:54 Server:[1A
[KWorkerman start success ...[0m
2014-08-09 23:31:24 /tmp/gateway.store.cache.php updated and reload workers
2014-08-09 23:31:26 /tmp/gateway.store.cache.php updated and reload workers
2014-08-09 23:40:18 /var/www/html/nws_v2/websocket/applications/Chat/Event.php updated and reload workers
2014-08-09 23:40:23 /var/www/html/nws_v2/websocket/applications/Chat/Event.php updated and reload workers
2014-08-09 23:40:27 /var/www/html/nws_v2/websocket/applications/Chat/Event.php updated and reload workers
2014-08-09 23:43:03 /var/www/html/nws_v2/websocket/applications/Chat/Event.php updated and reload workers
2014-08-09 23:43:11 /var/www/html/nws_v2/websocket/applications/Chat/Event.php updated and reload workers
2014-08-09 23:43:50 /var/www/html/nws_v2/websocket/applications/Chat/Event.php updated and reload workers
2014-08-09 23:44:07 /var/www/html/nws_v2/websocket/applications/Chat/Event.php updated and reload workers
2014-08-09 23:44:40 /var/www/html/nws_v2/websocket/applications/Chat/Event.php updated and reload workers
2014-08-09 23:44:55 /var/www/html/nws_v2/websocket/applications/Chat/Event.php updated and reload workers
2014-08-09 23:44:57 /var/www/html/nws_v2/websocket/applications/Chat/Event.php updated and reload workers
2014-08-09 23:45:11 /tmp/gateway.store.cache.php updated and reload workers
2014-08-09 23:45:12 /tmp/gateway.store.cache.php updated and reload workers
