2014-08-18 00:09:49 /tmp/gateway.store.cache.php updated and reload workers
2014-08-18 00:09:53 /tmp/gateway.store.cache.php updated and reload workers
2014-08-18 00:11:34 /tmp/gateway.store.cache.php updated and reload workers
2014-08-18 00:11:37 /tmp/gateway.store.cache.php updated and reload workers
2014-08-18 00:11:38 /tmp/gateway.store.cache.php updated and reload workers
2014-08-18 00:11:39 /tmp/gateway.store.cache.php updated and reload workers
2014-08-18 00:11:40 /tmp/gateway.store.cache.php updated and reload workers
2014-08-18 00:11:41 /tmp/gateway.store.cache.php updated and reload workers
2014-08-18 00:11:42 /tmp/gateway.store.cache.php updated and reload workers
2014-08-18 00:11:43 /tmp/gateway.store.cache.php updated and reload workers
2014-08-18 00:11:44 /tmp/gateway.store.cache.php updated and reload workers
2014-08-18 00:11:45 /tmp/gateway.store.cache.php updated and reload workers
2014-08-18 00:11:46 /tmp/gateway.store.cache.php updated and reload workers
2014-08-18 00:11:47 /tmp/gateway.store.cache.php updated and reload workers
2014-08-18 00:11:54 /tmp/gateway.store.cache.php updated and reload workers
2014-08-18 00:11:56 /tmp/gateway.store.cache.php updated and reload workers
2014-08-18 00:12:50 /tmp/gateway.store.cache.php updated and reload workers
2014-08-18 00:12:51 /tmp/gateway.store.cache.php updated and reload workers
2014-08-18 00:12:52 /tmp/gateway.store.cache.php updated and reload workers
2014-08-18 00:12:53 /tmp/gateway.store.cache.php updated and reload workers
2014-08-18 00:12:54 /tmp/gateway.store.cache.php updated and reload workers
2014-08-18 00:12:55 /tmp/gateway.store.cache.php updated and reload workers
2014-08-18 00:12:56 /tmp/gateway.store.cache.php updated and reload workers
2014-08-18 00:13:05 /tmp/gateway.store.cache.php updated and reload workers
2014-08-18 00:13:06 /tmp/gateway.store.cache.php updated and reload workers
2014-08-18 00:13:07 /tmp/gateway.store.cache.php updated and reload workers
2014-08-18 00:13:08 /tmp/gateway.store.cache.php updated and reload workers
2014-08-18 00:13:09 /tmp/gateway.store.cache.php updated and reload workers
2014-08-18 00:13:58 /tmp/gateway.store.cache.php updated and reload workers
2014-08-18 00:13:59 /tmp/gateway.store.cache.php updated and reload workers
2014-08-18 00:15:21 /tmp/gateway.store.cache.php updated and reload workers
2014-08-18 00:16:31 /tmp/gateway.store.cache.php updated and reload workers
2014-08-18 00:16:43 /tmp/gateway.store.cache.php updated and reload workers
2014-08-18 00:16:44 /tmp/gateway.store.cache.php updated and reload workers
2014-08-18 00:34:59 /tmp/gateway.store.cache.php updated and reload workers
2014-08-18 00:35:32 /tmp/gateway.store.cache.php updated and reload workers
2014-08-18 00:37:14 /tmp/gateway.store.cache.php updated and reload workers
2014-08-18 00:37:15 /tmp/gateway.store.cache.php updated and reload workers
2014-08-18 00:47:01 /tmp/gateway.store.cache.php updated and reload workers
2014-08-18 00:47:24 /tmp/gateway.store.cache.php updated and reload workers
2014-08-18 00:48:27 Worker[BusinessWorker]:WORKER EXIT UNEXPECTED  E_WARNING file_get_contents(/var/run/workerman-chat.pid): failed to open stream: No such file or directory in /var/www/html/nws_v2/websocket/workerman/Core/Lib/Checker.php on line 276
2014-08-18 00:48:27 Worker[FileMonitor]:terminal closed and reset workers fd
2014-08-18 00:48:28 /tmp/gateway.store.cache.php updated and reload workers
2014-08-18 21:23:28 Server:Workerman is starting ...
2014-08-18 21:23:28 Server:[1A
[KWorkerman start success ...[0m
2014-08-18 21:29:59 Worker[FileMonitor]:terminal closed and reset workers fd
2014-08-18 23:38:43 Server:Workerman is starting ...
2014-08-18 23:38:43 Server:[1A
[KWorkerman start success ...[0m
2014-08-18 23:38:58 /tmp/gateway.store.cache.php updated and reload workers
2014-08-18 23:39:24 /tmp/gateway.store.cache.php updated and reload workers
2014-08-18 23:42:30 /tmp/gateway.store.cache.php updated and reload workers
2014-08-18 23:45:18 /tmp/gateway.store.cache.php updated and reload workers
2014-08-18 23:45:19 /tmp/gateway.store.cache.php updated and reload workers
2014-08-18 23:46:54 /tmp/gateway.store.cache.php updated and reload workers
2014-08-18 23:46:55 /tmp/gateway.store.cache.php updated and reload workers
2014-08-18 23:48:25 /tmp/gateway.store.cache.php updated and reload workers
2014-08-18 23:48:26 /tmp/gateway.store.cache.php updated and reload workers
2014-08-18 23:49:31 /tmp/gateway.store.cache.php updated and reload workers
2014-08-18 23:49:44 /tmp/gateway.store.cache.php updated and reload workers
2014-08-18 23:53:02 /tmp/gateway.store.cache.php updated and reload workers
2014-08-18 23:54:20 /tmp/gateway.store.cache.php updated and reload workers
2014-08-18 23:55:24 /tmp/gateway.store.cache.php updated and reload workers
2014-08-18 23:55:28 /tmp/gateway.store.cache.php updated and reload workers
2014-08-18 23:56:47 /tmp/gateway.store.cache.php updated and reload workers
2014-08-18 23:56:51 /tmp/gateway.store.cache.php updated and reload workers
2014-08-18 23:57:52 /tmp/gateway.store.cache.php updated and reload workers
2014-08-18 23:58:09 /tmp/gateway.store.cache.php updated and reload workers
2014-08-18 23:58:10 /tmp/gateway.store.cache.php updated and reload workers
2014-08-18 23:59:21 /tmp/gateway.store.cache.php updated and reload workers
