2014-10-14 00:01:35 /tmp/gateway.store.cache.php updated and reload workers
2014-10-14 00:07:53 /tmp/gateway.store.cache.php updated and reload workers
2014-10-14 01:00:30 /tmp/gateway.store.cache.php updated and reload workers
2014-10-14 01:00:33 Worker[FileMonitor]:terminal closed and reset workers fd
2014-10-14 15:36:35 Server:Workerman is starting ...
2014-10-14 15:36:35 Server:[1A
[KWorkerman start success ...[0m
2014-10-14 15:36:45 /tmp/gateway.store.cache.php updated and reload workers
2014-10-14 15:36:47 /tmp/gateway.store.cache.php updated and reload workers
2014-10-14 15:48:32 /tmp/gateway.store.cache.php updated and reload workers
2014-10-14 15:48:33 /tmp/gateway.store.cache.php updated and reload workers
2014-10-14 16:30:11 /tmp/gateway.store.cache.php updated and reload workers
2014-10-14 16:30:14 /tmp/gateway.store.cache.php updated and reload workers
2014-10-14 16:30:25 /tmp/gateway.store.cache.php updated and reload workers
2014-10-14 16:30:29 /tmp/gateway.store.cache.php updated and reload workers
2014-10-14 16:30:30 /tmp/gateway.store.cache.php updated and reload workers
2014-10-14 18:32:47 /tmp/gateway.store.cache.php updated and reload workers
2014-10-14 19:16:33 /tmp/gateway.store.cache.php updated and reload workers
2014-10-14 19:16:33 Worker[FileMonitor]:terminal closed and reset workers fd
2014-10-14 20:40:49 Server:Workerman is starting ...
2014-10-14 20:40:49 Server:[1A
[KWorkerman start success ...[0m
2014-10-14 20:40:59 /tmp/gateway.store.cache.php updated and reload workers
2014-10-14 20:41:01 /tmp/gateway.store.cache.php updated and reload workers
2014-10-14 20:41:02 /tmp/gateway.store.cache.php updated and reload workers
2014-10-14 20:46:19 /tmp/gateway.store.cache.php updated and reload workers
2014-10-14 20:46:21 /tmp/gateway.store.cache.php updated and reload workers
2014-10-14 20:54:01 /tmp/gateway.store.cache.php updated and reload workers
2014-10-14 20:54:08 /tmp/gateway.store.cache.php updated and reload workers
2014-10-14 20:57:35 /tmp/gateway.store.cache.php updated and reload workers
2014-10-14 20:57:37 /tmp/gateway.store.cache.php updated and reload workers
2014-10-14 21:27:55 /tmp/gateway.store.cache.php updated and reload workers
2014-10-14 21:28:03 Worker[FileMonitor]:terminal closed and reset workers fd
2014-10-14 23:05:38 Server:Workerman is starting ...
2014-10-14 23:05:39 Server:[1A
[KWorkerman start success ...[0m
2014-10-14 23:05:47 /tmp/gateway.store.cache.php updated and reload workers
2014-10-14 23:06:07 /tmp/gateway.store.cache.php updated and reload workers
2014-10-14 23:06:08 /tmp/gateway.store.cache.php updated and reload workers
