2014-09-01 09:25:46 Server:Workerman is starting ...
2014-09-01 09:25:47 Server:[1A
[KWorkerman start success ...[0m
2014-09-01 09:25:50 /tmp/gateway.store.cache.php updated and reload workers
2014-09-01 09:25:52 /tmp/gateway.store.cache.php updated and reload workers
2014-09-01 09:41:02 /tmp/gateway.store.cache.php updated and reload workers
2014-09-01 09:41:03 Worker[FileMonitor]:terminal closed and reset workers fd
2014-09-01 16:10:48 Server:Workerman is starting ...
2014-09-01 16:10:49 Server:[1A
[KWorkerman start success ...[0m
2014-09-01 16:10:52 /tmp/gateway.store.cache.php updated and reload workers
2014-09-01 16:10:53 /tmp/gateway.store.cache.php updated and reload workers
2014-09-01 16:10:54 /tmp/gateway.store.cache.php updated and reload workers
2014-09-01 16:17:53 /tmp/gateway.store.cache.php updated and reload workers
2014-09-01 16:18:02 Worker[FileMonitor]:terminal closed and reset workers fd
2014-09-01 18:25:10 Server:Workerman is starting ...
2014-09-01 18:25:10 Server:[1A
[KWorkerman start success ...[0m
2014-09-01 23:39:29 Server:Workerman is starting ...
2014-09-01 23:39:29 Server:[1A
[KWorkerman start success ...[0m
2014-09-01 23:44:31 /tmp/gateway.store.cache.php updated and reload workers
2014-09-01 23:47:15 /tmp/gateway.store.cache.php updated and reload workers
2014-09-01 23:47:16 /tmp/gateway.store.cache.php updated and reload workers
2014-09-01 23:54:55 /tmp/gateway.store.cache.php updated and reload workers
2014-09-01 23:54:56 /tmp/gateway.store.cache.php updated and reload workers
