2014-09-29 00:55:47 Worker[FileMonitor]:terminal closed and reset workers fd
2014-09-29 10:10:35 Server:Workerman is starting ...
2014-09-29 10:10:35 Server:[1A
[KWorkerman start success ...[0m
2014-09-29 10:34:44 /tmp/gateway.store.cache.php updated and reload workers
2014-09-29 10:34:51 /tmp/gateway.store.cache.php updated and reload workers
2014-09-29 17:08:16 Worker[FileMonitor]:terminal closed and reset workers fd
2014-09-29 20:13:41 /var/www/html/nws_v2/websocket/applications/Chat/Event.php updated and reload workers
2014-09-29 20:13:45 /var/www/html/nws_v2/websocket/applications/Chat/Event.php updated and reload workers
2014-09-29 20:13:53 /var/www/html/nws_v2/websocket/applications/Chat/Event.php updated and reload workers
2014-09-29 20:14:17 /var/www/html/nws_v2/websocket/applications/Chat/Event.php updated and reload workers
2014-09-29 20:18:12 /var/www/html/nws_v2/websocket/applications/Chat/Event.php updated and reload workers
2014-09-29 20:18:41 /var/www/html/nws_v2/websocket/applications/Chat/Event.php updated and reload workers
2014-09-29 20:19:00 /var/www/html/nws_v2/websocket/applications/Chat/Event.php updated and reload workers
2014-09-29 20:19:16 /var/www/html/nws_v2/websocket/applications/Chat/Event.php updated and reload workers
2014-09-29 20:20:23 /var/www/html/nws_v2/websocket/applications/Chat/Event.php updated and reload workers
2014-09-29 20:22:08 /var/www/html/nws_v2/websocket/applications/Chat/Event.php updated and reload workers
2014-09-29 20:22:46 /var/www/html/nws_v2/websocket/applications/Chat/Event.php updated and reload workers
2014-09-29 20:23:14 /var/www/html/nws_v2/websocket/applications/Chat/Event.php updated and reload workers
2014-09-29 20:23:48 /var/www/html/nws_v2/websocket/applications/Chat/Event.php updated and reload workers
2014-09-29 20:25:15 /var/www/html/nws_v2/websocket/applications/Chat/Event.php updated and reload workers
2014-09-29 20:33:03 /var/www/html/nws_v2/websocket/applications/Chat/Event.php updated and reload workers
2014-09-29 20:34:09 /var/www/html/nws_v2/websocket/applications/Chat/Event.php updated and reload workers
2014-09-29 20:39:40 /var/www/html/nws_v2/websocket/applications/Chat/Event.php updated and reload workers
2014-09-29 20:44:24 /var/www/html/nws_v2/websocket/applications/Chat/Event.php updated and reload workers
2014-09-29 20:44:26 /var/www/html/nws_v2/websocket/applications/Chat/Event.php updated and reload workers
2014-09-29 20:46:14 /var/www/html/nws_v2/websocket/applications/Chat/Event.php updated and reload workers
2014-09-29 20:48:46 /var/www/html/nws_v2/websocket/applications/Chat/Event.php updated and reload workers
2014-09-29 20:49:06 /var/www/html/nws_v2/websocket/applications/Chat/Event.php updated and reload workers
2014-09-29 20:49:55 /var/www/html/nws_v2/websocket/applications/Chat/Event.php updated and reload workers
2014-09-29 20:56:16 /var/www/html/nws_v2/websocket/applications/Chat/Event.php updated and reload workers
2014-09-29 20:56:37 /var/www/html/nws_v2/websocket/applications/Chat/Event.php updated and reload workers
2014-09-29 20:58:09 /var/www/html/nws_v2/websocket/applications/Chat/Event.php updated and reload workers
2014-09-29 21:03:44 /var/www/html/nws_v2/websocket/applications/Chat/Event.php updated and reload workers
2014-09-29 21:05:08 /var/www/html/nws_v2/websocket/applications/Chat/Event.php updated and reload workers
2014-09-29 21:05:09 /var/www/html/nws_v2/websocket/applications/Chat/Event.php updated and reload workers
2014-09-29 21:05:49 /var/www/html/nws_v2/websocket/applications/Chat/Event.php updated and reload workers
2014-09-29 21:05:59 /var/www/html/nws_v2/websocket/applications/Chat/Event.php updated and reload workers
