2014-08-11 16:50:14 Server:Workerman is starting ...
2014-08-11 16:50:14 Server:[1A
[KWorkerman start success ...[0m
2014-08-11 16:50:17 /tmp/gateway.store.cache.php updated and reload workers
2014-08-11 17:01:14 /var/www/html/nws_v2/websocket/applications/Chat/Event.php updated and reload workers
2014-08-11 17:01:25 /var/www/html/nws_v2/websocket/applications/Chat/Event.php updated and reload workers
2014-08-11 17:01:39 /var/www/html/nws_v2/websocket/applications/Chat/Event.php updated and reload workers
2014-08-11 17:01:48 /var/www/html/nws_v2/websocket/applications/Chat/Event.php updated and reload workers
2014-08-11 17:01:55 /var/www/html/nws_v2/websocket/applications/Chat/Event.php updated and reload workers
2014-08-11 17:08:46 /tmp/gateway.store.cache.php updated and reload workers
2014-08-11 17:08:49 /tmp/gateway.store.cache.php updated and reload workers
2014-08-11 17:12:45 /tmp/gateway.store.cache.php updated and reload workers
2014-08-11 17:12:46 /tmp/gateway.store.cache.php updated and reload workers
2014-08-11 17:13:59 /tmp/gateway.store.cache.php updated and reload workers
2014-08-11 17:14:02 /tmp/gateway.store.cache.php updated and reload workers
2014-08-11 17:15:04 /var/www/html/nws_v2/websocket/applications/Chat/Event.php updated and reload workers
2014-08-11 17:15:08 /var/www/html/nws_v2/websocket/applications/Chat/Event.php updated and reload workers
2014-08-11 17:15:30 /var/www/html/nws_v2/websocket/applications/Chat/Event.php updated and reload workers
2014-08-11 17:15:37 /var/www/html/nws_v2/websocket/applications/Chat/Event.php updated and reload workers
2014-08-11 17:16:11 /tmp/gateway.store.cache.php updated and reload workers
2014-08-11 17:17:05 /tmp/gateway.store.cache.php updated and reload workers
2014-08-11 17:17:44 /var/www/html/nws_v2/websocket/applications/Chat/Event.php updated and reload workers
2014-08-11 17:17:45 /tmp/gateway.store.cache.php updated and reload workers
2014-08-11 17:17:51 /tmp/gateway.store.cache.php updated and reload workers
2014-08-11 17:19:43 /var/www/html/nws_v2/websocket/applications/Chat/Event.php updated and reload workers
2014-08-11 17:19:45 /tmp/gateway.store.cache.php updated and reload workers
2014-08-11 17:19:47 /tmp/gateway.store.cache.php updated and reload workers
2014-08-11 17:20:49 /tmp/gateway.store.cache.php updated and reload workers
2014-08-11 17:24:21 /tmp/gateway.store.cache.php updated and reload workers
2014-08-11 17:31:43 /tmp/gateway.store.cache.php updated and reload workers
2014-08-11 17:39:43 /tmp/gateway.store.cache.php updated and reload workers
2014-08-11 17:40:50 /tmp/gateway.store.cache.php updated and reload workers
2014-08-11 21:46:34 Worker[FileMonitor]:terminal closed and reset workers fd
2014-08-11 22:31:37 /tmp/gateway.store.cache.php updated and reload workers
2014-08-11 22:35:10 /tmp/gateway.store.cache.php updated and reload workers
2014-08-11 22:36:25 /var/www/html/nws_v2/websocket/applications/Chat/Event.php updated and reload workers
2014-08-11 22:37:51 /tmp/gateway.store.cache.php updated and reload workers
2014-08-11 22:37:52 /tmp/gateway.store.cache.php updated and reload workers
2014-08-11 22:37:53 /tmp/gateway.store.cache.php updated and reload workers
2014-08-11 22:37:55 /tmp/gateway.store.cache.php updated and reload workers
2014-08-11 22:37:57 /tmp/gateway.store.cache.php updated and reload workers
2014-08-11 22:38:05 /tmp/gateway.store.cache.php updated and reload workers
2014-08-11 22:38:07 /tmp/gateway.store.cache.php updated and reload workers
2014-08-11 22:40:58 /tmp/gateway.store.cache.php updated and reload workers
2014-08-11 22:40:59 /tmp/gateway.store.cache.php updated and reload workers
2014-08-11 22:41:06 /tmp/gateway.store.cache.php updated and reload workers
2014-08-11 22:41:09 /tmp/gateway.store.cache.php updated and reload workers
2014-08-11 22:41:10 /tmp/gateway.store.cache.php updated and reload workers
2014-08-11 22:41:12 /tmp/gateway.store.cache.php updated and reload workers
2014-08-11 22:42:12 /tmp/gateway.store.cache.php updated and reload workers
2014-08-11 22:42:13 /tmp/gateway.store.cache.php updated and reload workers
2014-08-11 22:42:32 /tmp/gateway.store.cache.php updated and reload workers
2014-08-11 22:42:36 /tmp/gateway.store.cache.php updated and reload workers
2014-08-11 22:42:51 /tmp/gateway.store.cache.php updated and reload workers
2014-08-11 22:43:16 /tmp/gateway.store.cache.php updated and reload workers
2014-08-11 22:43:17 /tmp/gateway.store.cache.php updated and reload workers
2014-08-11 22:43:36 /tmp/gateway.store.cache.php updated and reload workers
2014-08-11 22:43:41 /tmp/gateway.store.cache.php updated and reload workers
2014-08-11 22:43:57 /tmp/gateway.store.cache.php updated and reload workers
2014-08-11 22:44:01 /tmp/gateway.store.cache.php updated and reload workers
2014-08-11 22:45:58 /tmp/gateway.store.cache.php updated and reload workers
2014-08-11 22:46:00 /tmp/gateway.store.cache.php updated and reload workers
2014-08-11 22:52:08 /tmp/gateway.store.cache.php updated and reload workers
2014-08-11 22:52:27 /tmp/gateway.store.cache.php updated and reload workers
2014-08-11 22:52:28 /tmp/gateway.store.cache.php updated and reload workers
2014-08-11 22:52:46 /tmp/gateway.store.cache.php updated and reload workers
2014-08-11 22:52:48 /tmp/gateway.store.cache.php updated and reload workers
2014-08-11 22:52:53 /tmp/gateway.store.cache.php updated and reload workers
2014-08-11 22:52:54 /tmp/gateway.store.cache.php updated and reload workers
2014-08-11 22:53:30 /tmp/gateway.store.cache.php updated and reload workers
2014-08-11 22:54:31 /tmp/gateway.store.cache.php updated and reload workers
2014-08-11 22:58:41 /tmp/gateway.store.cache.php updated and reload workers
2014-08-11 23:00:05 /var/www/html/nws_v2/websocket/applications/Chat/Event.php updated and reload workers
2014-08-11 23:00:43 /var/www/html/nws_v2/websocket/applications/Chat/Event.php updated and reload workers
2014-08-11 23:01:05 /var/www/html/nws_v2/websocket/applications/Chat/Event.php updated and reload workers
2014-08-11 23:01:09 /tmp/gateway.store.cache.php updated and reload workers
2014-08-11 23:03:11 /tmp/gateway.store.cache.php updated and reload workers
2014-08-11 23:04:30 /tmp/gateway.store.cache.php updated and reload workers
2014-08-11 23:04:41 /tmp/gateway.store.cache.php updated and reload workers
2014-08-11 23:08:28 /tmp/gateway.store.cache.php updated and reload workers
2014-08-11 23:08:32 /tmp/gateway.store.cache.php updated and reload workers
2014-08-11 23:10:05 /var/www/html/nws_v2/websocket/applications/Chat/Event.php updated and reload workers
2014-08-11 23:16:32 /tmp/gateway.store.cache.php updated and reload workers
2014-08-11 23:16:48 /tmp/gateway.store.cache.php updated and reload workers
2014-08-11 23:16:49 /tmp/gateway.store.cache.php updated and reload workers
2014-08-11 23:17:03 /tmp/gateway.store.cache.php updated and reload workers
2014-08-11 23:17:08 /tmp/gateway.store.cache.php updated and reload workers
2014-08-11 23:17:33 /tmp/gateway.store.cache.php updated and reload workers
2014-08-11 23:19:27 /tmp/gateway.store.cache.php updated and reload workers
2014-08-11 23:19:36 /tmp/gateway.store.cache.php updated and reload workers
2014-08-11 23:19:45 /tmp/gateway.store.cache.php updated and reload workers
2014-08-11 23:22:15 /tmp/gateway.store.cache.php updated and reload workers
2014-08-11 23:23:18 /tmp/gateway.store.cache.php updated and reload workers
2014-08-11 23:23:39 /tmp/gateway.store.cache.php updated and reload workers
2014-08-11 23:26:15 /tmp/gateway.store.cache.php updated and reload workers
2014-08-11 23:26:16 /tmp/gateway.store.cache.php updated and reload workers
2014-08-11 23:26:48 /tmp/gateway.store.cache.php updated and reload workers
2014-08-11 23:26:49 /tmp/gateway.store.cache.php updated and reload workers
2014-08-11 23:39:37 /tmp/gateway.store.cache.php updated and reload workers
