2014-09-23 00:53:04 Server:Workerman is starting ...
2014-09-23 00:53:04 Server:[1A
[KWorkerman start success ...[0m
2014-09-23 00:53:06 /tmp/gateway.store.cache.php updated and reload workers
2014-09-23 00:53:09 /tmp/gateway.store.cache.php updated and reload workers
2014-09-23 00:53:10 /tmp/gateway.store.cache.php updated and reload workers
2014-09-23 00:54:40 /tmp/gateway.store.cache.php updated and reload workers
2014-09-23 01:06:25 /tmp/gateway.store.cache.php updated and reload workers
2014-09-23 01:06:30 Worker[FileMonitor]:terminal closed and reset workers fd
2014-09-23 10:03:20 Server:Workerman is starting ...
2014-09-23 10:03:21 Server:[1A
[KWorkerman start success ...[0m
2014-09-23 10:03:28 /tmp/gateway.store.cache.php updated and reload workers
2014-09-23 10:03:31 /tmp/gateway.store.cache.php updated and reload workers
2014-09-23 10:03:32 /tmp/gateway.store.cache.php updated and reload workers
2014-09-23 10:24:43 /tmp/gateway.store.cache.php updated and reload workers
2014-09-23 10:24:44 /tmp/gateway.store.cache.php updated and reload workers
2014-09-23 10:25:45 /tmp/gateway.store.cache.php updated and reload workers
2014-09-23 10:37:31 /tmp/gateway.store.cache.php updated and reload workers
2014-09-23 10:37:32 /tmp/gateway.store.cache.php updated and reload workers
2014-09-23 10:44:54 /tmp/gateway.store.cache.php updated and reload workers
2014-09-23 10:44:56 /tmp/gateway.store.cache.php updated and reload workers
2014-09-23 10:44:58 /tmp/gateway.store.cache.php updated and reload workers
2014-09-23 10:45:10 /tmp/gateway.store.cache.php updated and reload workers
2014-09-23 10:45:13 /tmp/gateway.store.cache.php updated and reload workers
2014-09-23 10:45:14 /tmp/gateway.store.cache.php updated and reload workers
2014-09-23 10:50:03 /tmp/gateway.store.cache.php updated and reload workers
2014-09-23 10:50:46 /tmp/gateway.store.cache.php updated and reload workers
2014-09-23 10:51:12 /tmp/gateway.store.cache.php updated and reload workers
2014-09-23 10:51:16 /tmp/gateway.store.cache.php updated and reload workers
2014-09-23 11:13:38 /tmp/gateway.store.cache.php updated and reload workers
2014-09-23 11:13:40 /tmp/gateway.store.cache.php updated and reload workers
2014-09-23 11:13:41 /tmp/gateway.store.cache.php updated and reload workers
2014-09-23 11:13:48 /tmp/gateway.store.cache.php updated and reload workers
2014-09-23 11:17:03 /tmp/gateway.store.cache.php updated and reload workers
2014-09-23 11:17:06 /tmp/gateway.store.cache.php updated and reload workers
2014-09-23 11:17:26 /tmp/gateway.store.cache.php updated and reload workers
2014-09-23 11:17:29 /tmp/gateway.store.cache.php updated and reload workers
2014-09-23 11:17:32 /tmp/gateway.store.cache.php updated and reload workers
2014-09-23 11:17:39 /tmp/gateway.store.cache.php updated and reload workers
2014-09-23 11:17:55 /tmp/gateway.store.cache.php updated and reload workers
2014-09-23 11:20:20 /tmp/gateway.store.cache.php updated and reload workers
2014-09-23 11:20:26 /tmp/gateway.store.cache.php updated and reload workers
2014-09-23 11:24:23 /tmp/gateway.store.cache.php updated and reload workers
2014-09-23 11:24:24 /tmp/gateway.store.cache.php updated and reload workers
2014-09-23 11:26:21 /tmp/gateway.store.cache.php updated and reload workers
2014-09-23 11:27:21 /tmp/gateway.store.cache.php updated and reload workers
2014-09-23 11:27:58 /tmp/gateway.store.cache.php updated and reload workers
2014-09-23 11:28:00 /tmp/gateway.store.cache.php updated and reload workers
2014-09-23 11:28:01 /tmp/gateway.store.cache.php updated and reload workers
2014-09-23 11:29:08 /tmp/gateway.store.cache.php updated and reload workers
2014-09-23 11:29:09 /tmp/gateway.store.cache.php updated and reload workers
2014-09-23 11:29:33 /tmp/gateway.store.cache.php updated and reload workers
2014-09-23 11:32:13 /tmp/gateway.store.cache.php updated and reload workers
2014-09-23 11:32:29 /tmp/gateway.store.cache.php updated and reload workers
2014-09-23 11:32:42 /tmp/gateway.store.cache.php updated and reload workers
2014-09-23 11:32:43 /tmp/gateway.store.cache.php updated and reload workers
2014-09-23 11:32:46 /tmp/gateway.store.cache.php updated and reload workers
2014-09-23 11:32:47 /tmp/gateway.store.cache.php updated and reload workers
2014-09-23 11:47:40 /tmp/gateway.store.cache.php updated and reload workers
2014-09-23 14:10:17 /tmp/gateway.store.cache.php updated and reload workers
2014-09-23 14:10:27 /tmp/gateway.store.cache.php updated and reload workers
2014-09-23 14:51:46 /tmp/gateway.store.cache.php updated and reload workers
2014-09-23 14:59:22 /tmp/gateway.store.cache.php updated and reload workers
2014-09-23 14:59:27 Worker[FileMonitor]:terminal closed and reset workers fd
2014-09-23 19:40:13 Server:Workerman is starting ...
2014-09-23 19:40:13 Server:[1A
[KWorkerman start success ...[0m
2014-09-23 21:22:45 Worker[FileMonitor]:terminal closed and reset workers fd
