2014-08-17 22:52:00 Server:Workerman is starting ...
2014-08-17 22:52:01 Server:[1A
[KWorkerman start success ...[0m
2014-08-17 22:52:50 /tmp/gateway.store.cache.php updated and reload workers
2014-08-17 22:52:52 /tmp/gateway.store.cache.php updated and reload workers
2014-08-17 22:52:53 /tmp/gateway.store.cache.php updated and reload workers
2014-08-17 22:53:40 /var/www/html/nws_v2/websocket/applications/Chat/Event.php updated and reload workers
2014-08-17 23:33:44 /tmp/gateway.store.cache.php updated and reload workers
2014-08-17 23:49:56 /tmp/gateway.store.cache.php updated and reload workers
2014-08-17 23:51:29 Server:Workerman is starting ...
2014-08-17 23:51:29 Server:[33;40mWorkerman already started[0m
2014-08-17 23:51:52 /tmp/gateway.store.cache.php updated and reload workers
2014-08-17 23:53:22 /tmp/gateway.store.cache.php updated and reload workers
2014-08-17 23:54:42 /tmp/gateway.store.cache.php updated and reload workers
2014-08-17 23:55:27 /tmp/gateway.store.cache.php updated and reload workers
2014-08-17 23:56:32 /tmp/gateway.store.cache.php updated and reload workers
2014-08-17 23:56:34 /tmp/gateway.store.cache.php updated and reload workers
2014-08-17 23:57:16 /tmp/gateway.store.cache.php updated and reload workers
2014-08-17 23:57:17 /tmp/gateway.store.cache.php updated and reload workers
2014-08-17 23:57:19 /tmp/gateway.store.cache.php updated and reload workers
2014-08-17 23:57:29 /tmp/gateway.store.cache.php updated and reload workers
2014-08-17 23:57:30 /tmp/gateway.store.cache.php updated and reload workers
2014-08-17 23:58:31 /var/www/html/nws_v2/websocket/applications/Chat/Event.php updated and reload workers
2014-08-17 23:58:40 /tmp/gateway.store.cache.php updated and reload workers
2014-08-17 23:58:49 /tmp/gateway.store.cache.php updated and reload workers
2014-08-17 23:59:41 /tmp/gateway.store.cache.php updated and reload workers
