2014-08-16 00:04:15 /tmp/gateway.store.cache.php updated and reload workers
2014-08-16 00:04:34 /tmp/gateway.store.cache.php updated and reload workers
2014-08-16 00:04:47 /tmp/gateway.store.cache.php updated and reload workers
2014-08-16 00:04:54 /tmp/gateway.store.cache.php updated and reload workers
2014-08-16 00:05:40 /tmp/gateway.store.cache.php updated and reload workers
2014-08-16 00:05:42 /tmp/gateway.store.cache.php updated and reload workers
2014-08-16 00:06:58 /tmp/gateway.store.cache.php updated and reload workers
2014-08-16 00:06:59 /tmp/gateway.store.cache.php updated and reload workers
2014-08-16 00:07:06 /tmp/gateway.store.cache.php updated and reload workers
2014-08-16 00:07:49 /tmp/gateway.store.cache.php updated and reload workers
2014-08-16 00:07:50 /tmp/gateway.store.cache.php updated and reload workers
2014-08-16 00:08:26 /tmp/gateway.store.cache.php updated and reload workers
2014-08-16 00:08:28 /tmp/gateway.store.cache.php updated and reload workers
2014-08-16 00:08:40 /tmp/gateway.store.cache.php updated and reload workers
2014-08-16 00:09:18 Worker[FileMonitor]:terminal closed and reset workers fd
2014-08-16 09:57:48 Server:Workerman is starting ...
2014-08-16 09:57:49 Server:[1A
[KWorkerman start success ...[0m
2014-08-16 09:57:54 /tmp/gateway.store.cache.php updated and reload workers
2014-08-16 09:58:39 /tmp/gateway.store.cache.php updated and reload workers
2014-08-16 09:59:01 /tmp/gateway.store.cache.php updated and reload workers
2014-08-16 09:59:02 /tmp/gateway.store.cache.php updated and reload workers
2014-08-16 10:00:16 /tmp/gateway.store.cache.php updated and reload workers
2014-08-16 10:03:39 /tmp/gateway.store.cache.php updated and reload workers
2014-08-16 10:03:59 /tmp/gateway.store.cache.php updated and reload workers
2014-08-16 10:04:15 /tmp/gateway.store.cache.php updated and reload workers
2014-08-16 10:04:19 /tmp/gateway.store.cache.php updated and reload workers
2014-08-16 10:04:20 /tmp/gateway.store.cache.php updated and reload workers
2014-08-16 10:04:21 /tmp/gateway.store.cache.php updated and reload workers
2014-08-16 10:04:22 /tmp/gateway.store.cache.php updated and reload workers
2014-08-16 10:04:23 /tmp/gateway.store.cache.php updated and reload workers
2014-08-16 10:04:24 /tmp/gateway.store.cache.php updated and reload workers
2014-08-16 10:04:26 /tmp/gateway.store.cache.php updated and reload workers
2014-08-16 10:04:27 /tmp/gateway.store.cache.php updated and reload workers
2014-08-16 10:04:30 /tmp/gateway.store.cache.php updated and reload workers
2014-08-16 10:05:57 /tmp/gateway.store.cache.php updated and reload workers
2014-08-16 10:06:40 /tmp/gateway.store.cache.php updated and reload workers
2014-08-16 10:14:24 /tmp/gateway.store.cache.php updated and reload workers
2014-08-16 10:19:06 /tmp/gateway.store.cache.php updated and reload workers
2014-08-16 10:19:32 /tmp/gateway.store.cache.php updated and reload workers
2014-08-16 10:23:17 /tmp/gateway.store.cache.php updated and reload workers
2014-08-16 10:24:33 /tmp/gateway.store.cache.php updated and reload workers
2014-08-16 10:25:13 /tmp/gateway.store.cache.php updated and reload workers
2014-08-16 10:26:33 /tmp/gateway.store.cache.php updated and reload workers
2014-08-16 10:26:34 /tmp/gateway.store.cache.php updated and reload workers
2014-08-16 10:33:37 /tmp/gateway.store.cache.php updated and reload workers
2014-08-16 10:34:22 /tmp/gateway.store.cache.php updated and reload workers
2014-08-16 10:34:23 /tmp/gateway.store.cache.php updated and reload workers
2014-08-16 10:35:42 /tmp/gateway.store.cache.php updated and reload workers
2014-08-16 10:36:57 /tmp/gateway.store.cache.php updated and reload workers
2014-08-16 10:38:44 /tmp/gateway.store.cache.php updated and reload workers
2014-08-16 10:40:25 /tmp/gateway.store.cache.php updated and reload workers
2014-08-16 10:42:09 /tmp/gateway.store.cache.php updated and reload workers
2014-08-16 10:42:10 /tmp/gateway.store.cache.php updated and reload workers
2014-08-16 10:42:26 /tmp/gateway.store.cache.php updated and reload workers
2014-08-16 10:42:27 /tmp/gateway.store.cache.php updated and reload workers
2014-08-16 10:44:45 /tmp/gateway.store.cache.php updated and reload workers
2014-08-16 10:44:46 /tmp/gateway.store.cache.php updated and reload workers
2014-08-16 10:57:01 /var/www/html/nws_v2/websocket/applications/Chat/Event.php updated and reload workers
2014-08-16 10:59:32 /var/www/html/nws_v2/websocket/applications/Chat/Event.php updated and reload workers
2014-08-16 10:59:49 /var/www/html/nws_v2/websocket/applications/Chat/Event.php updated and reload workers
2014-08-16 10:59:51 /var/www/html/nws_v2/websocket/applications/Chat/Event.php updated and reload workers
2014-08-16 11:00:32 /var/www/html/nws_v2/websocket/applications/Chat/Event.php updated and reload workers
2014-08-16 11:00:47 /tmp/gateway.store.cache.php updated and reload workers
2014-08-16 11:01:00 /tmp/gateway.store.cache.php updated and reload workers
2014-08-16 11:01:01 /tmp/gateway.store.cache.php updated and reload workers
2014-08-16 11:02:12 /var/www/html/nws_v2/websocket/applications/Chat/Event.php updated and reload workers
2014-08-16 11:02:19 /tmp/gateway.store.cache.php updated and reload workers
2014-08-16 11:02:21 /tmp/gateway.store.cache.php updated and reload workers
2014-08-16 11:13:16 /tmp/gateway.store.cache.php updated and reload workers
2014-08-16 11:13:17 /tmp/gateway.store.cache.php updated and reload workers
2014-08-16 11:17:11 /tmp/gateway.store.cache.php updated and reload workers
2014-08-16 11:17:12 /tmp/gateway.store.cache.php updated and reload workers
2014-08-16 11:18:33 /tmp/gateway.store.cache.php updated and reload workers
2014-08-16 11:18:34 /tmp/gateway.store.cache.php updated and reload workers
2014-08-16 11:19:12 /tmp/gateway.store.cache.php updated and reload workers
2014-08-16 11:19:52 /tmp/gateway.store.cache.php updated and reload workers
2014-08-16 11:22:30 /tmp/gateway.store.cache.php updated and reload workers
2014-08-16 11:24:24 /tmp/gateway.store.cache.php updated and reload workers
2014-08-16 11:26:22 /tmp/gateway.store.cache.php updated and reload workers
2014-08-16 11:34:13 /var/www/html/nws_v2/websocket/applications/Chat/Event.php updated and reload workers
2014-08-16 11:34:14 Worker[BusinessWorker]:WORKER EXIT UNEXPECTED   Cannot use [] for reading in /var/www/html/nws_v2/websocket/applications/Chat/Event.php on line 240
2014-08-16 11:34:14 Server:worker[17556:BusinessWorker] exit with status 65280
2014-08-16 11:34:15 Worker[BusinessWorker]:WORKER EXIT UNEXPECTED   Cannot use [] for reading in /var/www/html/nws_v2/websocket/applications/Chat/Event.php on line 240
2014-08-16 11:34:15 Server:worker[17551:BusinessWorker] exit with status 65280
2014-08-16 11:34:16 Worker[BusinessWorker]:WORKER EXIT UNEXPECTED   Cannot use [] for reading in /var/www/html/nws_v2/websocket/applications/Chat/Event.php on line 240
2014-08-16 11:34:16 Server:worker[17572:BusinessWorker] exit with status 65280
2014-08-16 11:34:17 Worker[BusinessWorker]:WORKER EXIT UNEXPECTED   Cannot use [] for reading in /var/www/html/nws_v2/websocket/applications/Chat/Event.php on line 240
2014-08-16 11:34:17 Server:worker[17558:BusinessWorker] exit with status 65280
2014-08-16 11:34:18 Worker[BusinessWorker]:WORKER EXIT UNEXPECTED   Cannot use [] for reading in /var/www/html/nws_v2/websocket/applications/Chat/Event.php on line 240
2014-08-16 11:34:18 Server:worker[17547:BusinessWorker] exit with status 65280
2014-08-16 11:34:19 Worker[BusinessWorker]:WORKER EXIT UNEXPECTED   Cannot use [] for reading in /var/www/html/nws_v2/websocket/applications/Chat/Event.php on line 240
2014-08-16 11:34:19 Server:worker[17600:BusinessWorker] exit with status 65280
2014-08-16 11:34:20 Worker[BusinessWorker]:WORKER EXIT UNEXPECTED   Cannot use [] for reading in /var/www/html/nws_v2/websocket/applications/Chat/Event.php on line 240
2014-08-16 11:34:20 Server:worker[17608:BusinessWorker] exit with status 65280
2014-08-16 11:34:21 Worker[BusinessWorker]:WORKER EXIT UNEXPECTED   Cannot use [] for reading in /var/www/html/nws_v2/websocket/applications/Chat/Event.php on line 240
2014-08-16 11:34:21 Worker[BusinessWorker]:WORKER EXIT UNEXPECTED   Cannot use [] for reading in /var/www/html/nws_v2/websocket/applications/Chat/Event.php on line 240
2014-08-16 11:34:21 Server:worker[17626:BusinessWorker] exit with status 65280
2014-08-16 11:34:21 Server:worker[17618:BusinessWorker] exit with status 65280
2014-08-16 11:34:21 Worker[BusinessWorker]:WORKER EXIT UNEXPECTED   Cannot use [] for reading in /var/www/html/nws_v2/websocket/applications/Chat/Event.php on line 240
2014-08-16 11:34:21 Server:worker[17643:BusinessWorker] exit with status 65280
2014-08-16 11:34:22 Worker[BusinessWorker]:WORKER EXIT UNEXPECTED   Cannot use [] for reading in /var/www/html/nws_v2/websocket/applications/Chat/Event.php on line 240
2014-08-16 11:34:22 Server:worker[17590:BusinessWorker] exit with status 65280
2014-08-16 11:34:38 /var/www/html/nws_v2/websocket/applications/Chat/Event.php updated and reload workers
2014-08-16 11:34:50 /var/www/html/nws_v2/websocket/applications/Chat/Event.php updated and reload workers
2014-08-16 11:34:57 Server:Workerman is starting ...
2014-08-16 11:34:57 Server:[33;40mWorkerman already started[0m
2014-08-16 11:35:04 /tmp/gateway.store.cache.php updated and reload workers
2014-08-16 11:36:37 /var/www/html/nws_v2/websocket/applications/Chat/Event.php updated and reload workers
2014-08-16 11:36:47 /tmp/gateway.store.cache.php updated and reload workers
2014-08-16 14:14:28 /tmp/gateway.store.cache.php updated and reload workers
2014-08-16 14:14:59 Worker[FileMonitor]:terminal closed and reset workers fd
