2014-08-12 00:01:19 /var/www/html/nws_v2/websocket/applications/Chat/Event.php updated and reload workers
2014-08-12 00:02:55 /tmp/gateway.store.cache.php updated and reload workers
2014-08-12 00:09:09 /var/www/html/nws_v2/websocket/applications/Chat/Event.php updated and reload workers
2014-08-12 00:09:29 /var/www/html/nws_v2/websocket/applications/Chat/Event.php updated and reload workers
2014-08-12 00:09:59 /var/www/html/nws_v2/websocket/applications/Chat/Event.php updated and reload workers
2014-08-12 00:10:05 /var/www/html/nws_v2/websocket/applications/Chat/Event.php updated and reload workers
2014-08-12 00:10:17 /var/www/html/nws_v2/websocket/applications/Chat/Event.php updated and reload workers
2014-08-12 00:12:29 /tmp/gateway.store.cache.php updated and reload workers
2014-08-12 00:13:14 /tmp/gateway.store.cache.php updated and reload workers
2014-08-12 00:13:16 /tmp/gateway.store.cache.php updated and reload workers
2014-08-12 00:13:27 /tmp/gateway.store.cache.php updated and reload workers
2014-08-12 00:14:00 /tmp/gateway.store.cache.php updated and reload workers
2014-08-12 00:14:44 /tmp/gateway.store.cache.php updated and reload workers
2014-08-12 00:15:12 /tmp/gateway.store.cache.php updated and reload workers
2014-08-12 00:15:36 /tmp/gateway.store.cache.php updated and reload workers
2014-08-12 00:15:48 /tmp/gateway.store.cache.php updated and reload workers
2014-08-12 00:16:52 /tmp/gateway.store.cache.php updated and reload workers
2014-08-12 00:17:06 /tmp/gateway.store.cache.php updated and reload workers
2014-08-12 00:17:17 /tmp/gateway.store.cache.php updated and reload workers
2014-08-12 00:17:18 /tmp/gateway.store.cache.php updated and reload workers
2014-08-12 00:17:31 /tmp/gateway.store.cache.php updated and reload workers
2014-08-12 00:17:32 /tmp/gateway.store.cache.php updated and reload workers
2014-08-12 00:17:47 /tmp/gateway.store.cache.php updated and reload workers
2014-08-12 00:18:19 /tmp/gateway.store.cache.php updated and reload workers
2014-08-12 00:18:20 /tmp/gateway.store.cache.php updated and reload workers
2014-08-12 00:18:28 /tmp/gateway.store.cache.php updated and reload workers
2014-08-12 00:18:33 /tmp/gateway.store.cache.php updated and reload workers
2014-08-12 00:18:57 /tmp/gateway.store.cache.php updated and reload workers
2014-08-12 00:19:06 /tmp/gateway.store.cache.php updated and reload workers
2014-08-12 00:19:18 /tmp/gateway.store.cache.php updated and reload workers
2014-08-12 00:21:21 /tmp/gateway.store.cache.php updated and reload workers
2014-08-12 00:21:53 /tmp/gateway.store.cache.php updated and reload workers
2014-08-12 00:22:19 /tmp/gateway.store.cache.php updated and reload workers
2014-08-12 00:23:11 /tmp/gateway.store.cache.php updated and reload workers
2014-08-12 00:23:49 /tmp/gateway.store.cache.php updated and reload workers
2014-08-12 23:01:10 Server:Workerman is starting ...
2014-08-12 23:01:10 Server:[1A
[KWorkerman start success ...[0m
2014-08-12 23:01:47 /tmp/gateway.store.cache.php updated and reload workers
2014-08-12 23:02:25 /tmp/gateway.store.cache.php updated and reload workers
2014-08-12 23:03:24 /tmp/gateway.store.cache.php updated and reload workers
2014-08-12 23:03:33 /tmp/gateway.store.cache.php updated and reload workers
2014-08-12 23:03:36 /tmp/gateway.store.cache.php updated and reload workers
2014-08-12 23:03:38 /tmp/gateway.store.cache.php updated and reload workers
2014-08-12 23:03:52 /tmp/gateway.store.cache.php updated and reload workers
2014-08-12 23:04:20 /tmp/gateway.store.cache.php updated and reload workers
2014-08-12 23:04:28 /tmp/gateway.store.cache.php updated and reload workers
2014-08-12 23:04:32 /tmp/gateway.store.cache.php updated and reload workers
2014-08-12 23:04:41 /tmp/gateway.store.cache.php updated and reload workers
2014-08-12 23:05:15 /tmp/gateway.store.cache.php updated and reload workers
2014-08-12 23:05:47 /var/www/html/nws_v2/websocket/applications/Chat/Event.php updated and reload workers
2014-08-12 23:05:56 /tmp/gateway.store.cache.php updated and reload workers
2014-08-12 23:06:16 /tmp/gateway.store.cache.php updated and reload workers
2014-08-12 23:06:52 /tmp/gateway.store.cache.php updated and reload workers
2014-08-12 23:06:55 /tmp/gateway.store.cache.php updated and reload workers
2014-08-12 23:15:14 /tmp/gateway.store.cache.php updated and reload workers
2014-08-12 23:30:53 /tmp/gateway.store.cache.php updated and reload workers
2014-08-12 23:30:54 Worker[FileMonitor]:terminal closed and reset workers fd
