2014-09-28 12:11:30 Server:Workerman is starting ...
2014-09-28 12:11:31 Server:[1A
[KWorkerman start success ...[0m
2014-09-28 15:55:15 /tmp/gateway.store.cache.php updated and reload workers
2014-09-28 15:55:18 /tmp/gateway.store.cache.php updated and reload workers
2014-09-28 16:05:51 Worker[FileMonitor]:terminal closed and reset workers fd
2014-09-28 16:06:27 Server:Workerman is starting ...
2014-09-28 16:06:27 Server:[33;40mWorkerman already started[0m
2014-09-28 16:13:10 Server:Workerman is shutting down
2014-09-28 16:13:10 Server:Workerman stoped
2014-09-28 16:13:14 Server:Workerman is starting ...
2014-09-28 16:13:14 Server:[1A
[KWorkerman start success ...[0m
2014-09-28 16:18:19 /tmp/gateway.store.cache.php updated and reload workers
2014-09-28 16:18:29 /tmp/gateway.store.cache.php updated and reload workers
2014-09-28 16:24:41 Server:Workerman is shutting down
2014-09-28 16:24:41 Server:Workerman stoped
2014-09-28 16:24:44 Server:Workerman is starting ...
2014-09-28 16:24:44 Server:[1A
[KWorkerman start success ...[0m
2014-09-28 16:25:19 /tmp/gateway.store.cache.php updated and reload workers
2014-09-28 16:26:44 /tmp/gateway.store.cache.php updated and reload workers
2014-09-28 16:32:22 /tmp/gateway.store.cache.php updated and reload workers
2014-09-28 16:32:36 /tmp/gateway.store.cache.php updated and reload workers
2014-09-28 16:36:32 /tmp/gateway.store.cache.php updated and reload workers
2014-09-28 16:38:09 /tmp/gateway.store.cache.php updated and reload workers
