2014-10-18 01:27:32 /tmp/gateway.store.cache.php updated and reload workers
2014-10-18 01:27:41 Worker[FileMonitor]:terminal closed and reset workers fd
2014-10-18 10:14:54 Server:Workerman is starting ...
2014-10-18 10:14:55 Server:[1A
[KWorkerman start success ...[0m
2014-10-18 10:22:09 /tmp/gateway.store.cache.php updated and reload workers
2014-10-18 10:22:21 /tmp/gateway.store.cache.php updated and reload workers
2014-10-18 10:22:22 /tmp/gateway.store.cache.php updated and reload workers
2014-10-18 15:28:01 /tmp/gateway.store.cache.php updated and reload workers
2014-10-18 15:28:03 /tmp/gateway.store.cache.php updated and reload workers
2014-10-18 15:28:04 /tmp/gateway.store.cache.php updated and reload workers
2014-10-18 15:28:06 /tmp/gateway.store.cache.php updated and reload workers
2014-10-18 17:01:30 /tmp/gateway.store.cache.php updated and reload workers
2014-10-18 17:01:31 /tmp/gateway.store.cache.php updated and reload workers
2014-10-18 17:01:35 /tmp/gateway.store.cache.php updated and reload workers
2014-10-18 17:37:24 /tmp/gateway.store.cache.php updated and reload workers
2014-10-18 22:54:04 /tmp/gateway.store.cache.php updated and reload workers
2014-10-18 22:54:06 /tmp/gateway.store.cache.php updated and reload workers
2014-10-18 22:54:44 /tmp/gateway.store.cache.php updated and reload workers
2014-10-18 23:37:35 /tmp/gateway.store.cache.php updated and reload workers
2014-10-18 23:37:39 /tmp/gateway.store.cache.php updated and reload workers
