2014-10-20 00:09:11 /tmp/gateway.store.cache.php updated and reload workers
2014-10-20 00:09:12 /tmp/gateway.store.cache.php updated and reload workers
2014-10-20 00:11:01 /tmp/gateway.store.cache.php updated and reload workers
2014-10-20 00:11:02 /tmp/gateway.store.cache.php updated and reload workers
2014-10-20 00:13:00 /tmp/gateway.store.cache.php updated and reload workers
2014-10-20 00:13:02 /tmp/gateway.store.cache.php updated and reload workers
2014-10-20 00:13:03 /tmp/gateway.store.cache.php updated and reload workers
2014-10-20 00:13:21 /tmp/gateway.store.cache.php updated and reload workers
2014-10-20 00:13:22 /tmp/gateway.store.cache.php updated and reload workers
2014-10-20 00:15:22 /tmp/gateway.store.cache.php updated and reload workers
2014-10-20 00:15:23 /tmp/gateway.store.cache.php updated and reload workers
2014-10-20 00:15:49 /tmp/gateway.store.cache.php updated and reload workers
2014-10-20 00:15:51 Worker[FileMonitor]:terminal closed and reset workers fd
2014-10-20 10:15:22 Server:Workerman is starting ...
2014-10-20 10:15:23 Server:[1A
[KWorkerman start success ...[0m
2014-10-20 10:16:39 /tmp/gateway.store.cache.php updated and reload workers
2014-10-20 10:16:56 /tmp/gateway.store.cache.php updated and reload workers
2014-10-20 12:11:25 /tmp/gateway.store.cache.php updated and reload workers
2014-10-20 12:11:26 /tmp/gateway.store.cache.php updated and reload workers
2014-10-20 12:11:33 /tmp/gateway.store.cache.php updated and reload workers
2014-10-20 12:14:24 /tmp/gateway.store.cache.php updated and reload workers
2014-10-20 12:33:22 /tmp/gateway.store.cache.php updated and reload workers
2014-10-20 12:33:35 Worker[FileMonitor]:terminal closed and reset workers fd
