2014-09-30 10:07:38 Server:Workerman is starting ...
2014-09-30 10:07:39 Server:[1A
[KWorkerman start success ...[0m
2014-09-30 15:23:15 /tmp/gateway.store.cache.php updated and reload workers
2014-09-30 15:24:28 /tmp/gateway.store.cache.php updated and reload workers
2014-09-30 15:26:59 /tmp/gateway.store.cache.php updated and reload workers
2014-09-30 15:52:15 /tmp/gateway.store.cache.php updated and reload workers
2014-09-30 15:52:30 /tmp/gateway.store.cache.php updated and reload workers
2014-09-30 15:52:45 /tmp/gateway.store.cache.php updated and reload workers
2014-09-30 15:52:46 /tmp/gateway.store.cache.php updated and reload workers
2014-09-30 15:54:04 /tmp/gateway.store.cache.php updated and reload workers
2014-09-30 15:54:35 /tmp/gateway.store.cache.php updated and reload workers
2014-09-30 15:55:56 /tmp/gateway.store.cache.php updated and reload workers
2014-09-30 16:11:38 /tmp/gateway.store.cache.php updated and reload workers
2014-09-30 16:12:54 /tmp/gateway.store.cache.php updated and reload workers
2014-09-30 16:13:50 /tmp/gateway.store.cache.php updated and reload workers
2014-09-30 16:14:31 /tmp/gateway.store.cache.php updated and reload workers
2014-09-30 16:17:01 /tmp/gateway.store.cache.php updated and reload workers
2014-09-30 16:17:04 /tmp/gateway.store.cache.php updated and reload workers
2014-09-30 16:18:23 /tmp/gateway.store.cache.php updated and reload workers
2014-09-30 17:08:04 /tmp/gateway.store.cache.php updated and reload workers
2014-09-30 21:34:10 /tmp/gateway.store.cache.php updated and reload workers
2014-09-30 21:34:12 Server:worker[25059:BusinessWorker] exit with status 12
2014-09-30 21:34:12 Server:worker[25054:StatisticWorker] exit with status 12
2014-09-30 21:34:12 Server:worker[25056:BusinessWorker] exit with status 12
2014-09-30 21:34:12 Server:worker[25060:ChatWeb] exit with status 12
2014-09-30 21:34:12 Server:worker[25061:StatisticProvider] exit with status 12
2014-09-30 21:34:12 Server:worker[25065:BusinessWorker] exit with status 12
2014-09-30 21:34:12 Server:worker[25068:StatisticWeb] exit with status 12
2014-09-30 21:34:12 Server:worker[25070:Monitor] exit with status 12
2014-09-30 21:34:12 Server:worker[25071:BusinessWorker] exit with status 12
2014-09-30 21:34:13 Server:worker[18382:BusinessWorker] exit with status 12
2014-09-30 21:34:13 Server:worker[18377:BusinessWorker] exit with status 12
2014-09-30 21:34:13 Server:worker[18378:StatisticWorker] exit with status 12
2014-09-30 21:34:13 Server:worker[18379:BusinessWorker] exit with status 12
2014-09-30 21:34:13 Server:worker[18380:ChatWeb] exit with status 12
2014-09-30 21:34:13 Server:worker[18381:StatisticProvider] exit with status 12
2014-09-30 21:34:13 Server:worker[18383:StatisticWeb] exit with status 12
2014-09-30 21:34:13 Server:worker[18384:Monitor] exit with status 12
2014-09-30 21:34:13 Server:worker[18385:BusinessWorker] exit with status 12
2014-09-30 21:34:14 Server:worker[18403:BusinessWorker] exit with status 12
2014-09-30 21:34:14 Server:worker[18402:BusinessWorker] exit with status 12
2014-09-30 21:34:14 Server:worker[18404:StatisticWorker] exit with status 12
2014-09-30 21:34:14 Server:worker[18405:BusinessWorker] exit with status 12
2014-09-30 21:34:14 Server:worker[18406:ChatWeb] exit with status 12
2014-09-30 21:34:14 Server:worker[18407:StatisticProvider] exit with status 12
2014-09-30 21:34:14 Server:worker[18408:StatisticWeb] exit with status 12
2014-09-30 21:34:14 Server:worker[18409:Monitor] exit with status 12
2014-09-30 21:34:14 Server:worker[18410:BusinessWorker] exit with status 12
2014-09-30 21:34:15 Server:worker[18420:StatisticWorker] exit with status 12
2014-09-30 21:34:15 Server:worker[18418:BusinessWorker] exit with status 12
2014-09-30 21:34:15 Server:worker[18419:BusinessWorker] exit with status 12
2014-09-30 21:34:15 Server:worker[18421:BusinessWorker] exit with status 12
2014-09-30 21:34:15 Server:worker[18422:ChatWeb] exit with status 12
2014-09-30 21:34:15 Server:worker[18423:StatisticProvider] exit with status 12
2014-09-30 21:34:15 Server:worker[18424:StatisticWeb] exit with status 12
2014-09-30 21:34:15 Server:worker[18425:Monitor] exit with status 12
2014-09-30 21:34:15 Server:worker[18426:BusinessWorker] exit with status 12
2014-09-30 21:34:16 Server:worker[18457:BusinessWorker] exit with status 12
2014-09-30 21:34:16 Server:worker[18445:StatisticWorker] exit with status 12
2014-09-30 21:34:16 Server:worker[18446:BusinessWorker] exit with status 12
2014-09-30 21:34:16 Server:worker[18447:BusinessWorker] exit with status 12
2014-09-30 21:34:16 Server:worker[18449:BusinessWorker] exit with status 12
2014-09-30 21:34:16 Server:worker[18451:ChatWeb] exit with status 12
2014-09-30 21:34:16 Server:worker[18452:StatisticProvider] exit with status 12
2014-09-30 21:34:16 Server:worker[18454:StatisticWeb] exit with status 12
2014-09-30 21:34:16 Server:worker[18455:Monitor] exit with status 12
2014-09-30 21:34:17 Server:worker[18472:BusinessWorker] exit with status 12
2014-09-30 21:34:17 Server:worker[18473:StatisticWorker] exit with status 12
2014-09-30 21:34:17 Server:worker[18474:BusinessWorker] exit with status 12
2014-09-30 21:34:17 Server:worker[18477:BusinessWorker] exit with status 12
2014-09-30 21:34:17 Server:worker[18479:BusinessWorker] exit with status 12
2014-09-30 21:34:17 Server:worker[18480:ChatWeb] exit with status 12
2014-09-30 21:34:17 Server:worker[18482:StatisticProvider] exit with status 12
2014-09-30 21:34:17 Server:worker[18484:StatisticWeb] exit with status 12
2014-09-30 21:34:17 Server:worker[18485:Monitor] exit with status 12
2014-09-30 21:34:18 Server:worker[18502:BusinessWorker] exit with status 12
2014-09-30 21:34:18 Server:worker[18499:BusinessWorker] exit with status 12
2014-09-30 21:34:18 Server:worker[18500:StatisticWorker] exit with status 12
2014-09-30 21:34:18 Server:worker[18501:BusinessWorker] exit with status 12
2014-09-30 21:34:18 Server:worker[18507:BusinessWorker] exit with status 12
2014-09-30 21:34:18 Server:worker[18508:ChatWeb] exit with status 12
2014-09-30 21:34:18 Server:worker[18509:StatisticProvider] exit with status 12
2014-09-30 21:34:18 Server:worker[18511:StatisticWeb] exit with status 12
2014-09-30 21:34:18 Server:worker[18512:Monitor] exit with status 12
2014-09-30 21:34:19 Server:worker[18538:Monitor] exit with status 12
2014-09-30 21:34:19 Server:worker[18526:BusinessWorker] exit with status 12
2014-09-30 21:34:19 Server:worker[18527:BusinessWorker] exit with status 12
2014-09-30 21:34:19 Server:worker[18528:StatisticWorker] exit with status 12
2014-09-30 21:34:19 Server:worker[18529:BusinessWorker] exit with status 12
2014-09-30 21:34:19 Server:worker[18531:BusinessWorker] exit with status 12
2014-09-30 21:34:19 Server:worker[18533:ChatWeb] exit with status 12
2014-09-30 21:34:19 Server:worker[18535:StatisticProvider] exit with status 12
2014-09-30 21:34:19 Server:worker[18536:StatisticWeb] exit with status 12
2014-09-30 21:34:20 Server:worker[18553:Monitor] exit with status 12
2014-09-30 21:34:20 Server:worker[18554:BusinessWorker] exit with status 12
2014-09-30 21:34:20 Server:worker[18555:BusinessWorker] exit with status 12
2014-09-30 21:34:20 Server:worker[18556:StatisticWorker] exit with status 12
2014-09-30 21:34:20 Server:worker[18558:BusinessWorker] exit with status 12
2014-09-30 21:34:20 Server:worker[18561:BusinessWorker] exit with status 12
2014-09-30 21:34:20 Server:worker[18564:ChatWeb] exit with status 12
2014-09-30 21:34:20 Server:worker[18565:StatisticProvider] exit with status 12
2014-09-30 21:34:20 Server:worker[18566:StatisticWeb] exit with status 12
2014-09-30 21:34:21 Server:worker[18578:Monitor] exit with status 12
2014-09-30 21:34:21 Server:worker[18579:BusinessWorker] exit with status 12
2014-09-30 21:34:21 Server:worker[18580:BusinessWorker] exit with status 12
2014-09-30 21:34:21 Server:worker[18581:StatisticWorker] exit with status 12
2014-09-30 21:34:21 Server:worker[18584:BusinessWorker] exit with status 12
2014-09-30 21:34:21 Server:worker[18586:BusinessWorker] exit with status 12
2014-09-30 21:34:21 Server:worker[18587:ChatWeb] exit with status 12
2014-09-30 21:34:21 Server:worker[18589:StatisticProvider] exit with status 12
2014-09-30 21:34:21 Server:worker[18591:StatisticWeb] exit with status 12
2014-09-30 21:34:34 /tmp/gateway.store.cache.php updated and reload workers
2014-09-30 21:34:35 /tmp/gateway.store.cache.php updated and reload workers
2014-09-30 21:34:40 /tmp/gateway.store.cache.php updated and reload workers
2014-09-30 21:34:41 /tmp/gateway.store.cache.php updated and reload workers
2014-09-30 21:34:59 /tmp/gateway.store.cache.php updated and reload workers
2014-09-30 21:35:14 /tmp/gateway.store.cache.php updated and reload workers
2014-09-30 21:35:26 /tmp/gateway.store.cache.php updated and reload workers
2014-09-30 21:35:38 /tmp/gateway.store.cache.php updated and reload workers
2014-09-30 21:35:47 /tmp/gateway.store.cache.php updated and reload workers
2014-09-30 21:35:50 /tmp/gateway.store.cache.php updated and reload workers
2014-09-30 21:35:54 /tmp/gateway.store.cache.php updated and reload workers
2014-09-30 21:36:01 /tmp/gateway.store.cache.php updated and reload workers
2014-09-30 21:36:09 /tmp/gateway.store.cache.php updated and reload workers
2014-09-30 21:36:15 /tmp/gateway.store.cache.php updated and reload workers
2014-09-30 21:36:16 /tmp/gateway.store.cache.php updated and reload workers
2014-09-30 21:36:21 /tmp/gateway.store.cache.php updated and reload workers
2014-09-30 21:36:31 /tmp/gateway.store.cache.php updated and reload workers
2014-09-30 21:36:39 /tmp/gateway.store.cache.php updated and reload workers
2014-09-30 21:36:44 /tmp/gateway.store.cache.php updated and reload workers
2014-09-30 21:36:52 /tmp/gateway.store.cache.php updated and reload workers
2014-09-30 21:36:53 /tmp/gateway.store.cache.php updated and reload workers
2014-09-30 21:37:04 /tmp/gateway.store.cache.php updated and reload workers
2014-09-30 21:37:11 /tmp/gateway.store.cache.php updated and reload workers
2014-09-30 21:37:41 /tmp/gateway.store.cache.php updated and reload workers
2014-09-30 21:38:22 /tmp/gateway.store.cache.php updated and reload workers
2014-09-30 21:38:32 /tmp/gateway.store.cache.php updated and reload workers
2014-09-30 21:39:43 /tmp/gateway.store.cache.php updated and reload workers
2014-09-30 21:39:44 /tmp/gateway.store.cache.php updated and reload workers
2014-09-30 21:40:08 /tmp/gateway.store.cache.php updated and reload workers
2014-09-30 21:43:16 /tmp/gateway.store.cache.php updated and reload workers
2014-09-30 21:43:18 /tmp/gateway.store.cache.php updated and reload workers
2014-09-30 21:43:19 /tmp/gateway.store.cache.php updated and reload workers
2014-09-30 21:43:47 /tmp/gateway.store.cache.php updated and reload workers
2014-09-30 21:49:03 /tmp/gateway.store.cache.php updated and reload workers
2014-09-30 21:50:03 /tmp/gateway.store.cache.php updated and reload workers
2014-09-30 21:51:52 /tmp/gateway.store.cache.php updated and reload workers
2014-09-30 21:51:53 /tmp/gateway.store.cache.php updated and reload workers
2014-09-30 21:51:59 /tmp/gateway.store.cache.php updated and reload workers
2014-09-30 21:53:50 /tmp/gateway.store.cache.php updated and reload workers
2014-09-30 21:53:51 /tmp/gateway.store.cache.php updated and reload workers
2014-09-30 21:55:55 /tmp/gateway.store.cache.php updated and reload workers
2014-09-30 21:55:56 /tmp/gateway.store.cache.php updated and reload workers
2014-09-30 21:55:57 /tmp/gateway.store.cache.php updated and reload workers
2014-09-30 21:56:26 /tmp/gateway.store.cache.php updated and reload workers
2014-09-30 21:57:52 /tmp/gateway.store.cache.php updated and reload workers
2014-09-30 21:58:03 /tmp/gateway.store.cache.php updated and reload workers
2014-09-30 21:58:15 /tmp/gateway.store.cache.php updated and reload workers
2014-09-30 23:00:11 /tmp/gateway.store.cache.php updated and reload workers
2014-09-30 23:01:40 /tmp/gateway.store.cache.php updated and reload workers
2014-09-30 23:01:41 /tmp/gateway.store.cache.php updated and reload workers
2014-09-30 23:01:45 /tmp/gateway.store.cache.php updated and reload workers
2014-09-30 23:01:46 /tmp/gateway.store.cache.php updated and reload workers
2014-09-30 23:01:47 /tmp/gateway.store.cache.php updated and reload workers
2014-09-30 23:01:49 /tmp/gateway.store.cache.php updated and reload workers
2014-09-30 23:01:50 /tmp/gateway.store.cache.php updated and reload workers
2014-09-30 23:02:57 /tmp/gateway.store.cache.php updated and reload workers
2014-09-30 23:03:56 /tmp/gateway.store.cache.php updated and reload workers
2014-09-30 23:04:49 /tmp/gateway.store.cache.php updated and reload workers
2014-09-30 23:04:57 /tmp/gateway.store.cache.php updated and reload workers
2014-09-30 23:04:58 /tmp/gateway.store.cache.php updated and reload workers
2014-09-30 23:05:05 /tmp/gateway.store.cache.php updated and reload workers
2014-09-30 23:05:12 /tmp/gateway.store.cache.php updated and reload workers
2014-09-30 23:05:13 /tmp/gateway.store.cache.php updated and reload workers
2014-09-30 23:05:20 /tmp/gateway.store.cache.php updated and reload workers
2014-09-30 23:07:20 /tmp/gateway.store.cache.php updated and reload workers
2014-09-30 23:07:42 /tmp/gateway.store.cache.php updated and reload workers
2014-09-30 23:13:51 /tmp/gateway.store.cache.php updated and reload workers
2014-09-30 23:16:04 /tmp/gateway.store.cache.php updated and reload workers
2014-09-30 23:16:05 /tmp/gateway.store.cache.php updated and reload workers
2014-09-30 23:16:09 /tmp/gateway.store.cache.php updated and reload workers
2014-09-30 23:18:09 /tmp/gateway.store.cache.php updated and reload workers
2014-09-30 23:19:50 /tmp/gateway.store.cache.php updated and reload workers
2014-09-30 23:19:54 /tmp/gateway.store.cache.php updated and reload workers
2014-09-30 23:19:57 /tmp/gateway.store.cache.php updated and reload workers
2014-09-30 23:22:37 /tmp/gateway.store.cache.php updated and reload workers
2014-09-30 23:22:58 /tmp/gateway.store.cache.php updated and reload workers
2014-09-30 23:23:32 /tmp/gateway.store.cache.php updated and reload workers
2014-09-30 23:23:49 /tmp/gateway.store.cache.php updated and reload workers
2014-09-30 23:23:50 /tmp/gateway.store.cache.php updated and reload workers
2014-09-30 23:23:56 /tmp/gateway.store.cache.php updated and reload workers
2014-09-30 23:23:57 /tmp/gateway.store.cache.php updated and reload workers
2014-09-30 23:25:05 /tmp/gateway.store.cache.php updated and reload workers
2014-09-30 23:26:14 /tmp/gateway.store.cache.php updated and reload workers
2014-09-30 23:26:40 /tmp/gateway.store.cache.php updated and reload workers
2014-09-30 23:26:41 /tmp/gateway.store.cache.php updated and reload workers
2014-09-30 23:26:45 /tmp/gateway.store.cache.php updated and reload workers
2014-09-30 23:27:15 /tmp/gateway.store.cache.php updated and reload workers
2014-09-30 23:27:28 /tmp/gateway.store.cache.php updated and reload workers
2014-09-30 23:28:31 /tmp/gateway.store.cache.php updated and reload workers
2014-09-30 23:29:04 /tmp/gateway.store.cache.php updated and reload workers
2014-09-30 23:29:12 /tmp/gateway.store.cache.php updated and reload workers
2014-09-30 23:33:34 /tmp/gateway.store.cache.php updated and reload workers
2014-09-30 23:36:46 /tmp/gateway.store.cache.php updated and reload workers
2014-09-30 23:36:47 /tmp/gateway.store.cache.php updated and reload workers
2014-09-30 23:38:34 /tmp/gateway.store.cache.php updated and reload workers
2014-09-30 23:38:48 /tmp/gateway.store.cache.php updated and reload workers
2014-09-30 23:38:49 /tmp/gateway.store.cache.php updated and reload workers
2014-09-30 23:38:54 /tmp/gateway.store.cache.php updated and reload workers
2014-09-30 23:38:57 /tmp/gateway.store.cache.php updated and reload workers
2014-09-30 23:38:58 /tmp/gateway.store.cache.php updated and reload workers
2014-09-30 23:39:00 /tmp/gateway.store.cache.php updated and reload workers
2014-09-30 23:39:01 /tmp/gateway.store.cache.php updated and reload workers
2014-09-30 23:39:02 /tmp/gateway.store.cache.php updated and reload workers
2014-09-30 23:39:03 /tmp/gateway.store.cache.php updated and reload workers
2014-09-30 23:39:05 /tmp/gateway.store.cache.php updated and reload workers
2014-09-30 23:42:37 /tmp/gateway.store.cache.php updated and reload workers
2014-09-30 23:42:40 /tmp/gateway.store.cache.php updated and reload workers
2014-09-30 23:42:42 /tmp/gateway.store.cache.php updated and reload workers
2014-09-30 23:42:43 /tmp/gateway.store.cache.php updated and reload workers
2014-09-30 23:43:17 /tmp/gateway.store.cache.php updated and reload workers
2014-09-30 23:43:18 /tmp/gateway.store.cache.php updated and reload workers
2014-09-30 23:43:20 /tmp/gateway.store.cache.php updated and reload workers
2014-09-30 23:43:22 /tmp/gateway.store.cache.php updated and reload workers
2014-09-30 23:43:34 /tmp/gateway.store.cache.php updated and reload workers
2014-09-30 23:44:52 /tmp/gateway.store.cache.php updated and reload workers
2014-09-30 23:44:53 /tmp/gateway.store.cache.php updated and reload workers
2014-09-30 23:44:54 /tmp/gateway.store.cache.php updated and reload workers
2014-09-30 23:44:55 /tmp/gateway.store.cache.php updated and reload workers
2014-09-30 23:44:57 /tmp/gateway.store.cache.php updated and reload workers
2014-09-30 23:48:27 /tmp/gateway.store.cache.php updated and reload workers
2014-09-30 23:48:33 /tmp/gateway.store.cache.php updated and reload workers
2014-09-30 23:49:26 /tmp/gateway.store.cache.php updated and reload workers
2014-09-30 23:49:27 /tmp/gateway.store.cache.php updated and reload workers
2014-09-30 23:50:21 /tmp/gateway.store.cache.php updated and reload workers
2014-09-30 23:50:58 /tmp/gateway.store.cache.php updated and reload workers
2014-09-30 23:50:59 /tmp/gateway.store.cache.php updated and reload workers
2014-09-30 23:51:33 /tmp/gateway.store.cache.php updated and reload workers
2014-09-30 23:51:34 /tmp/gateway.store.cache.php updated and reload workers
2014-09-30 23:51:42 /tmp/gateway.store.cache.php updated and reload workers
2014-09-30 23:51:44 /tmp/gateway.store.cache.php updated and reload workers
2014-09-30 23:51:49 /tmp/gateway.store.cache.php updated and reload workers
2014-09-30 23:51:50 /tmp/gateway.store.cache.php updated and reload workers
2014-09-30 23:52:27 /tmp/gateway.store.cache.php updated and reload workers
2014-09-30 23:53:29 /tmp/gateway.store.cache.php updated and reload workers
2014-09-30 23:57:07 /tmp/gateway.store.cache.php updated and reload workers
2014-09-30 23:57:39 /tmp/gateway.store.cache.php updated and reload workers
2014-09-30 23:59:45 /tmp/gateway.store.cache.php updated and reload workers
2014-09-30 23:59:56 /tmp/gateway.store.cache.php updated and reload workers
2014-09-30 23:59:57 /tmp/gateway.store.cache.php updated and reload workers
