2014-09-17 14:22:10 Server:Workerman is starting ...
2014-09-17 14:22:10 Server:[1A
[KWorkerman start success ...[0m
2014-09-17 19:10:18 /tmp/gateway.store.cache.php updated and reload workers
2014-09-17 19:10:19 /tmp/gateway.store.cache.php updated and reload workers
2014-09-17 19:11:09 /tmp/gateway.store.cache.php updated and reload workers
2014-09-17 20:05:06 /tmp/gateway.store.cache.php updated and reload workers
2014-09-17 20:17:40 /tmp/gateway.store.cache.php updated and reload workers
2014-09-17 20:17:42 /tmp/gateway.store.cache.php updated and reload workers
2014-09-17 20:17:50 /tmp/gateway.store.cache.php updated and reload workers
2014-09-17 20:18:46 /tmp/gateway.store.cache.php updated and reload workers
2014-09-17 20:18:59 /tmp/gateway.store.cache.php updated and reload workers
2014-09-17 20:42:25 /tmp/gateway.store.cache.php updated and reload workers
2014-09-17 20:42:33 /tmp/gateway.store.cache.php updated and reload workers
2014-09-17 20:42:51 /tmp/gateway.store.cache.php updated and reload workers
2014-09-17 20:42:52 /tmp/gateway.store.cache.php updated and reload workers
2014-09-17 20:42:54 /tmp/gateway.store.cache.php updated and reload workers
2014-09-17 20:42:55 /tmp/gateway.store.cache.php updated and reload workers
2014-09-17 21:11:54 /tmp/gateway.store.cache.php updated and reload workers
2014-09-17 21:20:52 /tmp/gateway.store.cache.php updated and reload workers
2014-09-17 21:23:15 Worker[FileMonitor]:terminal closed and reset workers fd
2014-09-17 23:51:27 Server:Workerman is starting ...
2014-09-17 23:51:27 Server:[1A
[KWorkerman start success ...[0m
2014-09-17 23:51:39 /tmp/gateway.store.cache.php updated and reload workers
2014-09-17 23:51:42 /tmp/gateway.store.cache.php updated and reload workers
2014-09-17 23:51:43 /tmp/gateway.store.cache.php updated and reload workers
2014-09-17 23:56:06 /tmp/gateway.store.cache.php updated and reload workers
2014-09-17 23:56:08 /tmp/gateway.store.cache.php updated and reload workers
2014-09-17 23:56:11 /tmp/gateway.store.cache.php updated and reload workers
2014-09-17 23:56:15 /tmp/gateway.store.cache.php updated and reload workers
2014-09-17 23:56:20 /tmp/gateway.store.cache.php updated and reload workers
2014-09-17 23:56:21 /tmp/gateway.store.cache.php updated and reload workers
2014-09-17 23:56:25 /tmp/gateway.store.cache.php updated and reload workers
2014-09-17 23:56:27 /tmp/gateway.store.cache.php updated and reload workers
2014-09-17 23:56:29 /tmp/gateway.store.cache.php updated and reload workers
