2014-10-31 00:04:15 Server:Workerman is starting ...
2014-10-31 00:04:15 Server:[1A
[KWorkerman start success ...[0m
2014-10-31 00:05:42 /tmp/gateway.store.cache.php updated and reload workers
2014-10-31 00:05:55 /tmp/gateway.store.cache.php updated and reload workers
2014-10-31 00:05:56 /tmp/gateway.store.cache.php updated and reload workers
2014-10-31 00:08:44 /tmp/gateway.store.cache.php updated and reload workers
2014-10-31 00:09:06 /tmp/gateway.store.cache.php updated and reload workers
2014-10-31 00:16:19 /tmp/gateway.store.cache.php updated and reload workers
2014-10-31 00:17:51 /tmp/gateway.store.cache.php updated and reload workers
2014-10-31 00:20:58 /tmp/gateway.store.cache.php updated and reload workers
2014-10-31 00:21:00 /tmp/gateway.store.cache.php updated and reload workers
2014-10-31 00:21:17 /tmp/gateway.store.cache.php updated and reload workers
2014-10-31 00:21:18 /tmp/gateway.store.cache.php updated and reload workers
2014-10-31 00:21:20 /tmp/gateway.store.cache.php updated and reload workers
2014-10-31 00:21:21 /tmp/gateway.store.cache.php updated and reload workers
2014-10-31 00:21:34 /tmp/gateway.store.cache.php updated and reload workers
2014-10-31 00:29:59 /tmp/gateway.store.cache.php updated and reload workers
2014-10-31 00:35:56 /tmp/gateway.store.cache.php updated and reload workers
2014-10-31 00:36:02 /tmp/gateway.store.cache.php updated and reload workers
2014-10-31 00:37:28 /tmp/gateway.store.cache.php updated and reload workers
2014-10-31 00:38:05 /tmp/gateway.store.cache.php updated and reload workers
2014-10-31 00:38:10 /tmp/gateway.store.cache.php updated and reload workers
2014-10-31 00:40:34 /tmp/gateway.store.cache.php updated and reload workers
2014-10-31 00:40:35 /tmp/gateway.store.cache.php updated and reload workers
2014-10-31 00:41:30 /tmp/gateway.store.cache.php updated and reload workers
2014-10-31 00:45:38 /tmp/gateway.store.cache.php updated and reload workers
2014-10-31 00:55:14 /var/www/html/nws_v2/websocket/applications/Chat/Event.php updated and reload workers
2014-10-31 00:55:17 /var/www/html/nws_v2/websocket/applications/Chat/Event.php updated and reload workers
2014-10-31 00:58:09 /var/www/html/nws_v2/websocket/applications/Chat/Event.php updated and reload workers
2014-10-31 00:58:19 /var/www/html/nws_v2/websocket/applications/Chat/Event.php updated and reload workers
2014-10-31 00:58:52 /var/www/html/nws_v2/websocket/applications/Chat/Event.php updated and reload workers
2014-10-31 00:58:57 /var/www/html/nws_v2/websocket/applications/Chat/Event.php updated and reload workers
2014-10-31 00:59:19 /var/www/html/nws_v2/websocket/applications/Chat/Event.php updated and reload workers
2014-10-31 00:59:24 /var/www/html/nws_v2/websocket/applications/Chat/Event.php updated and reload workers
2014-10-31 00:59:34 /var/www/html/nws_v2/websocket/applications/Chat/Event.php updated and reload workers
2014-10-31 00:59:46 /var/www/html/nws_v2/websocket/applications/Chat/Event.php updated and reload workers
2014-10-31 00:59:57 /var/www/html/nws_v2/websocket/applications/Chat/Event.php updated and reload workers
2014-10-31 01:00:00 /var/www/html/nws_v2/websocket/applications/Chat/Event.php updated and reload workers
2014-10-31 01:00:07 /var/www/html/nws_v2/websocket/applications/Chat/Event.php updated and reload workers
2014-10-31 01:00:10 /var/www/html/nws_v2/websocket/applications/Chat/Event.php updated and reload workers
2014-10-31 01:00:37 /tmp/gateway.store.cache.php updated and reload workers
2014-10-31 01:01:54 /tmp/gateway.store.cache.php updated and reload workers
2014-10-31 01:02:10 /tmp/gateway.store.cache.php updated and reload workers
2014-10-31 01:02:11 /tmp/gateway.store.cache.php updated and reload workers
2014-10-31 01:03:57 /tmp/gateway.store.cache.php updated and reload workers
2014-10-31 01:06:50 /tmp/gateway.store.cache.php updated and reload workers
2014-10-31 01:08:54 /tmp/gateway.store.cache.php updated and reload workers
2014-10-31 01:08:55 /tmp/gateway.store.cache.php updated and reload workers
2014-10-31 01:21:12 /tmp/gateway.store.cache.php updated and reload workers
2014-10-31 01:27:32 /tmp/gateway.store.cache.php updated and reload workers
2014-10-31 01:27:32 Worker[FileMonitor]:terminal closed and reset workers fd
2014-10-31 14:47:32 Server:Workerman is starting ...
2014-10-31 14:47:33 Server:[1A
[KWorkerman start success ...[0m
2014-10-31 14:48:27 /tmp/gateway.store.cache.php updated and reload workers
2014-10-31 14:49:33 /tmp/gateway.store.cache.php updated and reload workers
2014-10-31 14:49:51 /tmp/gateway.store.cache.php updated and reload workers
2014-10-31 14:50:45 /tmp/gateway.store.cache.php updated and reload workers
2014-10-31 14:50:46 /tmp/gateway.store.cache.php updated and reload workers
2014-10-31 14:50:47 /tmp/gateway.store.cache.php updated and reload workers
2014-10-31 14:50:51 /tmp/gateway.store.cache.php updated and reload workers
2014-10-31 14:50:54 /tmp/gateway.store.cache.php updated and reload workers
2014-10-31 14:53:06 /tmp/gateway.store.cache.php updated and reload workers
2014-10-31 14:53:53 /tmp/gateway.store.cache.php updated and reload workers
2014-10-31 15:00:03 /tmp/gateway.store.cache.php updated and reload workers
2014-10-31 15:00:11 /tmp/gateway.store.cache.php updated and reload workers
2014-10-31 15:00:12 /tmp/gateway.store.cache.php updated and reload workers
2014-10-31 15:00:34 /tmp/gateway.store.cache.php updated and reload workers
2014-10-31 15:00:36 /tmp/gateway.store.cache.php updated and reload workers
2014-10-31 15:00:49 /tmp/gateway.store.cache.php updated and reload workers
2014-10-31 15:01:03 /tmp/gateway.store.cache.php updated and reload workers
2014-10-31 15:01:07 /tmp/gateway.store.cache.php updated and reload workers
2014-10-31 15:01:16 /tmp/gateway.store.cache.php updated and reload workers
2014-10-31 15:09:27 /tmp/gateway.store.cache.php updated and reload workers
2014-10-31 15:09:33 /tmp/gateway.store.cache.php updated and reload workers
2014-10-31 15:09:44 /tmp/gateway.store.cache.php updated and reload workers
2014-10-31 15:09:52 /tmp/gateway.store.cache.php updated and reload workers
2014-10-31 15:10:39 /tmp/gateway.store.cache.php updated and reload workers
2014-10-31 15:11:14 /tmp/gateway.store.cache.php updated and reload workers
2014-10-31 15:11:27 /tmp/gateway.store.cache.php updated and reload workers
2014-10-31 15:11:32 /tmp/gateway.store.cache.php updated and reload workers
2014-10-31 15:11:35 /tmp/gateway.store.cache.php updated and reload workers
2014-10-31 15:12:03 /tmp/gateway.store.cache.php updated and reload workers
2014-10-31 15:12:10 /tmp/gateway.store.cache.php updated and reload workers
2014-10-31 15:12:31 /tmp/gateway.store.cache.php updated and reload workers
2014-10-31 15:12:36 /tmp/gateway.store.cache.php updated and reload workers
2014-10-31 15:13:08 /tmp/gateway.store.cache.php updated and reload workers
2014-10-31 15:13:12 /tmp/gateway.store.cache.php updated and reload workers
2014-10-31 15:13:20 /tmp/gateway.store.cache.php updated and reload workers
2014-10-31 15:14:12 /tmp/gateway.store.cache.php updated and reload workers
2014-10-31 15:14:17 /tmp/gateway.store.cache.php updated and reload workers
2014-10-31 15:14:24 /tmp/gateway.store.cache.php updated and reload workers
2014-10-31 15:14:41 /tmp/gateway.store.cache.php updated and reload workers
2014-10-31 15:14:47 /tmp/gateway.store.cache.php updated and reload workers
2014-10-31 15:14:56 /tmp/gateway.store.cache.php updated and reload workers
2014-10-31 15:15:03 /tmp/gateway.store.cache.php updated and reload workers
2014-10-31 15:22:38 /tmp/gateway.store.cache.php updated and reload workers
2014-10-31 15:23:21 /tmp/gateway.store.cache.php updated and reload workers
2014-10-31 15:25:13 /tmp/gateway.store.cache.php updated and reload workers
2014-10-31 15:25:19 Worker[FileMonitor]:terminal closed and reset workers fd
2014-10-31 17:14:56 Server:Workerman is starting ...
2014-10-31 17:14:56 Server:[1A
[KWorkerman start success ...[0m
2014-10-31 17:15:10 /tmp/gateway.store.cache.php updated and reload workers
2014-10-31 17:15:12 /tmp/gateway.store.cache.php updated and reload workers
2014-10-31 18:58:39 /tmp/gateway.store.cache.php updated and reload workers
2014-10-31 18:58:44 /tmp/gateway.store.cache.php updated and reload workers
2014-10-31 18:59:04 /tmp/gateway.store.cache.php updated and reload workers
2014-10-31 18:59:05 /tmp/gateway.store.cache.php updated and reload workers
2014-10-31 19:10:13 /tmp/gateway.store.cache.php updated and reload workers
2014-10-31 19:10:15 /tmp/gateway.store.cache.php updated and reload workers
2014-10-31 19:10:16 /tmp/group.store.cache.php updated and reload workers
2014-10-31 20:54:44 /tmp/gateway.store.cache.php updated and reload workers
2014-10-31 20:54:45 Server:worker[1639:BusinessWorker] exit with status 12
2014-10-31 20:54:45 Server:worker[1646:BusinessWorker] exit with status 12
2014-10-31 20:54:45 Server:worker[1648:StatisticProvider] exit with status 12
2014-10-31 20:54:45 Server:worker[1651:BusinessWorker] exit with status 12
2014-10-31 20:54:45 Server:worker[1653:ChatWeb] exit with status 12
2014-10-31 20:54:45 Server:worker[1654:Monitor] exit with status 12
2014-10-31 20:54:45 Server:worker[1655:BusinessWorker] exit with status 12
2014-10-31 20:54:45 Server:worker[1658:StatisticWorker] exit with status 12
2014-10-31 20:54:45 Server:worker[1660:StatisticWeb] exit with status 12
2014-10-31 21:01:02 Worker[FileMonitor]:terminal closed and reset workers fd
2014-10-31 21:16:51 /tmp/gateway.store.cache.php updated and reload workers
