2014-09-04 09:52:23 Server:Workerman is starting ...
2014-09-04 09:52:23 Server:[1A
[KWorkerman start success ...[0m
2014-09-04 09:52:31 /tmp/gateway.store.cache.php updated and reload workers
2014-09-04 09:52:34 /tmp/gateway.store.cache.php updated and reload workers
2014-09-04 09:52:35 /tmp/gateway.store.cache.php updated and reload workers
2014-09-04 09:58:20 /tmp/gateway.store.cache.php updated and reload workers
2014-09-04 10:03:23 Worker[FileMonitor]:terminal closed and reset workers fd
2014-09-04 18:19:07 Server:Workerman is starting ...
2014-09-04 18:19:07 Server:[1A
[KWorkerman start success ...[0m
2014-09-04 18:19:15 /tmp/gateway.store.cache.php updated and reload workers
2014-09-04 18:19:18 /tmp/gateway.store.cache.php updated and reload workers
2014-09-04 18:19:19 /tmp/gateway.store.cache.php updated and reload workers
2014-09-04 19:35:21 /tmp/gateway.store.cache.php updated and reload workers
2014-09-04 19:35:25 /tmp/gateway.store.cache.php updated and reload workers
2014-09-04 19:35:27 /tmp/gateway.store.cache.php updated and reload workers
2014-09-04 19:35:35 /tmp/gateway.store.cache.php updated and reload workers
2014-09-04 19:35:37 /tmp/gateway.store.cache.php updated and reload workers
2014-09-04 19:36:20 /tmp/gateway.store.cache.php updated and reload workers
2014-09-04 19:37:33 /tmp/gateway.store.cache.php updated and reload workers
2014-09-04 19:37:37 /tmp/gateway.store.cache.php updated and reload workers
2014-09-04 19:51:49 /tmp/gateway.store.cache.php updated and reload workers
2014-09-04 19:51:50 /tmp/gateway.store.cache.php updated and reload workers
2014-09-04 19:52:41 /tmp/gateway.store.cache.php updated and reload workers
2014-09-04 20:20:20 /tmp/gateway.store.cache.php updated and reload workers
2014-09-04 20:21:08 /tmp/gateway.store.cache.php updated and reload workers
2014-09-04 21:19:22 /tmp/gateway.store.cache.php updated and reload workers
2014-09-04 21:19:25 /tmp/gateway.store.cache.php updated and reload workers
2014-09-04 21:19:27 /tmp/gateway.store.cache.php updated and reload workers
2014-09-04 22:02:40 Worker[BusinessWorker]:WORKER EXIT UNEXPECTED  E_NOTICE Undefined index: key in /var/www/html/nws_v2/websocket/applications/Chat/Event.php on line 184
2014-09-04 22:02:41 /tmp/gateway.store.cache.php updated and reload workers
2014-09-04 22:02:41 Worker[FileMonitor]:terminal closed and reset workers fd
2014-09-04 22:03:27 Server:Workerman is starting ...
2014-09-04 22:03:27 Server:[33;40mWorkerman already started[0m
2014-09-04 22:03:39 /tmp/gateway.store.cache.php updated and reload workers
2014-09-04 22:03:40 /tmp/gateway.store.cache.php updated and reload workers
2014-09-04 22:15:53 /tmp/gateway.store.cache.php updated and reload workers
