2014-10-26 19:19:07 Server:Workerman is starting ...
2014-10-26 19:19:07 Server:[1A
[KWorkerman start success ...[0m
2014-10-26 19:24:14 /tmp/gateway.store.cache.php updated and reload workers
2014-10-26 19:24:16 /tmp/gateway.store.cache.php updated and reload workers
2014-10-26 19:24:17 /tmp/gateway.store.cache.php updated and reload workers
2014-10-26 19:26:53 /tmp/gateway.store.cache.php updated and reload workers
2014-10-26 19:26:57 /tmp/gateway.store.cache.php updated and reload workers
2014-10-26 19:28:19 /tmp/gateway.store.cache.php updated and reload workers
2014-10-26 19:28:27 /tmp/gateway.store.cache.php updated and reload workers
2014-10-26 19:32:20 /tmp/gateway.store.cache.php updated and reload workers
2014-10-26 19:32:34 /tmp/gateway.store.cache.php updated and reload workers
2014-10-26 19:32:58 /tmp/gateway.store.cache.php updated and reload workers
2014-10-26 19:32:59 /tmp/gateway.store.cache.php updated and reload workers
2014-10-26 19:33:00 /tmp/gateway.store.cache.php updated and reload workers
2014-10-26 19:35:02 /tmp/gateway.store.cache.php updated and reload workers
2014-10-26 19:46:31 /tmp/gateway.store.cache.php updated and reload workers
2014-10-26 19:49:25 /tmp/gateway.store.cache.php updated and reload workers
2014-10-26 20:18:27 /tmp/gateway.store.cache.php updated and reload workers
2014-10-26 20:18:28 /tmp/gateway.store.cache.php updated and reload workers
2014-10-26 20:18:29 /tmp/gateway.store.cache.php updated and reload workers
2014-10-26 20:18:30 /tmp/gateway.store.cache.php updated and reload workers
2014-10-26 20:18:52 /tmp/gateway.store.cache.php updated and reload workers
2014-10-26 20:19:19 /tmp/gateway.store.cache.php updated and reload workers
2014-10-26 20:19:41 /tmp/gateway.store.cache.php updated and reload workers
2014-10-26 20:19:42 /tmp/gateway.store.cache.php updated and reload workers
2014-10-26 20:19:57 /tmp/gateway.store.cache.php updated and reload workers
2014-10-26 20:19:58 /tmp/gateway.store.cache.php updated and reload workers
2014-10-26 20:20:19 /tmp/gateway.store.cache.php updated and reload workers
2014-10-26 20:20:22 /tmp/gateway.store.cache.php updated and reload workers
2014-10-26 20:20:47 /tmp/gateway.store.cache.php updated and reload workers
2014-10-26 20:20:48 /tmp/gateway.store.cache.php updated and reload workers
2014-10-26 20:20:49 /tmp/gateway.store.cache.php updated and reload workers
2014-10-26 20:23:59 /tmp/gateway.store.cache.php updated and reload workers
2014-10-26 20:24:12 /tmp/gateway.store.cache.php updated and reload workers
2014-10-26 20:25:50 /tmp/gateway.store.cache.php updated and reload workers
2014-10-26 20:25:53 /tmp/gateway.store.cache.php updated and reload workers
2014-10-26 20:26:15 /tmp/gateway.store.cache.php updated and reload workers
2014-10-26 20:26:42 /tmp/gateway.store.cache.php updated and reload workers
2014-10-26 20:27:39 /tmp/gateway.store.cache.php updated and reload workers
2014-10-26 20:27:50 /tmp/gateway.store.cache.php updated and reload workers
2014-10-26 20:28:15 Server:Workerman is shutting down
2014-10-26 20:28:15 Server:Workerman stoped
2014-10-26 20:28:43 Server:Workerman is starting ...
2014-10-26 20:28:43 Server:[1A
[KWorkerman start success ...[0m
2014-10-26 20:28:46 /tmp/gateway.store.cache.php updated and reload workers
2014-10-26 20:33:44 /tmp/gateway.store.cache.php updated and reload workers
2014-10-26 20:33:47 /tmp/gateway.store.cache.php updated and reload workers
2014-10-26 20:33:48 /tmp/gateway.store.cache.php updated and reload workers
2014-10-26 20:33:49 /tmp/gateway.store.cache.php updated and reload workers
2014-10-26 20:34:15 /tmp/gateway.store.cache.php updated and reload workers
2014-10-26 20:34:28 /tmp/gateway.store.cache.php updated and reload workers
2014-10-26 20:42:13 /tmp/gateway.store.cache.php updated and reload workers
2014-10-26 20:42:15 /tmp/gateway.store.cache.php updated and reload workers
2014-10-26 20:42:18 /tmp/gateway.store.cache.php updated and reload workers
2014-10-26 21:01:32 /tmp/gateway.store.cache.php updated and reload workers
2014-10-26 21:04:34 /tmp/gateway.store.cache.php updated and reload workers
2014-10-26 21:15:51 /tmp/gateway.store.cache.php updated and reload workers
2014-10-26 21:15:54 /tmp/gateway.store.cache.php updated and reload workers
2014-10-26 21:16:15 /tmp/gateway.store.cache.php updated and reload workers
2014-10-26 21:16:16 /tmp/gateway.store.cache.php updated and reload workers
2014-10-26 21:28:45 /tmp/gateway.store.cache.php updated and reload workers
2014-10-26 21:29:09 Worker[FileMonitor]:terminal closed and reset workers fd
2014-10-26 21:29:31 /tmp/gateway.store.cache.php updated and reload workers
2014-10-26 23:27:01 Server:Workerman is starting ...
2014-10-26 23:27:01 Server:[1A
[KWorkerman start success ...[0m
2014-10-26 23:27:25 Server:Workerman is shutting down
2014-10-26 23:27:25 Server:Workerman stoped
2014-10-26 23:27:34 Server:Workerman is starting ...
2014-10-26 23:27:34 Server:[1A
[KWorkerman start success ...[0m
2014-10-26 23:32:34 /tmp/gateway.store.cache.php updated and reload workers
2014-10-26 23:36:16 /tmp/gateway.store.cache.php updated and reload workers
2014-10-26 23:38:32 /var/www/html/nws_v2/websocket/applications/Chat/Event.php updated and reload workers
2014-10-26 23:41:06 /var/www/html/nws_v2/websocket/applications/Chat/Event.php updated and reload workers
2014-10-26 23:41:08 /var/www/html/nws_v2/websocket/applications/Chat/Event.php updated and reload workers
2014-10-26 23:54:13 /var/www/html/nws_v2/websocket/applications/Chat/Event.php updated and reload workers
2014-10-26 23:54:21 /var/www/html/nws_v2/websocket/applications/Chat/Event.php updated and reload workers
2014-10-26 23:54:48 /var/www/html/nws_v2/websocket/applications/Chat/Event.php updated and reload workers
2014-10-26 23:54:51 /var/www/html/nws_v2/websocket/applications/Chat/Event.php updated and reload workers
