2014-10-30 00:04:25 /tmp/gateway.store.cache.php updated and reload workers
2014-10-30 00:04:26 /tmp/gateway.store.cache.php updated and reload workers
2014-10-30 00:05:24 /tmp/gateway.store.cache.php updated and reload workers
2014-10-30 00:05:25 /tmp/gateway.store.cache.php updated and reload workers
2014-10-30 00:11:38 Worker[BusinessWorker]:WORKER EXIT UNEXPECTED  E_WARNING file_get_contents(/var/run/workerman-chat.pid): failed to open stream: No such file or directory in /var/www/html/nws_v2/websocket/workerman/Core/Lib/Checker.php on line 276
2014-10-30 00:11:39 /tmp/gateway.store.cache.php updated and reload workers
2014-10-30 00:11:39 Worker[FileMonitor]:terminal closed and reset workers fd
2014-10-30 09:39:31 Server:Workerman is starting ...
2014-10-30 09:39:31 Server:[1A
[KWorkerman start success ...[0m
2014-10-30 10:45:37 /tmp/gateway.store.cache.php updated and reload workers
2014-10-30 10:45:39 /tmp/gateway.store.cache.php updated and reload workers
2014-10-30 10:45:40 /tmp/gateway.store.cache.php updated and reload workers
2014-10-30 10:50:46 /tmp/gateway.store.cache.php updated and reload workers
2014-10-30 10:59:45 /tmp/gateway.store.cache.php updated and reload workers
2014-10-30 11:02:08 /tmp/gateway.store.cache.php updated and reload workers
2014-10-30 11:05:20 /tmp/gateway.store.cache.php updated and reload workers
2014-10-30 11:24:21 /tmp/gateway.store.cache.php updated and reload workers
2014-10-30 11:24:27 /tmp/gateway.store.cache.php updated and reload workers
2014-10-30 11:24:28 /tmp/gateway.store.cache.php updated and reload workers
2014-10-30 11:46:06 /tmp/gateway.store.cache.php updated and reload workers
2014-10-30 11:46:07 /tmp/gateway.store.cache.php updated and reload workers
2014-10-30 11:46:28 /tmp/gateway.store.cache.php updated and reload workers
2014-10-30 11:48:58 /tmp/gateway.store.cache.php updated and reload workers
2014-10-30 11:49:01 /tmp/gateway.store.cache.php updated and reload workers
2014-10-30 11:49:03 /tmp/gateway.store.cache.php updated and reload workers
2014-10-30 11:49:04 /tmp/gateway.store.cache.php updated and reload workers
2014-10-30 11:54:45 /tmp/gateway.store.cache.php updated and reload workers
2014-10-30 11:54:48 /tmp/gateway.store.cache.php updated and reload workers
