2014-08-24 01:02:00 /tmp/gateway.store.cache.php updated and reload workers
2014-08-24 01:02:07 /tmp/gateway.store.cache.php updated and reload workers
2014-08-24 01:02:12 Worker[FileMonitor]:terminal closed and reset workers fd
2014-08-24 22:34:15 Server:Workerman is starting ...
2014-08-24 22:34:15 Server:[1A
[KWorkerman start success ...[0m
2014-08-24 22:34:21 /tmp/gateway.store.cache.php updated and reload workers
2014-08-24 22:34:24 /tmp/gateway.store.cache.php updated and reload workers
2014-08-24 22:34:44 /tmp/gateway.store.cache.php updated and reload workers
2014-08-24 22:34:49 /tmp/gateway.store.cache.php updated and reload workers
2014-08-24 22:34:51 /tmp/gateway.store.cache.php updated and reload workers
2014-08-24 22:39:54 /tmp/gateway.store.cache.php updated and reload workers
2014-08-24 22:40:20 /tmp/gateway.store.cache.php updated and reload workers
2014-08-24 22:41:51 /tmp/gateway.store.cache.php updated and reload workers
2014-08-24 22:42:28 /tmp/gateway.store.cache.php updated and reload workers
2014-08-24 22:42:33 /tmp/gateway.store.cache.php updated and reload workers
2014-08-24 22:42:36 /tmp/gateway.store.cache.php updated and reload workers
2014-08-24 22:42:43 /tmp/gateway.store.cache.php updated and reload workers
2014-08-24 22:42:52 /tmp/gateway.store.cache.php updated and reload workers
2014-08-24 22:42:57 /tmp/gateway.store.cache.php updated and reload workers
2014-08-24 22:43:06 /tmp/gateway.store.cache.php updated and reload workers
2014-08-24 22:43:13 /tmp/gateway.store.cache.php updated and reload workers
2014-08-24 22:43:16 /tmp/gateway.store.cache.php updated and reload workers
2014-08-24 22:43:17 /tmp/gateway.store.cache.php updated and reload workers
2014-08-24 22:43:19 /tmp/gateway.store.cache.php updated and reload workers
2014-08-24 22:43:20 /tmp/gateway.store.cache.php updated and reload workers
2014-08-24 22:43:22 /tmp/gateway.store.cache.php updated and reload workers
2014-08-24 22:43:23 /tmp/gateway.store.cache.php updated and reload workers
2014-08-24 22:43:28 /tmp/gateway.store.cache.php updated and reload workers
2014-08-24 22:43:29 /tmp/gateway.store.cache.php updated and reload workers
2014-08-24 23:26:01 /var/www/html/nws_v2/websocket/applications/Chat/Event.php updated and reload workers
2014-08-24 23:46:45 Worker[FileMonitor]:terminal closed and reset workers fd
2014-08-24 23:46:46 /tmp/gateway.store.cache.php updated and reload workers
